   1              	 .syntax unified
   2              	 .cpu cortex-m4
   3              	 .eabi_attribute 27,3
   4              	 .fpu fpv4-sp-d16
   5              	 .eabi_attribute 20,1
   6              	 .eabi_attribute 21,1
   7              	 .eabi_attribute 23,3
   8              	 .eabi_attribute 24,1
   9              	 .eabi_attribute 25,1
  10              	 .eabi_attribute 26,1
  11              	 .eabi_attribute 30,6
  12              	 .eabi_attribute 34,1
  13              	 .eabi_attribute 18,4
  14              	 .thumb
  15              	 .file "OD.c"
  16              	 .text
  17              	.Ltext0:
  18              	 .cfi_sections .debug_frame
  19              	 .global OD_RAM
  20              	 .section .data.OD_RAM,"aw",%progbits
  21              	 .align 2
  24              	OD_RAM:
  25 0000 92010200 	 .word 131474
  26 0004 00       	 .byte 0
  27 0005 00       	 .byte 0
  28 0006 0000     	 .space 2
  29 0008 00000000 	 .word 0
  30 000c 00000000 	 .word 0
  31 0010 00000000 	 .word 0
  32 0014 00000000 	 .word 0
  33 0018 00000000 	 .word 0
  34 001c 00000000 	 .word 0
  35 0020 00000000 	 .word 0
  36 0024 00000000 	 .word 0
  37 0028 00000000 	 .word 0
  38 002c 00000000 	 .word 0
  39 0030 00000000 	 .word 0
  40 0034 00000000 	 .word 0
  41 0038 00000000 	 .word 0
  42 003c 00000000 	 .word 0
  43 0040 00000000 	 .word 0
  44 0044 00000000 	 .word 0
  45 0048 80000000 	 .word 128
  46 004c 00000000 	 .word 0
  47 0050 57       	 .byte 87
  48 0051 61       	 .byte 97
  49 0052 74       	 .byte 116
  50 0053 00       	 .byte 0
  51 0054 01       	 .byte 1
  52 0055 03       	 .byte 3
  53 0056 03       	 .byte 3
  54 0057 00       	 .space 1
  55 0058 00010080 	 .word -2147483392
  56 005c 00000000 	 .word 0
  57 0060 80000000 	 .word 128
  58 0064 01       	 .byte 1
  59 0065 000000   	 .space 3
  60 0068 00000000 	 .word 0
  61 006c 0000     	 .short 0
  62 006e 0000     	 .space 2
  63 0070 04       	 .byte 4
  64 0071 000000   	 .space 3
  65 0074 9A000000 	 .word 154
  66 0078 23090300 	 .word 198947
  67 007c F4030100 	 .word 66548
  68 0080 03       	 .byte 3
  69 0081 00       	 .byte 0
  70 0082 00       	 .byte 0
  71 0083 01       	 .byte 1
  72 0084 01000000 	 .word 1
  73 0088 02       	 .byte 2
  74 0089 000000   	 .space 3
  75 008c 00060000 	 .word 1536
  76 0090 80050000 	 .word 1408
  77 0094 06       	 .byte 6
  78 0095 000000   	 .space 3
  79 0098 01020000 	 .word 513
  80 009c FF       	 .byte -1
  81 009d 000000   	 .space 3
  82 00a0 06       	 .byte 6
  83 00a1 000000   	 .space 3
  84 00a4 01030000 	 .word 769
  85 00a8 FE       	 .byte -2
  86 00a9 000000   	 .space 3
  87 00ac 06       	 .byte 6
  88 00ad 000000   	 .space 3
  89 00b0 01040000 	 .word 1025
  90 00b4 FF       	 .byte -1
  91 00b5 000000   	 .space 3
  92 00b8 06       	 .byte 6
  93 00b9 000000   	 .space 3
  94 00bc 01050000 	 .word 1281
  95 00c0 FF       	 .byte -1
  96 00c1 000000   	 .space 3
  97 00c4 01       	 .byte 1
  98 00c5 000000   	 .space 3
  99 00c8 10007160 	 .word 1618018320
 100 00cc 01       	 .byte 1
 101 00cd 000000   	 .space 3
 102 00d0 20007A60 	 .word 1618608160
 103 00d4 06       	 .byte 6
 104 00d5 000000   	 .space 3
 105 00d8 81010040 	 .word 1073742209
 106 00dc 00       	 .byte 0
 107 00dd 00       	 .space 1
 108 00de 0000     	 .short 0
 109 00e0 00       	 .byte 0
 110 00e1 00       	 .space 1
 111 00e2 0000     	 .short 0
 112 00e4 00       	 .byte 0
 113 00e5 000000   	 .space 3
 114 00e8 06       	 .byte 6
 115 00e9 000000   	 .space 3
 116 00ec 81020040 	 .word 1073742465
 117 00f0 FE       	 .byte -2
 118 00f1 00       	 .space 1
 119 00f2 0000     	 .short 0
 120 00f4 00       	 .byte 0
 121 00f5 00       	 .space 1
 122 00f6 0000     	 .short 0
 123 00f8 00       	 .byte 0
 124 00f9 000000   	 .space 3
 125 00fc 06       	 .byte 6
 126 00fd 000000   	 .space 3
 127 0100 81030040 	 .word 1073742721
 128 0104 00       	 .byte 0
 129 0105 00       	 .space 1
 130 0106 0000     	 .short 0
 131 0108 00       	 .byte 0
 132 0109 00       	 .space 1
 133 010a 0000     	 .short 0
 134 010c 00       	 .byte 0
 135 010d 000000   	 .space 3
 136 0110 06       	 .byte 6
 137 0111 000000   	 .space 3
 138 0114 81040040 	 .word 1073742977
 139 0118 00       	 .byte 0
 140 0119 00       	 .space 1
 141 011a 0000     	 .short 0
 142 011c 00       	 .byte 0
 143 011d 00       	 .space 1
 144 011e 0000     	 .short 0
 145 0120 00       	 .byte 0
 146 0121 000000   	 .space 3
 147 0124 01       	 .byte 1
 148 0125 000000   	 .space 3
 149 0128 10007760 	 .word 1618411536
 150 012c 01       	 .byte 1
 151 012d 000000   	 .space 3
 152 0130 10007460 	 .word 1618214928
 153 0134 80       	 .byte -128
 154 0135 000000   	 .space 3
 155 0138 00000000 	 .word 0
 156 013c 18       	 .byte 24
 157 013d 18       	 .byte 24
 158 013e FE       	 .byte -2
 159 013f 00       	 .space 1
 160 0140 0000     	 .short 0
 161 0142 04       	 .byte 4
 162 0143 00       	 .space 1
 163 0144 00000000 	 .word 0
 164 0148 00000080 	 .word -2147483648
 165 014c 00000000 	 .word 0
 166 0150 00000000 	 .word 0
 167 0154 7F00     	 .short 127
 168 0156 FF0F     	 .short 4095
 169 0158 02       	 .byte 2
 170 0159 00       	 .space 1
 171 015a 0000     	 .short 0
 172 015c 0000     	 .short 0
 173 015e 0200     	 .short 2
 174 0160 0000     	 .short 0
 175 0162 0000     	 .short 0
 176 0164 0100     	 .short 1
 177 0166 0000     	 .short 0
 178 0168 FF       	 .byte -1
 179 0169 FF       	 .byte -1
 180 016a 0000     	 .space 2
 181 016c 00000000 	 .word 0
 182 0170 00000000 	 .word 0
 183 0174 1400     	 .short 20
 184 0176 0000     	 .space 2
 185 0178 64000000 	 .word 100
 186 017c 1400     	 .short 20
 187 017e 0000     	 .short 0
 188 0180 0000     	 .short 0
 189 0182 0000     	 .short 0
 190 0184 0000     	 .short 0
 191 0186 0000     	 .space 2
 192 0188 00000000 	 .word 0
 193 018c 00000000 	 .word 0
 194 0190 0000     	 .short 0
 195 0192 0000     	 .short 0
 196 0194 00000000 	 .word 0
 197 0198 00000000 	 .word 0
 198 019c 02       	 .byte 2
 199 019d 000000   	 .space 3
 200 01a0 00000000 	 .word 0
 201 01a4 00000000 	 .word 0
 202 01a8 02       	 .byte 2
 203 01a9 000000   	 .space 3
 204 01ac 00000000 	 .word 0
 205 01b0 00000000 	 .word 0
 206 01b4 00       	 .byte 0
 207 01b5 000000   	 .space 3
 208 01b8 00000000 	 .word 0
 209 01bc 0000     	 .short 0
 210 01be 0000     	 .space 2
 211 01c0 80969800 	 .word 10000000
 212 01c4 0000     	 .short 0
 213 01c6 00       	 .byte 0
 214 01c7 00       	 .byte 0
 215 01c8 02       	 .byte 2
 216 01c9 000000   	 .space 3
 217 01cc 01000000 	 .word 1
 218 01d0 01000000 	 .word 1
 219 01d4 02       	 .byte 2
 220 01d5 000000   	 .space 3
 221 01d8 01000000 	 .word 1
 222 01dc 01000000 	 .word 1
 223 01e0 02       	 .byte 2
 224 01e1 000000   	 .space 3
 225 01e4 00000000 	 .word 0
 226 01e8 00000000 	 .word 0
 227 01ec 02       	 .byte 2
 228 01ed 000000   	 .space 3
 229 01f0 00000000 	 .word 0
 230 01f4 00000000 	 .word 0
 231 01f8 02       	 .byte 2
 232 01f9 000000   	 .space 3
 233 01fc 01000000 	 .word 1
 234 0200 01000000 	 .word 1
 235 0204 02       	 .byte 2
 236 0205 000000   	 .space 3
 237 0208 01000000 	 .word 1
 238 020c 01000000 	 .word 1
 239 0210 02       	 .byte 2
 240 0211 000000   	 .space 3
 241 0214 01000000 	 .word 1
 242 0218 01000000 	 .word 1
 243 021c 02       	 .byte 2
 244 021d 000000   	 .space 3
 245 0220 01000000 	 .word 1
 246 0224 01000000 	 .word 1
 247 0228 02       	 .byte 2
 248 0229 000000   	 .space 3
 249 022c 01000000 	 .word 1
 250 0230 01000000 	 .word 1
 251 0234 0000     	 .short 0
 252 0236 01       	 .byte 1
 253 0237 02       	 .byte 2
 254 0238 01       	 .byte 1
 255 0239 FD       	 .byte -3
 256 023a 02       	 .byte 2
 257 023b 00       	 .byte 0
 258 023c 01       	 .byte 1
 259 023d 000000   	 .space 3
 260 0240 06       	 .byte 6
 261 0241 000000   	 .space 3
 262 0244 01000000 	 .word 1
 263 0248 00000000 	 .word 0
 264 024c 00       	 .byte 0
 265 024d 00       	 .space 1
 266 024e 0100     	 .short 1
 267 0250 01       	 .byte 1
 268 0251 00       	 .byte 0
 269 0252 0000     	 .space 2
 270 0254 0000     	 .short 0
 271 0256 0000     	 .space 2
 272 0258 00000000 	 .word 0
 273 025c 00000000 	 .word 0
 274 0260 00000000 	 .word 0
 275 0264 00000000 	 .word 0
 276 0268 57       	 .byte 87
 277 0269 41       	 .byte 65
 278 026a 54       	 .byte 84
 279 026b 20       	 .byte 32
 280 026c 4D       	 .byte 77
 281 026d 6F       	 .byte 111
 282 026e 74       	 .byte 116
 283 026f 6F       	 .byte 111
 284 0270 72       	 .byte 114
 285 0271 20       	 .byte 32
 286 0272 43       	 .byte 67
 287 0273 6F       	 .byte 111
 288 0274 6D       	 .byte 109
 289 0275 70       	 .byte 112
 290 0276 61       	 .byte 97
 291 0277 6E       	 .byte 110
 292 0278 79       	 .byte 121
 293 0279 00       	 .byte 0
 294 027a 00       	 .byte 0
 295 027b 00       	 .byte 0
 296 027c 00       	 .byte 0
 297 027d 00       	 .byte 0
 298 027e 00       	 .byte 0
 299 027f 00       	 .byte 0
 300 0280 65000000 	 .word 101
 301 0284 57       	 .byte 87
 302 0285 41       	 .byte 65
 303 0286 54       	 .byte 84
 304 0287 20       	 .byte 32
 305 0288 4D       	 .byte 77
 306 0289 6F       	 .byte 111
 307 028a 74       	 .byte 116
 308 028b 6F       	 .byte 111
 309 028c 72       	 .byte 114
 310 028d 20       	 .byte 32
 311 028e 43       	 .byte 67
 312 028f 6F       	 .byte 111
 313 0290 6D       	 .byte 109
 314 0291 70       	 .byte 112
 315 0292 61       	 .byte 97
 316 0293 6E       	 .byte 110
 317 0294 79       	 .byte 121
 318 0295 00       	 .byte 0
 319 0296 77       	 .byte 119
 320 0297 77       	 .byte 119
 321 0298 77       	 .byte 119
 322 0299 2E       	 .byte 46
 323 029a 77       	 .byte 119
 324 029b 61       	 .byte 97
 325 029c 74       	 .byte 116
 326 029d 2E       	 .byte 46
 327 029e 63       	 .byte 99
 328 029f 6F       	 .byte 111
 329 02a0 6D       	 .byte 109
 330 02a1 2E       	 .byte 46
 331 02a2 74       	 .byte 116
 332 02a3 72       	 .byte 114
 333 02a4 00       	 .byte 0
 334 02a5 000000   	 .space 3
 335              	 .global OD_PERSIST_COMM
 336              	 .section .data.OD_PERSIST_COMM,"aw",%progbits
 337              	 .align 2
 340              	OD_PERSIST_COMM:
 341 0000 00000000 	 .word 0
 342 0004 0000     	 .short 0
 343 0006 00       	 .byte 0
 344 0007 00       	 .space 1
 345 0008 03       	 .byte 3
 346 0009 000000   	 .space 3
 347 000c 00000080 	 .word -2147483648
 348 0010 00000080 	 .word -2147483648
 349 0014 01       	 .byte 1
 350 0015 000000   	 .space 3
 351              	 .section .rodata.ODObjs,"a",%progbits
 352              	 .align 2
 355              	ODObjs:
 356 0000 00000000 	 .word OD_RAM
 357 0004 41       	 .byte 65
 358 0005 000000   	 .space 3
 359 0008 04000000 	 .word 4
 360 000c 04000000 	 .word OD_RAM+4
 361 0010 01       	 .byte 1
 362 0011 000000   	 .space 3
 363 0014 01000000 	 .word 1
 364 0018 00000000 	 .word 0
 365 001c 45       	 .byte 69
 366 001d 000000   	 .space 3
 367 0020 04000000 	 .word 4
 368 0024 05000000 	 .word OD_RAM+5
 369 0028 08000000 	 .word OD_RAM+8
 370 002c 43       	 .byte 67
 371 002d 41       	 .byte 65
 372 002e 0000     	 .space 2
 373 0030 04000000 	 .word 4
 374 0034 04000000 	 .word 4
 375 0038 48000000 	 .word OD_RAM+72
 376 003c 41       	 .byte 65
 377 003d 000000   	 .space 3
 378 0040 04000000 	 .word 4
 379 0044 4C000000 	 .word OD_RAM+76
 380 0048 41       	 .byte 65
 381 0049 000000   	 .space 3
 382 004c 04000000 	 .word 4
 383 0050 00000000 	 .word OD_PERSIST_COMM
 384 0054 43       	 .byte 67
 385 0055 000000   	 .space 3
 386 0058 04000000 	 .word 4
 387 005c 50000000 	 .word OD_RAM+80
 388 0060 81       	 .byte -127
 389 0061 000000   	 .space 3
 390 0064 03000000 	 .word 3
 391 0068 00000000 	 .word 0
 392 006c 81       	 .byte -127
 393 006d 000000   	 .space 3
 394 0070 00000000 	 .word 0
 395 0074 00000000 	 .word 0
 396 0078 81       	 .byte -127
 397 0079 000000   	 .space 3
 398 007c 00000000 	 .word 0
 399 0080 54000000 	 .word OD_RAM+84
 400 0084 01       	 .byte 1
 401 0085 000000   	 .space 3
 402 0088 01000000 	 .word 1
 403 008c 55000000 	 .word OD_RAM+85
 404 0090 00000000 	 .word 0
 405 0094 41       	 .byte 65
 406 0095 43       	 .byte 67
 407 0096 0000     	 .space 2
 408 0098 04000000 	 .word 4
 409 009c 04000000 	 .word 4
 410 00a0 56000000 	 .word OD_RAM+86
 411 00a4 00000000 	 .word 0
 412 00a8 41       	 .byte 65
 413 00a9 43       	 .byte 67
 414 00aa 0000     	 .space 2
 415 00ac 04000000 	 .word 4
 416 00b0 04000000 	 .word 4
 417 00b4 58000000 	 .word OD_RAM+88
 418 00b8 41       	 .byte 65
 419 00b9 000000   	 .space 3
 420 00bc 04000000 	 .word 4
 421 00c0 5C000000 	 .word OD_RAM+92
 422 00c4 41       	 .byte 65
 423 00c5 000000   	 .space 3
 424 00c8 04000000 	 .word 4
 425 00cc 60000000 	 .word OD_RAM+96
 426 00d0 41       	 .byte 65
 427 00d1 000000   	 .space 3
 428 00d4 04000000 	 .word 4
 429 00d8 04000000 	 .word OD_PERSIST_COMM+4
 430 00dc 43       	 .byte 67
 431 00dd 000000   	 .space 3
 432 00e0 02000000 	 .word 2
 433 00e4 64000000 	 .word OD_RAM+100
 434 00e8 68000000 	 .word OD_RAM+104
 435 00ec 41       	 .byte 65
 436 00ed 41       	 .byte 65
 437 00ee 0000     	 .space 2
 438 00f0 04000000 	 .word 4
 439 00f4 04000000 	 .word 4
 440 00f8 6C000000 	 .word OD_RAM+108
 441 00fc 41       	 .byte 65
 442 00fd 000000   	 .space 3
 443 0100 02000000 	 .word 2
 444 0104 70000000 	 .word OD_RAM+112
 445 0108 00       	 .byte 0
 446 0109 01       	 .byte 1
 447 010a 0000     	 .space 2
 448 010c 01000000 	 .word 1
 449 0110 74000000 	 .word OD_RAM+116
 450 0114 01       	 .byte 1
 451 0115 41       	 .byte 65
 452 0116 0000     	 .space 2
 453 0118 04000000 	 .word 4
 454 011c 78000000 	 .word OD_RAM+120
 455 0120 02       	 .byte 2
 456 0121 41       	 .byte 65
 457 0122 0000     	 .space 2
 458 0124 04000000 	 .word 4
 459 0128 7C000000 	 .word OD_RAM+124
 460 012c 03       	 .byte 3
 461 012d 41       	 .byte 65
 462 012e 0000     	 .space 2
 463 0130 04000000 	 .word 4
 464 0134 00000000 	 .word 0
 465 0138 04       	 .byte 4
 466 0139 41       	 .byte 65
 467 013a 0000     	 .space 2
 468 013c 04000000 	 .word 4
 469 0140 06000000 	 .word OD_PERSIST_COMM+6
 470 0144 03       	 .byte 3
 471 0145 000000   	 .space 3
 472 0148 01000000 	 .word 1
 473 014c 80000000 	 .word OD_RAM+128
 474 0150 00       	 .byte 0
 475 0151 01       	 .byte 1
 476 0152 0000     	 .space 2
 477 0154 01000000 	 .word 1
 478 0158 00000000 	 .word 0
 479 015c 01       	 .byte 1
 480 015d 02       	 .byte 2
 481 015e 0000     	 .space 2
 482 0160 00000000 	 .word 0
 483 0164 81000000 	 .word OD_RAM+129
 484 0168 02       	 .byte 2
 485 0169 01       	 .byte 1
 486 016a 0000     	 .space 2
 487 016c 01000000 	 .word 1
 488 0170 00000000 	 .word 0
 489 0174 03       	 .byte 3
 490 0175 01       	 .byte 1
 491 0176 0000     	 .space 2
 492 0178 00000000 	 .word 0
 493 017c 82000000 	 .word OD_RAM+130
 494 0180 01       	 .byte 1
 495 0181 000000   	 .space 3
 496 0184 01000000 	 .word 1
 497 0188 83000000 	 .word OD_RAM+131
 498 018c 84000000 	 .word OD_RAM+132
 499 0190 41       	 .byte 65
 500 0191 41       	 .byte 65
 501 0192 0000     	 .space 2
 502 0194 04000000 	 .word 4
 503 0198 04000000 	 .word 4
 504 019c 88000000 	 .word OD_RAM+136
 505 01a0 00       	 .byte 0
 506 01a1 01       	 .byte 1
 507 01a2 0000     	 .space 2
 508 01a4 01000000 	 .word 1
 509 01a8 8C000000 	 .word OD_RAM+140
 510 01ac 01       	 .byte 1
 511 01ad 41       	 .byte 65
 512 01ae 0000     	 .space 2
 513 01b0 04000000 	 .word 4
 514 01b4 90000000 	 .word OD_RAM+144
 515 01b8 02       	 .byte 2
 516 01b9 41       	 .byte 65
 517 01ba 0000     	 .space 2
 518 01bc 04000000 	 .word 4
 519 01c0 08000000 	 .word OD_PERSIST_COMM+8
 520 01c4 00       	 .byte 0
 521 01c5 01       	 .byte 1
 522 01c6 0000     	 .space 2
 523 01c8 01000000 	 .word 1
 524 01cc 0C000000 	 .word OD_PERSIST_COMM+12
 525 01d0 01       	 .byte 1
 526 01d1 4F       	 .byte 79
 527 01d2 0000     	 .space 2
 528 01d4 04000000 	 .word 4
 529 01d8 10000000 	 .word OD_PERSIST_COMM+16
 530 01dc 02       	 .byte 2
 531 01dd 4F       	 .byte 79
 532 01de 0000     	 .space 2
 533 01e0 04000000 	 .word 4
 534 01e4 14000000 	 .word OD_PERSIST_COMM+20
 535 01e8 03       	 .byte 3
 536 01e9 03       	 .byte 3
 537 01ea 0000     	 .space 2
 538 01ec 01000000 	 .word 1
 539 01f0 94000000 	 .word OD_RAM+148
 540 01f4 00       	 .byte 0
 541 01f5 43       	 .byte 67
 542 01f6 0000     	 .space 2
 543 01f8 01000000 	 .word 1
 544 01fc 98000000 	 .word OD_RAM+152
 545 0200 01       	 .byte 1
 546 0201 40       	 .byte 64
 547 0202 0000     	 .space 2
 548 0204 04000000 	 .word 4
 549 0208 9C000000 	 .word OD_RAM+156
 550 020c 02       	 .byte 2
 551 020d 43       	 .byte 67
 552 020e 0000     	 .space 2
 553 0210 01000000 	 .word 1
 554 0214 A0000000 	 .word OD_RAM+160
 555 0218 00       	 .byte 0
 556 0219 43       	 .byte 67
 557 021a 0000     	 .space 2
 558 021c 01000000 	 .word 1
 559 0220 A4000000 	 .word OD_RAM+164
 560 0224 01       	 .byte 1
 561 0225 40       	 .byte 64
 562 0226 0000     	 .space 2
 563 0228 04000000 	 .word 4
 564 022c A8000000 	 .word OD_RAM+168
 565 0230 02       	 .byte 2
 566 0231 43       	 .byte 67
 567 0232 0000     	 .space 2
 568 0234 01000000 	 .word 1
 569 0238 AC000000 	 .word OD_RAM+172
 570 023c 00       	 .byte 0
 571 023d 43       	 .byte 67
 572 023e 0000     	 .space 2
 573 0240 01000000 	 .word 1
 574 0244 B0000000 	 .word OD_RAM+176
 575 0248 01       	 .byte 1
 576 0249 40       	 .byte 64
 577 024a 0000     	 .space 2
 578 024c 04000000 	 .word 4
 579 0250 B4000000 	 .word OD_RAM+180
 580 0254 02       	 .byte 2
 581 0255 43       	 .byte 67
 582 0256 0000     	 .space 2
 583 0258 01000000 	 .word 1
 584 025c B8000000 	 .word OD_RAM+184
 585 0260 00       	 .byte 0
 586 0261 43       	 .byte 67
 587 0262 0000     	 .space 2
 588 0264 01000000 	 .word 1
 589 0268 BC000000 	 .word OD_RAM+188
 590 026c 01       	 .byte 1
 591 026d 40       	 .byte 64
 592 026e 0000     	 .space 2
 593 0270 04000000 	 .word 4
 594 0274 C0000000 	 .word OD_RAM+192
 595 0278 02       	 .byte 2
 596 0279 43       	 .byte 67
 597 027a 0000     	 .space 2
 598 027c 01000000 	 .word 1
 599 0280 C4000000 	 .word OD_RAM+196
 600 0284 00       	 .byte 0
 601 0285 43       	 .byte 67
 602 0286 0000     	 .space 2
 603 0288 01000000 	 .word 1
 604 028c C8000000 	 .word OD_RAM+200
 605 0290 01       	 .byte 1
 606 0291 40       	 .byte 64
 607 0292 0000     	 .space 2
 608 0294 04000000 	 .word 4
 609 0298 CC000000 	 .word OD_RAM+204
 610 029c 00       	 .byte 0
 611 029d 43       	 .byte 67
 612 029e 0000     	 .space 2
 613 02a0 01000000 	 .word 1
 614 02a4 D0000000 	 .word OD_RAM+208
 615 02a8 01       	 .byte 1
 616 02a9 40       	 .byte 64
 617 02aa 0000     	 .space 2
 618 02ac 04000000 	 .word 4
 619 02b0 D4000000 	 .word OD_RAM+212
 620 02b4 00       	 .byte 0
 621 02b5 43       	 .byte 67
 622 02b6 0000     	 .space 2
 623 02b8 01000000 	 .word 1
 624 02bc D8000000 	 .word OD_RAM+216
 625 02c0 01       	 .byte 1
 626 02c1 41       	 .byte 65
 627 02c2 0000     	 .space 2
 628 02c4 04000000 	 .word 4
 629 02c8 DC000000 	 .word OD_RAM+220
 630 02cc 02       	 .byte 2
 631 02cd 03       	 .byte 3
 632 02ce 0000     	 .space 2
 633 02d0 01000000 	 .word 1
 634 02d4 DE000000 	 .word OD_RAM+222
 635 02d8 03       	 .byte 3
 636 02d9 43       	 .byte 67
 637 02da 0000     	 .space 2
 638 02dc 02000000 	 .word 2
 639 02e0 E0000000 	 .word OD_RAM+224
 640 02e4 04       	 .byte 4
 641 02e5 03       	 .byte 3
 642 02e6 0000     	 .space 2
 643 02e8 01000000 	 .word 1
 644 02ec E2000000 	 .word OD_RAM+226
 645 02f0 05       	 .byte 5
 646 02f1 43       	 .byte 67
 647 02f2 0000     	 .space 2
 648 02f4 02000000 	 .word 2
 649 02f8 E4000000 	 .word OD_RAM+228
 650 02fc 06       	 .byte 6
 651 02fd 03       	 .byte 3
 652 02fe 0000     	 .space 2
 653 0300 01000000 	 .word 1
 654 0304 E8000000 	 .word OD_RAM+232
 655 0308 00       	 .byte 0
 656 0309 43       	 .byte 67
 657 030a 0000     	 .space 2
 658 030c 01000000 	 .word 1
 659 0310 EC000000 	 .word OD_RAM+236
 660 0314 01       	 .byte 1
 661 0315 40       	 .byte 64
 662 0316 0000     	 .space 2
 663 0318 04000000 	 .word 4
 664 031c F0000000 	 .word OD_RAM+240
 665 0320 02       	 .byte 2
 666 0321 43       	 .byte 67
 667 0322 0000     	 .space 2
 668 0324 01000000 	 .word 1
 669 0328 F2000000 	 .word OD_RAM+242
 670 032c 03       	 .byte 3
 671 032d 40       	 .byte 64
 672 032e 0000     	 .space 2
 673 0330 02000000 	 .word 2
 674 0334 F4000000 	 .word OD_RAM+244
 675 0338 04       	 .byte 4
 676 0339 43       	 .byte 67
 677 033a 0000     	 .space 2
 678 033c 01000000 	 .word 1
 679 0340 F6000000 	 .word OD_RAM+246
 680 0344 05       	 .byte 5
 681 0345 40       	 .byte 64
 682 0346 0000     	 .space 2
 683 0348 02000000 	 .word 2
 684 034c F8000000 	 .word OD_RAM+248
 685 0350 06       	 .byte 6
 686 0351 43       	 .byte 67
 687 0352 0000     	 .space 2
 688 0354 01000000 	 .word 1
 689 0358 FC000000 	 .word OD_RAM+252
 690 035c 00       	 .byte 0
 691 035d 43       	 .byte 67
 692 035e 0000     	 .space 2
 693 0360 01000000 	 .word 1
 694 0364 00010000 	 .word OD_RAM+256
 695 0368 01       	 .byte 1
 696 0369 40       	 .byte 64
 697 036a 0000     	 .space 2
 698 036c 04000000 	 .word 4
 699 0370 04010000 	 .word OD_RAM+260
 700 0374 02       	 .byte 2
 701 0375 43       	 .byte 67
 702 0376 0000     	 .space 2
 703 0378 01000000 	 .word 1
 704 037c 06010000 	 .word OD_RAM+262
 705 0380 03       	 .byte 3
 706 0381 40       	 .byte 64
 707 0382 0000     	 .space 2
 708 0384 02000000 	 .word 2
 709 0388 08010000 	 .word OD_RAM+264
 710 038c 04       	 .byte 4
 711 038d 43       	 .byte 67
 712 038e 0000     	 .space 2
 713 0390 01000000 	 .word 1
 714 0394 0A010000 	 .word OD_RAM+266
 715 0398 05       	 .byte 5
 716 0399 40       	 .byte 64
 717 039a 0000     	 .space 2
 718 039c 02000000 	 .word 2
 719 03a0 0C010000 	 .word OD_RAM+268
 720 03a4 06       	 .byte 6
 721 03a5 43       	 .byte 67
 722 03a6 0000     	 .space 2
 723 03a8 01000000 	 .word 1
 724 03ac 10010000 	 .word OD_RAM+272
 725 03b0 00       	 .byte 0
 726 03b1 43       	 .byte 67
 727 03b2 0000     	 .space 2
 728 03b4 01000000 	 .word 1
 729 03b8 14010000 	 .word OD_RAM+276
 730 03bc 01       	 .byte 1
 731 03bd 40       	 .byte 64
 732 03be 0000     	 .space 2
 733 03c0 04000000 	 .word 4
 734 03c4 18010000 	 .word OD_RAM+280
 735 03c8 02       	 .byte 2
 736 03c9 43       	 .byte 67
 737 03ca 0000     	 .space 2
 738 03cc 01000000 	 .word 1
 739 03d0 1A010000 	 .word OD_RAM+282
 740 03d4 03       	 .byte 3
 741 03d5 40       	 .byte 64
 742 03d6 0000     	 .space 2
 743 03d8 02000000 	 .word 2
 744 03dc 1C010000 	 .word OD_RAM+284
 745 03e0 04       	 .byte 4
 746 03e1 43       	 .byte 67
 747 03e2 0000     	 .space 2
 748 03e4 01000000 	 .word 1
 749 03e8 1E010000 	 .word OD_RAM+286
 750 03ec 05       	 .byte 5
 751 03ed 40       	 .byte 64
 752 03ee 0000     	 .space 2
 753 03f0 02000000 	 .word 2
 754 03f4 20010000 	 .word OD_RAM+288
 755 03f8 06       	 .byte 6
 756 03f9 43       	 .byte 67
 757 03fa 0000     	 .space 2
 758 03fc 01000000 	 .word 1
 759 0400 24010000 	 .word OD_RAM+292
 760 0404 00       	 .byte 0
 761 0405 43       	 .byte 67
 762 0406 0000     	 .space 2
 763 0408 01000000 	 .word 1
 764 040c 28010000 	 .word OD_RAM+296
 765 0410 01       	 .byte 1
 766 0411 40       	 .byte 64
 767 0412 0000     	 .space 2
 768 0414 04000000 	 .word 4
 769 0418 2C010000 	 .word OD_RAM+300
 770 041c 00       	 .byte 0
 771 041d 43       	 .byte 67
 772 041e 0000     	 .space 2
 773 0420 01000000 	 .word 1
 774 0424 30010000 	 .word OD_RAM+304
 775 0428 01       	 .byte 1
 776 0429 40       	 .byte 64
 777 042a 0000     	 .space 2
 778 042c 04000000 	 .word 4
 779 0430 00000000 	 .word 0
 780 0434 49       	 .byte 73
 781 0435 000000   	 .space 3
 782 0438 08000000 	 .word 8
 783 043c 00000000 	 .word 0
 784 0440 49       	 .byte 73
 785 0441 000000   	 .space 3
 786 0444 08000000 	 .word 8
 787 0448 00000000 	 .word 0
 788 044c 49       	 .byte 73
 789 044d 000000   	 .space 3
 790 0450 08000000 	 .word 8
 791 0454 00000000 	 .word 0
 792 0458 49       	 .byte 73
 793 0459 000000   	 .space 3
 794 045c 08000000 	 .word 8
 795 0460 00000000 	 .word 0
 796 0464 49       	 .byte 73
 797 0465 000000   	 .space 3
 798 0468 08000000 	 .word 8
 799 046c 00000000 	 .word 0
 800 0470 45       	 .byte 69
 801 0471 000000   	 .space 3
 802 0474 08000000 	 .word 8
 803 0478 34010000 	 .word OD_RAM+308
 804 047c 01       	 .byte 1
 805 047d 000000   	 .space 3
 806 0480 01000000 	 .word 1
 807 0484 00000000 	 .word 0
 808 0488 45       	 .byte 69
 809 0489 000000   	 .space 3
 810 048c 04000000 	 .word 4
 811 0490 00000000 	 .word 0
 812 0494 45       	 .byte 69
 813 0495 000000   	 .space 3
 814 0498 04000000 	 .word 4
 815 049c 00000000 	 .word 0
 816 04a0 41       	 .byte 65
 817 04a1 000000   	 .space 3
 818 04a4 04000000 	 .word 4
 819 04a8 38010000 	 .word OD_RAM+312
 820 04ac 45       	 .byte 69
 821 04ad 000000   	 .space 3
 822 04b0 04000000 	 .word 4
 823 04b4 00000000 	 .word 0
 824 04b8 45       	 .byte 69
 825 04b9 000000   	 .space 3
 826 04bc 04000000 	 .word 4
 827 04c0 00000000 	 .word 0
 828 04c4 45       	 .byte 69
 829 04c5 000000   	 .space 3
 830 04c8 04000000 	 .word 4
 831 04cc 00000000 	 .word 0
 832 04d0 05       	 .byte 5
 833 04d1 000000   	 .space 3
 834 04d4 01000000 	 .word 1
 835 04d8 3C010000 	 .word OD_RAM+316
 836 04dc 00000000 	 .word 0
 837 04e0 41       	 .byte 65
 838 04e1 45       	 .byte 69
 839 04e2 0000     	 .space 2
 840 04e4 04000000 	 .word 4
 841 04e8 04000000 	 .word 4
 842 04ec 3D010000 	 .word OD_RAM+317
 843 04f0 00000000 	 .word 0
 844 04f4 41       	 .byte 65
 845 04f5 45       	 .byte 69
 846 04f6 0000     	 .space 2
 847 04f8 04000000 	 .word 4
 848 04fc 04000000 	 .word 4
 849 0500 3E010000 	 .word OD_RAM+318
 850 0504 00000000 	 .word 0
 851 0508 41       	 .byte 65
 852 0509 49       	 .byte 73
 853 050a 0000     	 .space 2
 854 050c 04000000 	 .word 4
 855 0510 04000000 	 .word 4
 856 0514 00000000 	 .word 0
 857 0518 45       	 .byte 69
 858 0519 000000   	 .space 3
 859 051c 02000000 	 .word 2
 860 0520 00000000 	 .word 0
 861 0524 45       	 .byte 69
 862 0525 000000   	 .space 3
 863 0528 02000000 	 .word 2
 864 052c 40010000 	 .word OD_RAM+320
 865 0530 45       	 .byte 69
 866 0531 000000   	 .space 3
 867 0534 02000000 	 .word 2
 868 0538 42010000 	 .word OD_RAM+322
 869 053c 44010000 	 .word OD_RAM+324
 870 0540 41       	 .byte 65
 871 0541 41       	 .byte 65
 872 0542 0000     	 .space 2
 873 0544 04000000 	 .word 4
 874 0548 04000000 	 .word 4
 875 054c 54010000 	 .word OD_RAM+340
 876 0550 41       	 .byte 65
 877 0551 000000   	 .space 3
 878 0554 02000000 	 .word 2
 879 0558 00000000 	 .word 0
 880 055c 41       	 .byte 65
 881 055d 000000   	 .space 3
 882 0560 02000000 	 .word 2
 883 0564 56010000 	 .word OD_RAM+342
 884 0568 41       	 .byte 65
 885 0569 000000   	 .space 3
 886 056c 02000000 	 .word 2
 887 0570 00000000 	 .word 0
 888 0574 45       	 .byte 69
 889 0575 000000   	 .space 3
 890 0578 04000000 	 .word 4
 891 057c 00000000 	 .word 0
 892 0580 45       	 .byte 69
 893 0581 000000   	 .space 3
 894 0584 04000000 	 .word 4
 895 0588 00000000 	 .word 0
 896 058c 41       	 .byte 65
 897 058d 000000   	 .space 3
 898 0590 04000000 	 .word 4
 899 0594 00000000 	 .word 0
 900 0598 41       	 .byte 65
 901 0599 000000   	 .space 3
 902 059c 04000000 	 .word 4
 903 05a0 00000000 	 .word 0
 904 05a4 41       	 .byte 65
 905 05a5 000000   	 .space 3
 906 05a8 02000000 	 .word 2
 907 05ac 58010000 	 .word OD_RAM+344
 908 05b0 00000000 	 .word 0
 909 05b4 41       	 .byte 65
 910 05b5 41       	 .byte 65
 911 05b6 0000     	 .space 2
 912 05b8 04000000 	 .word 4
 913 05bc 04000000 	 .word 4
 914 05c0 5A010000 	 .word OD_RAM+346
 915 05c4 43       	 .byte 67
 916 05c5 000000   	 .space 3
 917 05c8 02000000 	 .word 2
 918 05cc 5C010000 	 .word OD_RAM+348
 919 05d0 41       	 .byte 65
 920 05d1 000000   	 .space 3
 921 05d4 02000000 	 .word 2
 922 05d8 00000000 	 .word 0
 923 05dc 4F       	 .byte 79
 924 05dd 000000   	 .space 3
 925 05e0 02000000 	 .word 2
 926 05e4 00000000 	 .word 0
 927 05e8 45       	 .byte 69
 928 05e9 000000   	 .space 3
 929 05ec 02000000 	 .word 2
 930 05f0 5E010000 	 .word OD_RAM+350
 931 05f4 43       	 .byte 67
 932 05f5 000000   	 .space 3
 933 05f8 02000000 	 .word 2
 934 05fc 60010000 	 .word OD_RAM+352
 935 0600 43       	 .byte 67
 936 0601 000000   	 .space 3
 937 0604 02000000 	 .word 2
 938 0608 62010000 	 .word OD_RAM+354
 939 060c 43       	 .byte 67
 940 060d 000000   	 .space 3
 941 0610 02000000 	 .word 2
 942 0614 64010000 	 .word OD_RAM+356
 943 0618 43       	 .byte 67
 944 0619 000000   	 .space 3
 945 061c 02000000 	 .word 2
 946 0620 66010000 	 .word OD_RAM+358
 947 0624 43       	 .byte 67
 948 0625 000000   	 .space 3
 949 0628 02000000 	 .word 2
 950 062c 68010000 	 .word OD_RAM+360
 951 0630 0B       	 .byte 11
 952 0631 000000   	 .space 3
 953 0634 01000000 	 .word 1
 954 0638 69010000 	 .word OD_RAM+361
 955 063c 01       	 .byte 1
 956 063d 000000   	 .space 3
 957 0640 01000000 	 .word 1
 958 0644 6C010000 	 .word OD_RAM+364
 959 0648 45       	 .byte 69
 960 0649 000000   	 .space 3
 961 064c 04000000 	 .word 4
 962 0650 00000000 	 .word 0
 963 0654 45       	 .byte 69
 964 0655 000000   	 .space 3
 965 0658 04000000 	 .word 4
 966 065c 70010000 	 .word OD_RAM+368
 967 0660 45       	 .byte 69
 968 0661 000000   	 .space 3
 969 0664 04000000 	 .word 4
 970 0668 00000000 	 .word 0
 971 066c 43       	 .byte 67
 972 066d 000000   	 .space 3
 973 0670 04000000 	 .word 4
 974 0674 74010000 	 .word OD_RAM+372
 975 0678 43       	 .byte 67
 976 0679 000000   	 .space 3
 977 067c 02000000 	 .word 2
 978 0680 78010000 	 .word OD_RAM+376
 979 0684 43       	 .byte 67
 980 0685 000000   	 .space 3
 981 0688 04000000 	 .word 4
 982 068c 7C010000 	 .word OD_RAM+380
 983 0690 43       	 .byte 67
 984 0691 000000   	 .space 3
 985 0694 02000000 	 .word 2
 986 0698 00000000 	 .word 0
 987 069c 47       	 .byte 71
 988 069d 000000   	 .space 3
 989 06a0 04000000 	 .word 4
 990 06a4 00000000 	 .word 0
 991 06a8 43       	 .byte 67
 992 06a9 000000   	 .space 3
 993 06ac 02000000 	 .word 2
 994 06b0 00000000 	 .word 0
 995 06b4 45       	 .byte 69
 996 06b5 000000   	 .space 3
 997 06b8 04000000 	 .word 4
 998 06bc 00000000 	 .word 0
 999 06c0 45       	 .byte 69
 1000 06c1 000000   	 .space 3
 1001 06c4 04000000 	 .word 4
 1002 06c8 00000000 	 .word 0
 1003 06cc 43       	 .byte 67
 1004 06cd 000000   	 .space 3
 1005 06d0 02000000 	 .word 2
 1006 06d4 00000000 	 .word 0
 1007 06d8 43       	 .byte 67
 1008 06d9 000000   	 .space 3
 1009 06dc 02000000 	 .word 2
 1010 06e0 00000000 	 .word 0
 1011 06e4 43       	 .byte 67
 1012 06e5 000000   	 .space 3
 1013 06e8 02000000 	 .word 2
 1014 06ec 00000000 	 .word 0
 1015 06f0 43       	 .byte 67
 1016 06f1 000000   	 .space 3
 1017 06f4 02000000 	 .word 2
 1018 06f8 7E010000 	 .word OD_RAM+382
 1019 06fc 4B       	 .byte 75
 1020 06fd 000000   	 .space 3
 1021 0700 02000000 	 .word 2
 1022 0704 80010000 	 .word OD_RAM+384
 1023 0708 43       	 .byte 67
 1024 0709 000000   	 .space 3
 1025 070c 02000000 	 .word 2
 1026 0710 82010000 	 .word OD_RAM+386
 1027 0714 43       	 .byte 67
 1028 0715 000000   	 .space 3
 1029 0718 02000000 	 .word 2
 1030 071c 84010000 	 .word OD_RAM+388
 1031 0720 45       	 .byte 69
 1032 0721 000000   	 .space 3
 1033 0724 02000000 	 .word 2
 1034 0728 88010000 	 .word OD_RAM+392
 1035 072c 43       	 .byte 67
 1036 072d 000000   	 .space 3
 1037 0730 04000000 	 .word 4
 1038 0734 8C010000 	 .word OD_RAM+396
 1039 0738 43       	 .byte 67
 1040 0739 000000   	 .space 3
 1041 073c 04000000 	 .word 4
 1042 0740 90010000 	 .word OD_RAM+400
 1043 0744 45       	 .byte 69
 1044 0745 000000   	 .space 3
 1045 0748 02000000 	 .word 2
 1046 074c 92010000 	 .word OD_RAM+402
 1047 0750 45       	 .byte 69
 1048 0751 000000   	 .space 3
 1049 0754 02000000 	 .word 2
 1050 0758 94010000 	 .word OD_RAM+404
 1051 075c 41       	 .byte 65
 1052 075d 000000   	 .space 3
 1053 0760 04000000 	 .word 4
 1054 0764 98010000 	 .word OD_RAM+408
 1055 0768 4F       	 .byte 79
 1056 0769 000000   	 .space 3
 1057 076c 04000000 	 .word 4
 1058 0770 9C010000 	 .word OD_RAM+412
 1059 0774 A0010000 	 .word OD_RAM+416
 1060 0778 01       	 .byte 1
 1061 0779 43       	 .byte 67
 1062 077a 0000     	 .space 2
 1063 077c 04000000 	 .word 4
 1064 0780 04000000 	 .word 4
 1065 0784 A8010000 	 .word OD_RAM+424
 1066 0788 AC010000 	 .word OD_RAM+428
 1067 078c 01       	 .byte 1
 1068 078d 43       	 .byte 67
 1069 078e 0000     	 .space 2
 1070 0790 04000000 	 .word 4
 1071 0794 04000000 	 .word 4
 1072 0798 B4010000 	 .word OD_RAM+436
 1073 079c 0B       	 .byte 11
 1074 079d 000000   	 .space 3
 1075 07a0 01000000 	 .word 1
 1076 07a4 00000000 	 .word 0
 1077 07a8 43       	 .byte 67
 1078 07a9 000000   	 .space 3
 1079 07ac 04000000 	 .word 4
 1080 07b0 00000000 	 .word 0
 1081 07b4 43       	 .byte 67
 1082 07b5 000000   	 .space 3
 1083 07b8 04000000 	 .word 4
 1084 07bc 00000000 	 .word 0
 1085 07c0 43       	 .byte 67
 1086 07c1 000000   	 .space 3
 1087 07c4 04000000 	 .word 4
 1088 07c8 B8010000 	 .word OD_RAM+440
 1089 07cc 43       	 .byte 67
 1090 07cd 000000   	 .space 3
 1091 07d0 04000000 	 .word 4
 1092 07d4 00000000 	 .word 0
 1093 07d8 43       	 .byte 67
 1094 07d9 000000   	 .space 3
 1095 07dc 04000000 	 .word 4
 1096 07e0 00000000 	 .word 0
 1097 07e4 43       	 .byte 67
 1098 07e5 000000   	 .space 3
 1099 07e8 04000000 	 .word 4
 1100 07ec 00000000 	 .word 0
 1101 07f0 43       	 .byte 67
 1102 07f1 000000   	 .space 3
 1103 07f4 04000000 	 .word 4
 1104 07f8 BC010000 	 .word OD_RAM+444
 1105 07fc 43       	 .byte 67
 1106 07fd 000000   	 .space 3
 1107 0800 02000000 	 .word 2
 1108 0804 C0010000 	 .word OD_RAM+448
 1109 0808 4F       	 .byte 79
 1110 0809 000000   	 .space 3
 1111 080c 04000000 	 .word 4
 1112 0810 C4010000 	 .word OD_RAM+452
 1113 0814 43       	 .byte 67
 1114 0815 000000   	 .space 3
 1115 0818 02000000 	 .word 2
 1116 081c C6010000 	 .word OD_RAM+454
 1117 0820 07       	 .byte 7
 1118 0821 000000   	 .space 3
 1119 0824 01000000 	 .word 1
 1120 0828 00000000 	 .word 0
 1121 082c 03       	 .byte 3
 1122 082d 000000   	 .space 3
 1123 0830 01000000 	 .word 1
 1124 0834 C7010000 	 .word OD_RAM+455
 1125 0838 03       	 .byte 3
 1126 0839 000000   	 .space 3
 1127 083c 01000000 	 .word 1
 1128 0840 00000000 	 .word 0
 1129 0844 03       	 .byte 3
 1130 0845 000000   	 .space 3
 1131 0848 01000000 	 .word 1
 1132 084c 00000000 	 .word 0
 1133 0850 01       	 .byte 1
 1134 0851 000000   	 .space 3
 1135 0854 01000000 	 .word 1
 1136 0858 00000000 	 .word 0
 1137 085c 03       	 .byte 3
 1138 085d 000000   	 .space 3
 1139 0860 01000000 	 .word 1
 1140 0864 C8010000 	 .word OD_RAM+456
 1141 0868 CC010000 	 .word OD_RAM+460
 1142 086c 01       	 .byte 1
 1143 086d 43       	 .byte 67
 1144 086e 0000     	 .space 2
 1145 0870 04000000 	 .word 4
 1146 0874 04000000 	 .word 4
 1147 0878 D4010000 	 .word OD_RAM+468
 1148 087c D8010000 	 .word OD_RAM+472
 1149 0880 01       	 .byte 1
 1150 0881 43       	 .byte 67
 1151 0882 0000     	 .space 2
 1152 0884 04000000 	 .word 4
 1153 0888 04000000 	 .word 4
 1154 088c E0010000 	 .word OD_RAM+480
 1155 0890 E4010000 	 .word OD_RAM+484
 1156 0894 01       	 .byte 1
 1157 0895 43       	 .byte 67
 1158 0896 0000     	 .space 2
 1159 0898 04000000 	 .word 4
 1160 089c 04000000 	 .word 4
 1161 08a0 EC010000 	 .word OD_RAM+492
 1162 08a4 F0010000 	 .word OD_RAM+496
 1163 08a8 01       	 .byte 1
 1164 08a9 43       	 .byte 67
 1165 08aa 0000     	 .space 2
 1166 08ac 04000000 	 .word 4
 1167 08b0 04000000 	 .word 4
 1168 08b4 F8010000 	 .word OD_RAM+504
 1169 08b8 FC010000 	 .word OD_RAM+508
 1170 08bc 01       	 .byte 1
 1171 08bd 43       	 .byte 67
 1172 08be 0000     	 .space 2
 1173 08c0 04000000 	 .word 4
 1174 08c4 04000000 	 .word 4
 1175 08c8 04020000 	 .word OD_RAM+516
 1176 08cc 08020000 	 .word OD_RAM+520
 1177 08d0 01       	 .byte 1
 1178 08d1 43       	 .byte 67
 1179 08d2 0000     	 .space 2
 1180 08d4 04000000 	 .word 4
 1181 08d8 04000000 	 .word 4
 1182 08dc 10020000 	 .word OD_RAM+528
 1183 08e0 14020000 	 .word OD_RAM+532
 1184 08e4 01       	 .byte 1
 1185 08e5 43       	 .byte 67
 1186 08e6 0000     	 .space 2
 1187 08e8 04000000 	 .word 4
 1188 08ec 04000000 	 .word 4
 1189 08f0 1C020000 	 .word OD_RAM+540
 1190 08f4 20020000 	 .word OD_RAM+544
 1191 08f8 01       	 .byte 1
 1192 08f9 43       	 .byte 67
 1193 08fa 0000     	 .space 2
 1194 08fc 04000000 	 .word 4
 1195 0900 04000000 	 .word 4
 1196 0904 28020000 	 .word OD_RAM+552
 1197 0908 2C020000 	 .word OD_RAM+556
 1198 090c 01       	 .byte 1
 1199 090d 43       	 .byte 67
 1200 090e 0000     	 .space 2
 1201 0910 04000000 	 .word 4
 1202 0914 04000000 	 .word 4
 1203 0918 34020000 	 .word OD_RAM+564
 1204 091c 43       	 .byte 67
 1205 091d 000000   	 .space 3
 1206 0920 02000000 	 .word 2
 1207 0924 36020000 	 .word OD_RAM+566
 1208 0928 00000000 	 .word 0
 1209 092c 41       	 .byte 65
 1210 092d 4B       	 .byte 75
 1211 092e 0000     	 .space 2
 1212 0930 04000000 	 .word 4
 1213 0934 04000000 	 .word 4
 1214 0938 37020000 	 .word OD_RAM+567
 1215 093c 00       	 .byte 0
 1216 093d 05       	 .byte 5
 1217 093e 0000     	 .space 2
 1218 0940 01000000 	 .word 1
 1219 0944 38020000 	 .word OD_RAM+568
 1220 0948 01       	 .byte 1
 1221 0949 0B       	 .byte 11
 1222 094a 0000     	 .space 2
 1223 094c 01000000 	 .word 1
 1224 0950 39020000 	 .word OD_RAM+569
 1225 0954 02       	 .byte 2
 1226 0955 01       	 .byte 1
 1227 0956 0000     	 .space 2
 1228 0958 01000000 	 .word 1
 1229 095c 3A020000 	 .word OD_RAM+570
 1230 0960 3B020000 	 .word OD_RAM+571
 1231 0964 01       	 .byte 1
 1232 0965 03       	 .byte 3
 1233 0966 0000     	 .space 2
 1234 0968 01000000 	 .word 1
 1235 096c 01000000 	 .word 1
 1236 0970 40020000 	 .word OD_RAM+576
 1237 0974 00       	 .byte 0
 1238 0975 01       	 .byte 1
 1239 0976 0000     	 .space 2
 1240 0978 01000000 	 .word 1
 1241 097c 44020000 	 .word OD_RAM+580
 1242 0980 01       	 .byte 1
 1243 0981 41       	 .byte 65
 1244 0982 0000     	 .space 2
 1245 0984 04000000 	 .word 4
 1246 0988 48020000 	 .word OD_RAM+584
 1247 098c 02       	 .byte 2
 1248 098d 43       	 .byte 67
 1249 098e 0000     	 .space 2
 1250 0990 04000000 	 .word 4
 1251 0994 4C020000 	 .word OD_RAM+588
 1252 0998 03       	 .byte 3
 1253 0999 03       	 .byte 3
 1254 099a 0000     	 .space 2
 1255 099c 01000000 	 .word 1
 1256 09a0 4E020000 	 .word OD_RAM+590
 1257 09a4 04       	 .byte 4
 1258 09a5 4B       	 .byte 75
 1259 09a6 0000     	 .space 2
 1260 09a8 02000000 	 .word 2
 1261 09ac 50020000 	 .word OD_RAM+592
 1262 09b0 05       	 .byte 5
 1263 09b1 01       	 .byte 1
 1264 09b2 0000     	 .space 2
 1265 09b4 01000000 	 .word 1
 1266 09b8 51020000 	 .word OD_RAM+593
 1267 09bc 06       	 .byte 6
 1268 09bd 03       	 .byte 3
 1269 09be 0000     	 .space 2
 1270 09c0 01000000 	 .word 1
 1271 09c4 54020000 	 .word OD_RAM+596
 1272 09c8 43       	 .byte 67
 1273 09c9 000000   	 .space 3
 1274 09cc 02000000 	 .word 2
 1275 09d0 58020000 	 .word OD_RAM+600
 1276 09d4 45       	 .byte 69
 1277 09d5 000000   	 .space 3
 1278 09d8 04000000 	 .word 4
 1279 09dc 5C020000 	 .word OD_RAM+604
 1280 09e0 45       	 .byte 69
 1281 09e1 000000   	 .space 3
 1282 09e4 04000000 	 .word 4
 1283 09e8 00000000 	 .word 0
 1284 09ec 45       	 .byte 69
 1285 09ed 000000   	 .space 3
 1286 09f0 04000000 	 .word 4
 1287 09f4 60020000 	 .word OD_RAM+608
 1288 09f8 45       	 .byte 69
 1289 09f9 000000   	 .space 3
 1290 09fc 04000000 	 .word 4
 1291 0a00 64020000 	 .word OD_RAM+612
 1292 0a04 4B       	 .byte 75
 1293 0a05 000000   	 .space 3
 1294 0a08 04000000 	 .word 4
 1295 0a0c 00000000 	 .word 0
 1296 0a10 4B       	 .byte 75
 1297 0a11 000000   	 .space 3
 1298 0a14 04000000 	 .word 4
 1299 0a18 00000000 	 .word 0
 1300 0a1c 41       	 .byte 65
 1301 0a1d 000000   	 .space 3
 1302 0a20 02000000 	 .word 2
 1303 0a24 00000000 	 .word 0
 1304 0a28 83       	 .byte -125
 1305 0a29 000000   	 .space 3
 1306 0a2c 00000000 	 .word 0
 1307 0a30 68020000 	 .word OD_RAM+616
 1308 0a34 83       	 .byte -125
 1309 0a35 000000   	 .space 3
 1310 0a38 11000000 	 .word 17
 1311 0a3c 00000000 	 .word 0
 1312 0a40 83       	 .byte -125
 1313 0a41 000000   	 .space 3
 1314 0a44 00000000 	 .word 0
 1315 0a48 7A020000 	 .word OD_RAM+634
 1316 0a4c 03       	 .byte 3
 1317 0a4d 000000   	 .space 3
 1318 0a50 06000000 	 .word 6
 1319 0a54 00000000 	 .word 0
 1320 0a58 43       	 .byte 67
 1321 0a59 000000   	 .space 3
 1322 0a5c 04000000 	 .word 4
 1323 0a60 80020000 	 .word OD_RAM+640
 1324 0a64 41       	 .byte 65
 1325 0a65 000000   	 .space 3
 1326 0a68 04000000 	 .word 4
 1327 0a6c 00000000 	 .word 0
 1328 0a70 83       	 .byte -125
 1329 0a71 000000   	 .space 3
 1330 0a74 00000000 	 .word 0
 1331 0a78 84020000 	 .word OD_RAM+644
 1332 0a7c 81       	 .byte -127
 1333 0a7d 000000   	 .space 3
 1334 0a80 11000000 	 .word 17
 1335 0a84 96020000 	 .word OD_RAM+662
 1336 0a88 81       	 .byte -127
 1337 0a89 000000   	 .space 3
 1338 0a8c 0E000000 	 .word 14
 1339              	 .section .data.ODList,"aw",%progbits
 1340              	 .align 2
 1343              	ODList:
 1344 0000 0010     	 .short 4096
 1345 0002 01       	 .byte 1
 1346 0003 01       	 .byte 1
 1347 0004 00000000 	 .word ODObjs
 1348 0008 00000000 	 .word 0
 1349 000c 0110     	 .short 4097
 1350 000e 01       	 .byte 1
 1351 000f 01       	 .byte 1
 1352 0010 0C000000 	 .word ODObjs+12
 1353 0014 00000000 	 .word 0
 1354 0018 0210     	 .short 4098
 1355 001a 01       	 .byte 1
 1356 001b 01       	 .byte 1
 1357 001c 18000000 	 .word ODObjs+24
 1358 0020 00000000 	 .word 0
 1359 0024 0310     	 .short 4099
 1360 0026 11       	 .byte 17
 1361 0027 02       	 .byte 2
 1362 0028 24000000 	 .word ODObjs+36
 1363 002c 00000000 	 .word 0
 1364 0030 0510     	 .short 4101
 1365 0032 01       	 .byte 1
 1366 0033 01       	 .byte 1
 1367 0034 38000000 	 .word ODObjs+56
 1368 0038 00000000 	 .word 0
 1369 003c 0610     	 .short 4102
 1370 003e 01       	 .byte 1
 1371 003f 01       	 .byte 1
 1372 0040 44000000 	 .word ODObjs+68
 1373 0044 00000000 	 .word 0
 1374 0048 0710     	 .short 4103
 1375 004a 01       	 .byte 1
 1376 004b 01       	 .byte 1
 1377 004c 50000000 	 .word ODObjs+80
 1378 0050 00000000 	 .word 0
 1379 0054 0810     	 .short 4104
 1380 0056 01       	 .byte 1
 1381 0057 01       	 .byte 1
 1382 0058 5C000000 	 .word ODObjs+92
 1383 005c 00000000 	 .word 0
 1384 0060 0910     	 .short 4105
 1385 0062 01       	 .byte 1
 1386 0063 01       	 .byte 1
 1387 0064 68000000 	 .word ODObjs+104
 1388 0068 00000000 	 .word 0
 1389 006c 0A10     	 .short 4106
 1390 006e 01       	 .byte 1
 1391 006f 01       	 .byte 1
 1392 0070 74000000 	 .word ODObjs+116
 1393 0074 00000000 	 .word 0
 1394 0078 0B10     	 .short 4107
 1395 007a 01       	 .byte 1
 1396 007b 01       	 .byte 1
 1397 007c 80000000 	 .word ODObjs+128
 1398 0080 00000000 	 .word 0
 1399 0084 1010     	 .short 4112
 1400 0086 04       	 .byte 4
 1401 0087 02       	 .byte 2
 1402 0088 8C000000 	 .word ODObjs+140
 1403 008c 00000000 	 .word 0
 1404 0090 1110     	 .short 4113
 1405 0092 04       	 .byte 4
 1406 0093 02       	 .byte 2
 1407 0094 A0000000 	 .word ODObjs+160
 1408 0098 00000000 	 .word 0
 1409 009c 1210     	 .short 4114
 1410 009e 01       	 .byte 1
 1411 009f 01       	 .byte 1
 1412 00a0 B4000000 	 .word ODObjs+180
 1413 00a4 00000000 	 .word 0
 1414 00a8 1310     	 .short 4115
 1415 00aa 01       	 .byte 1
 1416 00ab 01       	 .byte 1
 1417 00ac C0000000 	 .word ODObjs+192
 1418 00b0 00000000 	 .word 0
 1419 00b4 1410     	 .short 4116
 1420 00b6 01       	 .byte 1
 1421 00b7 01       	 .byte 1
 1422 00b8 CC000000 	 .word ODObjs+204
 1423 00bc 00000000 	 .word 0
 1424 00c0 1510     	 .short 4117
 1425 00c2 01       	 .byte 1
 1426 00c3 01       	 .byte 1
 1427 00c4 D8000000 	 .word ODObjs+216
 1428 00c8 00000000 	 .word 0
 1429 00cc 1610     	 .short 4118
 1430 00ce 02       	 .byte 2
 1431 00cf 02       	 .byte 2
 1432 00d0 E4000000 	 .word ODObjs+228
 1433 00d4 00000000 	 .word 0
 1434 00d8 1710     	 .short 4119
 1435 00da 01       	 .byte 1
 1436 00db 01       	 .byte 1
 1437 00dc F8000000 	 .word ODObjs+248
 1438 00e0 00000000 	 .word 0
 1439 00e4 1810     	 .short 4120
 1440 00e6 05       	 .byte 5
 1441 00e7 03       	 .byte 3
 1442 00e8 04010000 	 .word ODObjs+260
 1443 00ec 00000000 	 .word 0
 1444 00f0 1910     	 .short 4121
 1445 00f2 01       	 .byte 1
 1446 00f3 01       	 .byte 1
 1447 00f4 40010000 	 .word ODObjs+320
 1448 00f8 00000000 	 .word 0
 1449 00fc 2310     	 .short 4131
 1450 00fe 04       	 .byte 4
 1451 00ff 03       	 .byte 3
 1452 0100 4C010000 	 .word ODObjs+332
 1453 0104 00000000 	 .word 0
 1454 0108 2410     	 .short 4132
 1455 010a 01       	 .byte 1
 1456 010b 01       	 .byte 1
 1457 010c 7C010000 	 .word ODObjs+380
 1458 0110 00000000 	 .word 0
 1459 0114 2910     	 .short 4137
 1460 0116 02       	 .byte 2
 1461 0117 02       	 .byte 2
 1462 0118 88010000 	 .word ODObjs+392
 1463 011c 00000000 	 .word 0
 1464 0120 0012     	 .short 4608
 1465 0122 03       	 .byte 3
 1466 0123 03       	 .byte 3
 1467 0124 9C010000 	 .word ODObjs+412
 1468 0128 00000000 	 .word 0
 1469 012c 8012     	 .short 4736
 1470 012e 04       	 .byte 4
 1471 012f 03       	 .byte 3
 1472 0130 C0010000 	 .word ODObjs+448
 1473 0134 00000000 	 .word 0
 1474 0138 0014     	 .short 5120
 1475 013a 03       	 .byte 3
 1476 013b 03       	 .byte 3
 1477 013c F0010000 	 .word ODObjs+496
 1478 0140 00000000 	 .word 0
 1479 0144 0114     	 .short 5121
 1480 0146 03       	 .byte 3
 1481 0147 03       	 .byte 3
 1482 0148 14020000 	 .word ODObjs+532
 1483 014c 00000000 	 .word 0
 1484 0150 0214     	 .short 5122
 1485 0152 03       	 .byte 3
 1486 0153 03       	 .byte 3
 1487 0154 38020000 	 .word ODObjs+568
 1488 0158 00000000 	 .word 0
 1489 015c 0314     	 .short 5123
 1490 015e 03       	 .byte 3
 1491 015f 03       	 .byte 3
 1492 0160 5C020000 	 .word ODObjs+604
 1493 0164 00000000 	 .word 0
 1494 0168 0016     	 .short 5632
 1495 016a 02       	 .byte 2
 1496 016b 03       	 .byte 3
 1497 016c 80020000 	 .word ODObjs+640
 1498 0170 00000000 	 .word 0
 1499 0174 0116     	 .short 5633
 1500 0176 02       	 .byte 2
 1501 0177 03       	 .byte 3
 1502 0178 98020000 	 .word ODObjs+664
 1503 017c 00000000 	 .word 0
 1504 0180 0018     	 .short 6144
 1505 0182 07       	 .byte 7
 1506 0183 03       	 .byte 3
 1507 0184 B0020000 	 .word ODObjs+688
 1508 0188 00000000 	 .word 0
 1509 018c 0118     	 .short 6145
 1510 018e 07       	 .byte 7
 1511 018f 03       	 .byte 3
 1512 0190 04030000 	 .word ODObjs+772
 1513 0194 00000000 	 .word 0
 1514 0198 0218     	 .short 6146
 1515 019a 07       	 .byte 7
 1516 019b 03       	 .byte 3
 1517 019c 58030000 	 .word ODObjs+856
 1518 01a0 00000000 	 .word 0
 1519 01a4 0318     	 .short 6147
 1520 01a6 07       	 .byte 7
 1521 01a7 03       	 .byte 3
 1522 01a8 AC030000 	 .word ODObjs+940
 1523 01ac 00000000 	 .word 0
 1524 01b0 001A     	 .short 6656
 1525 01b2 02       	 .byte 2
 1526 01b3 03       	 .byte 3
 1527 01b4 00040000 	 .word ODObjs+1024
 1528 01b8 00000000 	 .word 0
 1529 01bc 011A     	 .short 6657
 1530 01be 02       	 .byte 2
 1531 01bf 03       	 .byte 3
 1532 01c0 18040000 	 .word ODObjs+1048
 1533 01c4 00000000 	 .word 0
 1534 01c8 0120     	 .short 8193
 1535 01ca 01       	 .byte 1
 1536 01cb 01       	 .byte 1
 1537 01cc 30040000 	 .word ODObjs+1072
 1538 01d0 00000000 	 .word 0
 1539 01d4 0220     	 .short 8194
 1540 01d6 01       	 .byte 1
 1541 01d7 01       	 .byte 1
 1542 01d8 3C040000 	 .word ODObjs+1084
 1543 01dc 00000000 	 .word 0
 1544 01e0 0320     	 .short 8195
 1545 01e2 01       	 .byte 1
 1546 01e3 01       	 .byte 1
 1547 01e4 48040000 	 .word ODObjs+1096
 1548 01e8 00000000 	 .word 0
 1549 01ec 0420     	 .short 8196
 1550 01ee 01       	 .byte 1
 1551 01ef 01       	 .byte 1
 1552 01f0 54040000 	 .word ODObjs+1108
 1553 01f4 00000000 	 .word 0
 1554 01f8 1220     	 .short 8210
 1555 01fa 01       	 .byte 1
 1556 01fb 01       	 .byte 1
 1557 01fc 60040000 	 .word ODObjs+1120
 1558 0200 00000000 	 .word 0
 1559 0204 1320     	 .short 8211
 1560 0206 01       	 .byte 1
 1561 0207 01       	 .byte 1
 1562 0208 6C040000 	 .word ODObjs+1132
 1563 020c 00000000 	 .word 0
 1564 0210 4020     	 .short 8256
 1565 0212 01       	 .byte 1
 1566 0213 01       	 .byte 1
 1567 0214 78040000 	 .word ODObjs+1144
 1568 0218 00000000 	 .word 0
 1569 021c 4120     	 .short 8257
 1570 021e 01       	 .byte 1
 1571 021f 01       	 .byte 1
 1572 0220 84040000 	 .word ODObjs+1156
 1573 0224 00000000 	 .word 0
 1574 0228 8220     	 .short 8322
 1575 022a 01       	 .byte 1
 1576 022b 01       	 .byte 1
 1577 022c 90040000 	 .word ODObjs+1168
 1578 0230 00000000 	 .word 0
 1579 0234 8A20     	 .short 8330
 1580 0236 01       	 .byte 1
 1581 0237 01       	 .byte 1
 1582 0238 9C040000 	 .word ODObjs+1180
 1583 023c 00000000 	 .word 0
 1584 0240 A020     	 .short 8352
 1585 0242 01       	 .byte 1
 1586 0243 01       	 .byte 1
 1587 0244 A8040000 	 .word ODObjs+1192
 1588 0248 00000000 	 .word 0
 1589 024c A120     	 .short 8353
 1590 024e 01       	 .byte 1
 1591 024f 01       	 .byte 1
 1592 0250 B4040000 	 .word ODObjs+1204
 1593 0254 00000000 	 .word 0
 1594 0258 0022     	 .short 8704
 1595 025a 01       	 .byte 1
 1596 025b 01       	 .byte 1
 1597 025c C0040000 	 .word ODObjs+1216
 1598 0260 00000000 	 .word 0
 1599 0264 0122     	 .short 8705
 1600 0266 01       	 .byte 1
 1601 0267 01       	 .byte 1
 1602 0268 CC040000 	 .word ODObjs+1228
 1603 026c 00000000 	 .word 0
 1604 0270 002F     	 .short 12032
 1605 0272 19       	 .byte 25
 1606 0273 02       	 .byte 2
 1607 0274 D8040000 	 .word ODObjs+1240
 1608 0278 00000000 	 .word 0
 1609 027c 012F     	 .short 12033
 1610 027e 19       	 .byte 25
 1611 027f 02       	 .byte 2
 1612 0280 EC040000 	 .word ODObjs+1260
 1613 0284 00000000 	 .word 0
 1614 0288 022F     	 .short 12034
 1615 028a FF       	 .byte -1
 1616 028b 02       	 .byte 2
 1617 028c 00050000 	 .word ODObjs+1280
 1618 0290 00000000 	 .word 0
 1619 0294 112F     	 .short 12049
 1620 0296 01       	 .byte 1
 1621 0297 01       	 .byte 1
 1622 0298 14050000 	 .word ODObjs+1300
 1623 029c 00000000 	 .word 0
 1624 02a0 122F     	 .short 12050
 1625 02a2 01       	 .byte 1
 1626 02a3 01       	 .byte 1
 1627 02a4 20050000 	 .word ODObjs+1312
 1628 02a8 00000000 	 .word 0
 1629 02ac 152F     	 .short 12053
 1630 02ae 01       	 .byte 1
 1631 02af 01       	 .byte 1
 1632 02b0 2C050000 	 .word ODObjs+1324
 1633 02b4 00000000 	 .word 0
 1634 02b8 202F     	 .short 12064
 1635 02ba 05       	 .byte 5
 1636 02bb 02       	 .byte 2
 1637 02bc 38050000 	 .word ODObjs+1336
 1638 02c0 00000000 	 .word 0
 1639 02c4 212F     	 .short 12065
 1640 02c6 01       	 .byte 1
 1641 02c7 01       	 .byte 1
 1642 02c8 4C050000 	 .word ODObjs+1356
 1643 02cc 00000000 	 .word 0
 1644 02d0 222F     	 .short 12066
 1645 02d2 01       	 .byte 1
 1646 02d3 01       	 .byte 1
 1647 02d4 58050000 	 .word ODObjs+1368
 1648 02d8 00000000 	 .word 0
 1649 02dc 232F     	 .short 12067
 1650 02de 01       	 .byte 1
 1651 02df 01       	 .byte 1
 1652 02e0 64050000 	 .word ODObjs+1380
 1653 02e4 00000000 	 .word 0
 1654 02e8 302F     	 .short 12080
 1655 02ea 01       	 .byte 1
 1656 02eb 01       	 .byte 1
 1657 02ec 70050000 	 .word ODObjs+1392
 1658 02f0 00000000 	 .word 0
 1659 02f4 312F     	 .short 12081
 1660 02f6 01       	 .byte 1
 1661 02f7 01       	 .byte 1
 1662 02f8 7C050000 	 .word ODObjs+1404
 1663 02fc 00000000 	 .word 0
 1664 0300 402F     	 .short 12096
 1665 0302 01       	 .byte 1
 1666 0303 01       	 .byte 1
 1667 0304 88050000 	 .word ODObjs+1416
 1668 0308 00000000 	 .word 0
 1669 030c 412F     	 .short 12097
 1670 030e 01       	 .byte 1
 1671 030f 01       	 .byte 1
 1672 0310 94050000 	 .word ODObjs+1428
 1673 0314 00000000 	 .word 0
 1674 0318 602F     	 .short 12128
 1675 031a 01       	 .byte 1
 1676 031b 01       	 .byte 1
 1677 031c A0050000 	 .word ODObjs+1440
 1678 0320 00000000 	 .word 0
 1679 0324 702F     	 .short 12144
 1680 0326 03       	 .byte 3
 1681 0327 02       	 .byte 2
 1682 0328 AC050000 	 .word ODObjs+1452
 1683 032c 00000000 	 .word 0
 1684 0330 0760     	 .short 24583
 1685 0332 01       	 .byte 1
 1686 0333 01       	 .byte 1
 1687 0334 C0050000 	 .word ODObjs+1472
 1688 0338 00000000 	 .word 0
 1689 033c 3F60     	 .short 24639
 1690 033e 01       	 .byte 1
 1691 033f 01       	 .byte 1
 1692 0340 CC050000 	 .word ODObjs+1484
 1693 0344 00000000 	 .word 0
 1694 0348 4060     	 .short 24640
 1695 034a 01       	 .byte 1
 1696 034b 01       	 .byte 1
 1697 034c D8050000 	 .word ODObjs+1496
 1698 0350 00000000 	 .word 0
 1699 0354 4160     	 .short 24641
 1700 0356 01       	 .byte 1
 1701 0357 01       	 .byte 1
 1702 0358 E4050000 	 .word ODObjs+1508
 1703 035c 00000000 	 .word 0
 1704 0360 5A60     	 .short 24666
 1705 0362 01       	 .byte 1
 1706 0363 01       	 .byte 1
 1707 0364 F0050000 	 .word ODObjs+1520
 1708 0368 00000000 	 .word 0
 1709 036c 5B60     	 .short 24667
 1710 036e 01       	 .byte 1
 1711 036f 01       	 .byte 1
 1712 0370 FC050000 	 .word ODObjs+1532
 1713 0374 00000000 	 .word 0
 1714 0378 5C60     	 .short 24668
 1715 037a 01       	 .byte 1
 1716 037b 01       	 .byte 1
 1717 037c 08060000 	 .word ODObjs+1544
 1718 0380 00000000 	 .word 0
 1719 0384 5D60     	 .short 24669
 1720 0386 01       	 .byte 1
 1721 0387 01       	 .byte 1
 1722 0388 14060000 	 .word ODObjs+1556
 1723 038c 00000000 	 .word 0
 1724 0390 5E60     	 .short 24670
 1725 0392 01       	 .byte 1
 1726 0393 01       	 .byte 1
 1727 0394 20060000 	 .word ODObjs+1568
 1728 0398 00000000 	 .word 0
 1729 039c 6060     	 .short 24672
 1730 039e 01       	 .byte 1
 1731 039f 01       	 .byte 1
 1732 03a0 2C060000 	 .word ODObjs+1580
 1733 03a4 00000000 	 .word 0
 1734 03a8 6160     	 .short 24673
 1735 03aa 01       	 .byte 1
 1736 03ab 01       	 .byte 1
 1737 03ac 38060000 	 .word ODObjs+1592
 1738 03b0 00000000 	 .word 0
 1739 03b4 6260     	 .short 24674
 1740 03b6 01       	 .byte 1
 1741 03b7 01       	 .byte 1
 1742 03b8 44060000 	 .word ODObjs+1604
 1743 03bc 00000000 	 .word 0
 1744 03c0 6360     	 .short 24675
 1745 03c2 01       	 .byte 1
 1746 03c3 01       	 .byte 1
 1747 03c4 50060000 	 .word ODObjs+1616
 1748 03c8 00000000 	 .word 0
 1749 03cc 6460     	 .short 24676
 1750 03ce 01       	 .byte 1
 1751 03cf 01       	 .byte 1
 1752 03d0 5C060000 	 .word ODObjs+1628
 1753 03d4 00000000 	 .word 0
 1754 03d8 6560     	 .short 24677
 1755 03da 01       	 .byte 1
 1756 03db 01       	 .byte 1
 1757 03dc 68060000 	 .word ODObjs+1640
 1758 03e0 00000000 	 .word 0
 1759 03e4 6660     	 .short 24678
 1760 03e6 01       	 .byte 1
 1761 03e7 01       	 .byte 1
 1762 03e8 74060000 	 .word ODObjs+1652
 1763 03ec 00000000 	 .word 0
 1764 03f0 6760     	 .short 24679
 1765 03f2 01       	 .byte 1
 1766 03f3 01       	 .byte 1
 1767 03f4 80060000 	 .word ODObjs+1664
 1768 03f8 00000000 	 .word 0
 1769 03fc 6860     	 .short 24680
 1770 03fe 01       	 .byte 1
 1771 03ff 01       	 .byte 1
 1772 0400 8C060000 	 .word ODObjs+1676
 1773 0404 00000000 	 .word 0
 1774 0408 6960     	 .short 24681
 1775 040a 01       	 .byte 1
 1776 040b 01       	 .byte 1
 1777 040c 98060000 	 .word ODObjs+1688
 1778 0410 00000000 	 .word 0
 1779 0414 6A60     	 .short 24682
 1780 0416 01       	 .byte 1
 1781 0417 01       	 .byte 1
 1782 0418 A4060000 	 .word ODObjs+1700
 1783 041c 00000000 	 .word 0
 1784 0420 6B60     	 .short 24683
 1785 0422 01       	 .byte 1
 1786 0423 01       	 .byte 1
 1787 0424 B0060000 	 .word ODObjs+1712
 1788 0428 00000000 	 .word 0
 1789 042c 6C60     	 .short 24684
 1790 042e 01       	 .byte 1
 1791 042f 01       	 .byte 1
 1792 0430 BC060000 	 .word ODObjs+1724
 1793 0434 00000000 	 .word 0
 1794 0438 6D60     	 .short 24685
 1795 043a 01       	 .byte 1
 1796 043b 01       	 .byte 1
 1797 043c C8060000 	 .word ODObjs+1736
 1798 0440 00000000 	 .word 0
 1799 0444 6E60     	 .short 24686
 1800 0446 01       	 .byte 1
 1801 0447 01       	 .byte 1
 1802 0448 D4060000 	 .word ODObjs+1748
 1803 044c 00000000 	 .word 0
 1804 0450 6F60     	 .short 24687
 1805 0452 01       	 .byte 1
 1806 0453 01       	 .byte 1
 1807 0454 E0060000 	 .word ODObjs+1760
 1808 0458 00000000 	 .word 0
 1809 045c 7060     	 .short 24688
 1810 045e 01       	 .byte 1
 1811 045f 01       	 .byte 1
 1812 0460 EC060000 	 .word ODObjs+1772
 1813 0464 00000000 	 .word 0
 1814 0468 7160     	 .short 24689
 1815 046a 01       	 .byte 1
 1816 046b 01       	 .byte 1
 1817 046c F8060000 	 .word ODObjs+1784
 1818 0470 00000000 	 .word 0
 1819 0474 7260     	 .short 24690
 1820 0476 01       	 .byte 1
 1821 0477 01       	 .byte 1
 1822 0478 04070000 	 .word ODObjs+1796
 1823 047c 00000000 	 .word 0
 1824 0480 7360     	 .short 24691
 1825 0482 01       	 .byte 1
 1826 0483 01       	 .byte 1
 1827 0484 10070000 	 .word ODObjs+1808
 1828 0488 00000000 	 .word 0
 1829 048c 7460     	 .short 24692
 1830 048e 01       	 .byte 1
 1831 048f 01       	 .byte 1
 1832 0490 1C070000 	 .word ODObjs+1820
 1833 0494 00000000 	 .word 0
 1834 0498 7560     	 .short 24693
 1835 049a 01       	 .byte 1
 1836 049b 01       	 .byte 1
 1837 049c 28070000 	 .word ODObjs+1832
 1838 04a0 00000000 	 .word 0
 1839 04a4 7660     	 .short 24694
 1840 04a6 01       	 .byte 1
 1841 04a7 01       	 .byte 1
 1842 04a8 34070000 	 .word ODObjs+1844
 1843 04ac 00000000 	 .word 0
 1844 04b0 7760     	 .short 24695
 1845 04b2 01       	 .byte 1
 1846 04b3 01       	 .byte 1
 1847 04b4 40070000 	 .word ODObjs+1856
 1848 04b8 00000000 	 .word 0
 1849 04bc 7860     	 .short 24696
 1850 04be 01       	 .byte 1
 1851 04bf 01       	 .byte 1
 1852 04c0 4C070000 	 .word ODObjs+1868
 1853 04c4 00000000 	 .word 0
 1854 04c8 7960     	 .short 24697
 1855 04ca 01       	 .byte 1
 1856 04cb 01       	 .byte 1
 1857 04cc 58070000 	 .word ODObjs+1880
 1858 04d0 00000000 	 .word 0
 1859 04d4 7A60     	 .short 24698
 1860 04d6 01       	 .byte 1
 1861 04d7 01       	 .byte 1
 1862 04d8 64070000 	 .word ODObjs+1892
 1863 04dc 00000000 	 .word 0
 1864 04e0 7B60     	 .short 24699
 1865 04e2 03       	 .byte 3
 1866 04e3 02       	 .byte 2
 1867 04e4 70070000 	 .word ODObjs+1904
 1868 04e8 00000000 	 .word 0
 1869 04ec 7D60     	 .short 24701
 1870 04ee 03       	 .byte 3
 1871 04ef 02       	 .byte 2
 1872 04f0 84070000 	 .word ODObjs+1924
 1873 04f4 00000000 	 .word 0
 1874 04f8 7E60     	 .short 24702
 1875 04fa 01       	 .byte 1
 1876 04fb 01       	 .byte 1
 1877 04fc 98070000 	 .word ODObjs+1944
 1878 0500 00000000 	 .word 0
 1879 0504 7F60     	 .short 24703
 1880 0506 01       	 .byte 1
 1881 0507 01       	 .byte 1
 1882 0508 A4070000 	 .word ODObjs+1956
 1883 050c 00000000 	 .word 0
 1884 0510 8060     	 .short 24704
 1885 0512 01       	 .byte 1
 1886 0513 01       	 .byte 1
 1887 0514 B0070000 	 .word ODObjs+1968
 1888 0518 00000000 	 .word 0
 1889 051c 8160     	 .short 24705
 1890 051e 01       	 .byte 1
 1891 051f 01       	 .byte 1
 1892 0520 BC070000 	 .word ODObjs+1980
 1893 0524 00000000 	 .word 0
 1894 0528 8260     	 .short 24706
 1895 052a 01       	 .byte 1
 1896 052b 01       	 .byte 1
 1897 052c C8070000 	 .word ODObjs+1992
 1898 0530 00000000 	 .word 0
 1899 0534 8360     	 .short 24707
 1900 0536 01       	 .byte 1
 1901 0537 01       	 .byte 1
 1902 0538 D4070000 	 .word ODObjs+2004
 1903 053c 00000000 	 .word 0
 1904 0540 8460     	 .short 24708
 1905 0542 01       	 .byte 1
 1906 0543 01       	 .byte 1
 1907 0544 E0070000 	 .word ODObjs+2016
 1908 0548 00000000 	 .word 0
 1909 054c 8560     	 .short 24709
 1910 054e 01       	 .byte 1
 1911 054f 01       	 .byte 1
 1912 0550 EC070000 	 .word ODObjs+2028
 1913 0554 00000000 	 .word 0
 1914 0558 8660     	 .short 24710
 1915 055a 01       	 .byte 1
 1916 055b 01       	 .byte 1
 1917 055c F8070000 	 .word ODObjs+2040
 1918 0560 00000000 	 .word 0
 1919 0564 8760     	 .short 24711
 1920 0566 01       	 .byte 1
 1921 0567 01       	 .byte 1
 1922 0568 04080000 	 .word ODObjs+2052
 1923 056c 00000000 	 .word 0
 1924 0570 8860     	 .short 24712
 1925 0572 01       	 .byte 1
 1926 0573 01       	 .byte 1
 1927 0574 10080000 	 .word ODObjs+2064
 1928 0578 00000000 	 .word 0
 1929 057c 8960     	 .short 24713
 1930 057e 01       	 .byte 1
 1931 057f 01       	 .byte 1
 1932 0580 1C080000 	 .word ODObjs+2076
 1933 0584 00000000 	 .word 0
 1934 0588 8A60     	 .short 24714
 1935 058a 01       	 .byte 1
 1936 058b 01       	 .byte 1
 1937 058c 28080000 	 .word ODObjs+2088
 1938 0590 00000000 	 .word 0
 1939 0594 8B60     	 .short 24715
 1940 0596 01       	 .byte 1
 1941 0597 01       	 .byte 1
 1942 0598 34080000 	 .word ODObjs+2100
 1943 059c 00000000 	 .word 0
 1944 05a0 8C60     	 .short 24716
 1945 05a2 01       	 .byte 1
 1946 05a3 01       	 .byte 1
 1947 05a4 40080000 	 .word ODObjs+2112
 1948 05a8 00000000 	 .word 0
 1949 05ac 8D60     	 .short 24717
 1950 05ae 01       	 .byte 1
 1951 05af 01       	 .byte 1
 1952 05b0 4C080000 	 .word ODObjs+2124
 1953 05b4 00000000 	 .word 0
 1954 05b8 8E60     	 .short 24718
 1955 05ba 01       	 .byte 1
 1956 05bb 01       	 .byte 1
 1957 05bc 58080000 	 .word ODObjs+2136
 1958 05c0 00000000 	 .word 0
 1959 05c4 8F60     	 .short 24719
 1960 05c6 03       	 .byte 3
 1961 05c7 02       	 .byte 2
 1962 05c8 64080000 	 .word ODObjs+2148
 1963 05cc 00000000 	 .word 0
 1964 05d0 9060     	 .short 24720
 1965 05d2 03       	 .byte 3
 1966 05d3 02       	 .byte 2
 1967 05d4 78080000 	 .word ODObjs+2168
 1968 05d8 00000000 	 .word 0
 1969 05dc 9160     	 .short 24721
 1970 05de 03       	 .byte 3
 1971 05df 02       	 .byte 2
 1972 05e0 8C080000 	 .word ODObjs+2188
 1973 05e4 00000000 	 .word 0
 1974 05e8 9260     	 .short 24722
 1975 05ea 03       	 .byte 3
 1976 05eb 02       	 .byte 2
 1977 05ec A0080000 	 .word ODObjs+2208
 1978 05f0 00000000 	 .word 0
 1979 05f4 9360     	 .short 24723
 1980 05f6 03       	 .byte 3
 1981 05f7 02       	 .byte 2
 1982 05f8 B4080000 	 .word ODObjs+2228
 1983 05fc 00000000 	 .word 0
 1984 0600 9460     	 .short 24724
 1985 0602 03       	 .byte 3
 1986 0603 02       	 .byte 2
 1987 0604 C8080000 	 .word ODObjs+2248
 1988 0608 00000000 	 .word 0
 1989 060c 9560     	 .short 24725
 1990 060e 03       	 .byte 3
 1991 060f 02       	 .byte 2
 1992 0610 DC080000 	 .word ODObjs+2268
 1993 0614 00000000 	 .word 0
 1994 0618 9660     	 .short 24726
 1995 061a 03       	 .byte 3
 1996 061b 02       	 .byte 2
 1997 061c F0080000 	 .word ODObjs+2288
 1998 0620 00000000 	 .word 0
 1999 0624 9760     	 .short 24727
 2000 0626 03       	 .byte 3
 2001 0627 02       	 .byte 2
 2002 0628 04090000 	 .word ODObjs+2308
 2003 062c 00000000 	 .word 0
 2004 0630 C060     	 .short 24768
 2005 0632 01       	 .byte 1
 2006 0633 01       	 .byte 1
 2007 0634 18090000 	 .word ODObjs+2328
 2008 0638 00000000 	 .word 0
 2009 063c C160     	 .short 24769
 2010 063e 02       	 .byte 2
 2011 063f 02       	 .byte 2
 2012 0640 24090000 	 .word ODObjs+2340
 2013 0644 00000000 	 .word 0
 2014 0648 C260     	 .short 24770
 2015 064a 03       	 .byte 3
 2016 064b 03       	 .byte 3
 2017 064c 38090000 	 .word ODObjs+2360
 2018 0650 00000000 	 .word 0
 2019 0654 C360     	 .short 24771
 2020 0656 03       	 .byte 3
 2021 0657 02       	 .byte 2
 2022 0658 5C090000 	 .word ODObjs+2396
 2023 065c 00000000 	 .word 0
 2024 0660 C460     	 .short 24772
 2025 0662 07       	 .byte 7
 2026 0663 03       	 .byte 3
 2027 0664 70090000 	 .word ODObjs+2416
 2028 0668 00000000 	 .word 0
 2029 066c F260     	 .short 24818
 2030 066e 01       	 .byte 1
 2031 066f 01       	 .byte 1
 2032 0670 C4090000 	 .word ODObjs+2500
 2033 0674 00000000 	 .word 0
 2034 0678 F460     	 .short 24820
 2035 067a 01       	 .byte 1
 2036 067b 01       	 .byte 1
 2037 067c D0090000 	 .word ODObjs+2512
 2038 0680 00000000 	 .word 0
 2039 0684 FA60     	 .short 24826
 2040 0686 01       	 .byte 1
 2041 0687 01       	 .byte 1
 2042 0688 DC090000 	 .word ODObjs+2524
 2043 068c 00000000 	 .word 0
 2044 0690 FC60     	 .short 24828
 2045 0692 01       	 .byte 1
 2046 0693 01       	 .byte 1
 2047 0694 E8090000 	 .word ODObjs+2536
 2048 0698 00000000 	 .word 0
 2049 069c FD60     	 .short 24829
 2050 069e 01       	 .byte 1
 2051 069f 01       	 .byte 1
 2052 06a0 F4090000 	 .word ODObjs+2548
 2053 06a4 00000000 	 .word 0
 2054 06a8 FE60     	 .short 24830
 2055 06aa 01       	 .byte 1
 2056 06ab 01       	 .byte 1
 2057 06ac 000A0000 	 .word ODObjs+2560
 2058 06b0 00000000 	 .word 0
 2059 06b4 FF60     	 .short 24831
 2060 06b6 01       	 .byte 1
 2061 06b7 01       	 .byte 1
 2062 06b8 0C0A0000 	 .word ODObjs+2572
 2063 06bc 00000000 	 .word 0
 2064 06c0 0264     	 .short 25602
 2065 06c2 01       	 .byte 1
 2066 06c3 01       	 .byte 1
 2067 06c4 180A0000 	 .word ODObjs+2584
 2068 06c8 00000000 	 .word 0
 2069 06cc 0364     	 .short 25603
 2070 06ce 01       	 .byte 1
 2071 06cf 01       	 .byte 1
 2072 06d0 240A0000 	 .word ODObjs+2596
 2073 06d4 00000000 	 .word 0
 2074 06d8 0464     	 .short 25604
 2075 06da 01       	 .byte 1
 2076 06db 01       	 .byte 1
 2077 06dc 300A0000 	 .word ODObjs+2608
 2078 06e0 00000000 	 .word 0
 2079 06e4 0564     	 .short 25605
 2080 06e6 01       	 .byte 1
 2081 06e7 01       	 .byte 1
 2082 06e8 3C0A0000 	 .word ODObjs+2620
 2083 06ec 00000000 	 .word 0
 2084 06f0 0664     	 .short 25606
 2085 06f2 01       	 .byte 1
 2086 06f3 01       	 .byte 1
 2087 06f4 480A0000 	 .word ODObjs+2632
 2088 06f8 00000000 	 .word 0
 2089 06fc 0764     	 .short 25607
 2090 06fe 01       	 .byte 1
 2091 06ff 01       	 .byte 1
 2092 0700 540A0000 	 .word ODObjs+2644
 2093 0704 00000000 	 .word 0
 2094 0708 0265     	 .short 25858
 2095 070a 01       	 .byte 1
 2096 070b 01       	 .byte 1
 2097 070c 600A0000 	 .word ODObjs+2656
 2098 0710 00000000 	 .word 0
 2099 0714 0365     	 .short 25859
 2100 0716 01       	 .byte 1
 2101 0717 01       	 .byte 1
 2102 0718 6C0A0000 	 .word ODObjs+2668
 2103 071c 00000000 	 .word 0
 2104 0720 0465     	 .short 25860
 2105 0722 01       	 .byte 1
 2106 0723 01       	 .byte 1
 2107 0724 780A0000 	 .word ODObjs+2680
 2108 0728 00000000 	 .word 0
 2109 072c 0565     	 .short 25861
 2110 072e 01       	 .byte 1
 2111 072f 01       	 .byte 1
 2112 0730 840A0000 	 .word ODObjs+2692
 2113 0734 00000000 	 .word 0
 2114 0738 0000     	 .short 0
 2115 073a 00       	 .byte 0
 2116 073b 00       	 .byte 0
 2117 073c 00000000 	 .word 0
 2118 0740 00000000 	 .word 0
 2119              	 .section .data._OD,"aw",%progbits
 2120              	 .align 2
 2123              	_OD:
 2124 0000 9A00     	 .short 154
 2125 0002 0000     	 .space 2
 2126 0004 00000000 	 .word ODList
 2127              	 .global OD
 2128              	 .section .data.OD,"aw",%progbits
 2129              	 .align 2
 2132              	OD:
 2133 0000 00000000 	 .word _OD
 2134              	 .text
 2135              	.Letext0:
 2136              	 .file 1 "d:\\programs\\infineon\\tools\\dave ide\\4.5.0.202105191637\\eclipse\\arm-gcc-49\\arm-none-eabi\\include\\machine\\_default_types.h"
 2137              	 .file 2 "d:\\programs\\infineon\\tools\\dave ide\\4.5.0.202105191637\\eclipse\\arm-gcc-49\\arm-none-eabi\\include\\stdint.h"
 2138              	 .file 3 "D:/Workspace/Development/my/DAVE/Infineon_CANopen/CANopen/stack/301/CO_ODinterface.h"
 2139              	 .file 4 "../CANopen/driver/OD.h"
 2140              	 .file 5 "../CANopen/driver/OD.c"
DEFINED SYMBOLS
                            *ABS*:00000000 OD.c
    {standard input}:24     .data.OD_RAM:00000000 OD_RAM
    {standard input}:21     .data.OD_RAM:00000000 $d
    {standard input}:340    .data.OD_PERSIST_COMM:00000000 OD_PERSIST_COMM
    {standard input}:337    .data.OD_PERSIST_COMM:00000000 $d
    {standard input}:352    .rodata.ODObjs:00000000 $d
    {standard input}:355    .rodata.ODObjs:00000000 ODObjs
    {standard input}:1340   .data.ODList:00000000 $d
    {standard input}:1343   .data.ODList:00000000 ODList
    {standard input}:2120   .data._OD:00000000 $d
    {standard input}:2123   .data._OD:00000000 _OD
    {standard input}:2132   .data.OD:00000000 OD
    {standard input}:2129   .data.OD:00000000 $d

NO UNDEFINED SYMBOLS
