   1              	 .syntax unified
   2              	 .cpu cortex-m4
   3              	 .eabi_attribute 27,3
   4              	 .fpu fpv4-sp-d16
   5              	 .eabi_attribute 20,1
   6              	 .eabi_attribute 21,1
   7              	 .eabi_attribute 23,3
   8              	 .eabi_attribute 24,1
   9              	 .eabi_attribute 25,1
  10              	 .eabi_attribute 26,1
  11              	 .eabi_attribute 30,6
  12              	 .eabi_attribute 34,1
  13              	 .eabi_attribute 18,4
  14              	 .thumb
  15              	 .file "digital_io_conf.c"
  16              	 .text
  17              	.Ltext0:
  18              	 .cfi_sections .debug_frame
  19              	 .global DIGITAL_IO_0
  20              	 .section .rodata.DIGITAL_IO_0,"a",%progbits
  21              	 .align 2
  24              	DIGITAL_IO_0:
  25 0000 00810248 	 .word 1208123648
  26 0004 80       	 .byte -128
  27 0005 000000   	 .space 3
  28 0008 01000000 	 .word 1
  29 000c 00000000 	 .space 4
  30 0010 00       	 .byte 0
  31 0011 00       	 .byte 0
  32 0012 0000     	 .space 2
  33              	 .text
  34              	.Letext0:
  35              	 .file 1 "d:\\programs\\infineon\\tools\\dave ide\\4.5.0.202105191637\\eclipse\\arm-gcc-49\\arm-none-eabi\\include\\machine\\_default_types.h"
  36              	 .file 2 "d:\\programs\\infineon\\tools\\dave ide\\4.5.0.202105191637\\eclipse\\arm-gcc-49\\arm-none-eabi\\include\\stdint.h"
  37              	 .file 3 "D:/Workspace/Development/my/DAVE/Infineon_CANopen/Libraries/XMCLib/inc/xmc_gpio.h"
  38              	 .file 4 "D:/Workspace/Development/my/DAVE/Infineon_CANopen/Libraries/XMCLib/inc/xmc4_gpio.h"
  39              	 .file 5 "../Dave/Generated/DIGITAL_IO/digital_io.h"
  40              	 .file 6 "D:/Workspace/Development/my/DAVE/Infineon_CANopen/Libraries/CMSIS/Include/cmsis_gcc.h"
  41              	 .file 7 "D:/Workspace/Development/my/DAVE/Infineon_CANopen/Libraries/CMSIS/Include/core_cm4.h"
  42              	 .file 8 "../Dave/Generated/DIGITAL_IO/digital_io_conf.c"
DEFINED SYMBOLS
                            *ABS*:00000000 digital_io_conf.c
    {standard input}:24     .rodata.DIGITAL_IO_0:00000000 DIGITAL_IO_0
    {standard input}:21     .rodata.DIGITAL_IO_0:00000000 $d

NO UNDEFINED SYMBOLS
