   1              	 .syntax unified
   2              	 .cpu cortex-m4
   3              	 .eabi_attribute 27,3
   4              	 .fpu fpv4-sp-d16
   5              	 .eabi_attribute 20,1
   6              	 .eabi_attribute 21,1
   7              	 .eabi_attribute 23,3
   8              	 .eabi_attribute 24,1
   9              	 .eabi_attribute 25,1
  10              	 .eabi_attribute 26,1
  11              	 .eabi_attribute 30,6
  12              	 .eabi_attribute 34,1
  13              	 .eabi_attribute 18,4
  14              	 .thumb
  15              	 .file "CO_LEDs.c"
  16              	 .text
  17              	.Ltext0:
  18              	 .cfi_sections .debug_frame
  19              	 .section .text.CO_LEDs_init,"ax",%progbits
  20              	 .align 2
  21              	 .global CO_LEDs_init
  22              	 .thumb
  23              	 .thumb_func
  25              	CO_LEDs_init:
  26              	.LFB37:
  27              	 .file 1 "../CANopen/stack/303/CO_LEDs.c"
   1:../CANopen/stack/303/CO_LEDs.c **** /*
   2:../CANopen/stack/303/CO_LEDs.c ****  * CANopen Indicator specification (CiA 303-3 v1.4.0)
   3:../CANopen/stack/303/CO_LEDs.c ****  *
   4:../CANopen/stack/303/CO_LEDs.c ****  * @file        CO_LEDs.h
   5:../CANopen/stack/303/CO_LEDs.c ****  * @ingroup     CO_LEDs
   6:../CANopen/stack/303/CO_LEDs.c ****  * @author      Janez Paternoster
   7:../CANopen/stack/303/CO_LEDs.c ****  * @copyright   2020 Janez Paternoster
   8:../CANopen/stack/303/CO_LEDs.c ****  *
   9:../CANopen/stack/303/CO_LEDs.c ****  * This file is part of CANopenNode, an opensource CANopen Stack.
  10:../CANopen/stack/303/CO_LEDs.c ****  * Project home page is <https://github.com/CANopenNode/CANopenNode>.
  11:../CANopen/stack/303/CO_LEDs.c ****  * For more information on CANopen see <http://www.can-cia.org/>.
  12:../CANopen/stack/303/CO_LEDs.c ****  *
  13:../CANopen/stack/303/CO_LEDs.c ****  * Licensed under the Apache License, Version 2.0 (the "License");
  14:../CANopen/stack/303/CO_LEDs.c ****  * you may not use this file except in compliance with the License.
  15:../CANopen/stack/303/CO_LEDs.c ****  * You may obtain a copy of the License at
  16:../CANopen/stack/303/CO_LEDs.c ****  *
  17:../CANopen/stack/303/CO_LEDs.c ****  *     http://www.apache.org/licenses/LICENSE-2.0
  18:../CANopen/stack/303/CO_LEDs.c ****  *
  19:../CANopen/stack/303/CO_LEDs.c ****  * Unless required by applicable law or agreed to in writing, software
  20:../CANopen/stack/303/CO_LEDs.c ****  * distributed under the License is distributed on an "AS IS" BASIS,
  21:../CANopen/stack/303/CO_LEDs.c ****  * WITHOUT WARRANTIES OR CONDITIONS OF ANY KIND, either express or implied.
  22:../CANopen/stack/303/CO_LEDs.c ****  * See the License for the specific language governing permissions and
  23:../CANopen/stack/303/CO_LEDs.c ****  * limitations under the License.
  24:../CANopen/stack/303/CO_LEDs.c ****  */
  25:../CANopen/stack/303/CO_LEDs.c **** 
  26:../CANopen/stack/303/CO_LEDs.c **** #include "303/CO_LEDs.h"
  27:../CANopen/stack/303/CO_LEDs.c **** 
  28:../CANopen/stack/303/CO_LEDs.c **** #if (CO_CONFIG_LEDS) & CO_CONFIG_LEDS_ENABLE
  29:../CANopen/stack/303/CO_LEDs.c **** 
  30:../CANopen/stack/303/CO_LEDs.c **** /******************************************************************************/
  31:../CANopen/stack/303/CO_LEDs.c **** CO_ReturnError_t CO_LEDs_init(CO_LEDs_t *LEDs) {
  28              	 .loc 1 31 0
  29              	 .cfi_startproc
  30              	 
  31              	 
  32 0000 80B5     	 push {r7,lr}
  33              	.LCFI0:
  34              	 .cfi_def_cfa_offset 8
  35              	 .cfi_offset 7,-8
  36              	 .cfi_offset 14,-4
  37 0002 84B0     	 sub sp,sp,#16
  38              	.LCFI1:
  39              	 .cfi_def_cfa_offset 24
  40 0004 00AF     	 add r7,sp,#0
  41              	.LCFI2:
  42              	 .cfi_def_cfa_register 7
  43 0006 7860     	 str r0,[r7,#4]
  32:../CANopen/stack/303/CO_LEDs.c ****     CO_ReturnError_t ret = CO_ERROR_NO;
  44              	 .loc 1 32 0
  45 0008 0023     	 movs r3,#0
  46 000a FB73     	 strb r3,[r7,#15]
  33:../CANopen/stack/303/CO_LEDs.c **** 
  34:../CANopen/stack/303/CO_LEDs.c ****     /* verify arguments */
  35:../CANopen/stack/303/CO_LEDs.c ****     if (LEDs == NULL) {
  47              	 .loc 1 35 0
  48 000c 7B68     	 ldr r3,[r7,#4]
  49 000e 002B     	 cmp r3,#0
  50 0010 01D1     	 bne .L2
  36:../CANopen/stack/303/CO_LEDs.c ****         return CO_ERROR_ILLEGAL_ARGUMENT;
  51              	 .loc 1 36 0
  52 0012 FF23     	 movs r3,#255
  53 0014 05E0     	 b .L3
  54              	.L2:
  37:../CANopen/stack/303/CO_LEDs.c ****     }
  38:../CANopen/stack/303/CO_LEDs.c **** 
  39:../CANopen/stack/303/CO_LEDs.c ****     /* clear the object */
  40:../CANopen/stack/303/CO_LEDs.c ****     memset(LEDs, 0, sizeof(CO_LEDs_t));
  55              	 .loc 1 40 0
  56 0016 7868     	 ldr r0,[r7,#4]
  57 0018 0021     	 movs r1,#0
  58 001a 0C22     	 movs r2,#12
  59 001c FFF7FEFF 	 bl memset
  41:../CANopen/stack/303/CO_LEDs.c **** 
  42:../CANopen/stack/303/CO_LEDs.c ****     return ret;
  60              	 .loc 1 42 0
  61 0020 FB7B     	 ldrb r3,[r7,#15]
  62              	.L3:
  63 0022 5BB2     	 sxtb r3,r3
  43:../CANopen/stack/303/CO_LEDs.c **** }
  64              	 .loc 1 43 0
  65 0024 1846     	 mov r0,r3
  66 0026 1037     	 adds r7,r7,#16
  67              	.LCFI3:
  68              	 .cfi_def_cfa_offset 8
  69 0028 BD46     	 mov sp,r7
  70              	.LCFI4:
  71              	 .cfi_def_cfa_register 13
  72              	 
  73 002a 80BD     	 pop {r7,pc}
  74              	 .cfi_endproc
  75              	.LFE37:
  77              	 .section .text.CO_LEDs_process,"ax",%progbits
  78              	 .align 2
  79              	 .global CO_LEDs_process
  80              	 .thumb
  81              	 .thumb_func
  83              	CO_LEDs_process:
  84              	.LFB38:
  44:../CANopen/stack/303/CO_LEDs.c **** 
  45:../CANopen/stack/303/CO_LEDs.c **** 
  46:../CANopen/stack/303/CO_LEDs.c **** /******************************************************************************/
  47:../CANopen/stack/303/CO_LEDs.c **** void CO_LEDs_process(CO_LEDs_t *LEDs,
  48:../CANopen/stack/303/CO_LEDs.c ****                      uint32_t timeDifference_us,
  49:../CANopen/stack/303/CO_LEDs.c ****                      CO_NMT_internalState_t NMTstate,
  50:../CANopen/stack/303/CO_LEDs.c ****                      bool_t LSSconfig,
  51:../CANopen/stack/303/CO_LEDs.c ****                      bool_t ErrCANbusOff,
  52:../CANopen/stack/303/CO_LEDs.c ****                      bool_t ErrCANbusWarn,
  53:../CANopen/stack/303/CO_LEDs.c ****                      bool_t ErrRpdo,
  54:../CANopen/stack/303/CO_LEDs.c ****                      bool_t ErrSync,
  55:../CANopen/stack/303/CO_LEDs.c ****                      bool_t ErrHbCons,
  56:../CANopen/stack/303/CO_LEDs.c ****                      bool_t ErrOther,
  57:../CANopen/stack/303/CO_LEDs.c ****                      bool_t firmwareDownload,
  58:../CANopen/stack/303/CO_LEDs.c ****                      uint32_t *timerNext_us)
  59:../CANopen/stack/303/CO_LEDs.c **** {
  85              	 .loc 1 59 0
  86              	 .cfi_startproc
  87              	 
  88              	 
  89              	 
  90 0000 80B4     	 push {r7}
  91              	.LCFI5:
  92              	 .cfi_def_cfa_offset 4
  93              	 .cfi_offset 7,-4
  94 0002 89B0     	 sub sp,sp,#36
  95              	.LCFI6:
  96              	 .cfi_def_cfa_offset 40
  97 0004 00AF     	 add r7,sp,#0
  98              	.LCFI7:
  99              	 .cfi_def_cfa_register 7
 100 0006 F860     	 str r0,[r7,#12]
 101 0008 B960     	 str r1,[r7,#8]
 102 000a 3B60     	 str r3,[r7]
 103 000c 1346     	 mov r3,r2
 104 000e FB71     	 strb r3,[r7,#7]
  60:../CANopen/stack/303/CO_LEDs.c ****     (void)timerNext_us; /* may be unused */
  61:../CANopen/stack/303/CO_LEDs.c **** 
  62:../CANopen/stack/303/CO_LEDs.c ****     uint8_t rd = 0;
 105              	 .loc 1 62 0
 106 0010 0023     	 movs r3,#0
 107 0012 FB77     	 strb r3,[r7,#31]
  63:../CANopen/stack/303/CO_LEDs.c ****     uint8_t gr = 0;
 108              	 .loc 1 63 0
 109 0014 0023     	 movs r3,#0
 110 0016 BB77     	 strb r3,[r7,#30]
  64:../CANopen/stack/303/CO_LEDs.c ****     bool_t tick = false;
 111              	 .loc 1 64 0
 112 0018 0023     	 movs r3,#0
 113 001a BB61     	 str r3,[r7,#24]
  65:../CANopen/stack/303/CO_LEDs.c **** 
  66:../CANopen/stack/303/CO_LEDs.c ****     LEDs->LEDtmr50ms += timeDifference_us;
 114              	 .loc 1 66 0
 115 001c FB68     	 ldr r3,[r7,#12]
 116 001e 1A68     	 ldr r2,[r3]
 117 0020 BB68     	 ldr r3,[r7,#8]
 118 0022 1A44     	 add r2,r2,r3
 119 0024 FB68     	 ldr r3,[r7,#12]
 120 0026 1A60     	 str r2,[r3]
  67:../CANopen/stack/303/CO_LEDs.c ****     while (LEDs->LEDtmr50ms >= 50000) {
 121              	 .loc 1 67 0
 122 0028 FCE0     	 b .L5
 123              	.L34:
 124              	.LBB2:
  68:../CANopen/stack/303/CO_LEDs.c ****         bool_t rdFlickerNext = (LEDs->LEDred & CO_LED_flicker) == 0;
 125              	 .loc 1 68 0
 126 002a FB68     	 ldr r3,[r7,#12]
 127 002c 5B7A     	 ldrb r3,[r3,#9]
 128 002e 03F00103 	 and r3,r3,#1
 129 0032 002B     	 cmp r3,#0
 130 0034 0CBF     	 ite eq
 131 0036 0123     	 moveq r3,#1
 132 0038 0023     	 movne r3,#0
 133 003a DBB2     	 uxtb r3,r3
 134 003c 3B61     	 str r3,[r7,#16]
  69:../CANopen/stack/303/CO_LEDs.c **** 
  70:../CANopen/stack/303/CO_LEDs.c ****         tick = true;
 135              	 .loc 1 70 0
 136 003e 0123     	 movs r3,#1
 137 0040 BB61     	 str r3,[r7,#24]
  71:../CANopen/stack/303/CO_LEDs.c ****         LEDs->LEDtmr50ms -= 50000;
 138              	 .loc 1 71 0
 139 0042 FB68     	 ldr r3,[r7,#12]
 140 0044 1B68     	 ldr r3,[r3]
 141 0046 A3F54343 	 sub r3,r3,#49920
 142 004a 503B     	 subs r3,r3,#80
 143 004c FA68     	 ldr r2,[r7,#12]
 144 004e 1360     	 str r3,[r2]
  72:../CANopen/stack/303/CO_LEDs.c **** 
  73:../CANopen/stack/303/CO_LEDs.c ****         if (++LEDs->LEDtmr200ms > 3) {
 145              	 .loc 1 73 0
 146 0050 FB68     	 ldr r3,[r7,#12]
 147 0052 1B79     	 ldrb r3,[r3,#4]
 148 0054 0133     	 adds r3,r3,#1
 149 0056 DAB2     	 uxtb r2,r3
 150 0058 FB68     	 ldr r3,[r7,#12]
 151 005a 1A71     	 strb r2,[r3,#4]
 152 005c FB68     	 ldr r3,[r7,#12]
 153 005e 1B79     	 ldrb r3,[r3,#4]
 154 0060 032B     	 cmp r3,#3
 155 0062 40F2C980 	 bls .L6
  74:../CANopen/stack/303/CO_LEDs.c ****             /* calculate 2,5Hz blinking and flashing */
  75:../CANopen/stack/303/CO_LEDs.c ****             LEDs->LEDtmr200ms = 0;
 156              	 .loc 1 75 0
 157 0066 FB68     	 ldr r3,[r7,#12]
 158 0068 0022     	 movs r2,#0
 159 006a 1A71     	 strb r2,[r3,#4]
  76:../CANopen/stack/303/CO_LEDs.c ****             rd = gr = 0;
 160              	 .loc 1 76 0
 161 006c 0023     	 movs r3,#0
 162 006e BB77     	 strb r3,[r7,#30]
 163 0070 BB7F     	 ldrb r3,[r7,#30]
 164 0072 FB77     	 strb r3,[r7,#31]
  77:../CANopen/stack/303/CO_LEDs.c **** 
  78:../CANopen/stack/303/CO_LEDs.c ****             if ((LEDs->LEDred & CO_LED_blink) == 0) rd |= CO_LED_blink;
 165              	 .loc 1 78 0
 166 0074 FB68     	 ldr r3,[r7,#12]
 167 0076 5B7A     	 ldrb r3,[r3,#9]
 168 0078 03F00203 	 and r3,r3,#2
 169 007c 002B     	 cmp r3,#0
 170 007e 04D1     	 bne .L7
 171              	 .loc 1 78 0 is_stmt 0 discriminator 1
 172 0080 FB7F     	 ldrb r3,[r7,#31]
 173 0082 43F00203 	 orr r3,r3,#2
 174 0086 FB77     	 strb r3,[r7,#31]
 175 0088 03E0     	 b .L8
 176              	.L7:
  79:../CANopen/stack/303/CO_LEDs.c ****             else                                    gr |= CO_LED_blink;
 177              	 .loc 1 79 0 is_stmt 1
 178 008a BB7F     	 ldrb r3,[r7,#30]
 179 008c 43F00203 	 orr r3,r3,#2
 180 0090 BB77     	 strb r3,[r7,#30]
 181              	.L8:
  80:../CANopen/stack/303/CO_LEDs.c **** 
  81:../CANopen/stack/303/CO_LEDs.c ****             switch (++LEDs->LEDtmrflash_1) {
 182              	 .loc 1 81 0
 183 0092 FB68     	 ldr r3,[r7,#12]
 184 0094 5B79     	 ldrb r3,[r3,#5]
 185 0096 0133     	 adds r3,r3,#1
 186 0098 DAB2     	 uxtb r2,r3
 187 009a FB68     	 ldr r3,[r7,#12]
 188 009c 5A71     	 strb r2,[r3,#5]
 189 009e FB68     	 ldr r3,[r7,#12]
 190 00a0 5B79     	 ldrb r3,[r3,#5]
 191 00a2 022B     	 cmp r3,#2
 192 00a4 09D0     	 beq .L10
 193 00a6 062B     	 cmp r3,#6
 194 00a8 0CD0     	 beq .L11
 195 00aa 012B     	 cmp r3,#1
 196 00ac 00D0     	 beq .L12
  82:../CANopen/stack/303/CO_LEDs.c ****                 case 1: rd |= CO_LED_flash_1; break;
  83:../CANopen/stack/303/CO_LEDs.c ****                 case 2: gr |= CO_LED_flash_1; break;
  84:../CANopen/stack/303/CO_LEDs.c ****                 case 6: LEDs->LEDtmrflash_1 = 0; break;
  85:../CANopen/stack/303/CO_LEDs.c ****                 default: break;
 197              	 .loc 1 85 0
 198 00ae 0DE0     	 b .L13
 199              	.L12:
  82:../CANopen/stack/303/CO_LEDs.c ****                 case 1: rd |= CO_LED_flash_1; break;
 200              	 .loc 1 82 0
 201 00b0 FB7F     	 ldrb r3,[r7,#31]
 202 00b2 43F00403 	 orr r3,r3,#4
 203 00b6 FB77     	 strb r3,[r7,#31]
 204 00b8 08E0     	 b .L13
 205              	.L10:
  83:../CANopen/stack/303/CO_LEDs.c ****                 case 6: LEDs->LEDtmrflash_1 = 0; break;
 206              	 .loc 1 83 0
 207 00ba BB7F     	 ldrb r3,[r7,#30]
 208 00bc 43F00403 	 orr r3,r3,#4
 209 00c0 BB77     	 strb r3,[r7,#30]
 210 00c2 03E0     	 b .L13
 211              	.L11:
  84:../CANopen/stack/303/CO_LEDs.c ****                 default: break;
 212              	 .loc 1 84 0
 213 00c4 FB68     	 ldr r3,[r7,#12]
 214 00c6 0022     	 movs r2,#0
 215 00c8 5A71     	 strb r2,[r3,#5]
 216 00ca 00BF     	 nop
 217              	.L13:
  86:../CANopen/stack/303/CO_LEDs.c ****             }
  87:../CANopen/stack/303/CO_LEDs.c ****             switch (++LEDs->LEDtmrflash_2) {
 218              	 .loc 1 87 0
 219 00cc FB68     	 ldr r3,[r7,#12]
 220 00ce 9B79     	 ldrb r3,[r3,#6]
 221 00d0 0133     	 adds r3,r3,#1
 222 00d2 DAB2     	 uxtb r2,r3
 223 00d4 FB68     	 ldr r3,[r7,#12]
 224 00d6 9A71     	 strb r2,[r3,#6]
 225 00d8 FB68     	 ldr r3,[r7,#12]
 226 00da 9B79     	 ldrb r3,[r3,#6]
 227 00dc 013B     	 subs r3,r3,#1
 228 00de 072B     	 cmp r3,#7
 229 00e0 20D8     	 bhi .L52
 230 00e2 01A2     	 adr r2,.L16
 231 00e4 52F823F0 	 ldr pc,[r2,r3,lsl#2]
 232              	 .p2align 2
 233              	.L16:
 234 00e8 09010000 	 .word .L15+1
 235 00ec 13010000 	 .word .L17+1
 236 00f0 09010000 	 .word .L15+1
 237 00f4 13010000 	 .word .L17+1
 238 00f8 25010000 	 .word .L52+1
 239 00fc 25010000 	 .word .L52+1
 240 0100 25010000 	 .word .L52+1
 241 0104 1D010000 	 .word .L18+1
 242              	 .p2align 1
 243              	.L15:
  88:../CANopen/stack/303/CO_LEDs.c ****                 case 1: case 3: rd |= CO_LED_flash_2; break;
 244              	 .loc 1 88 0
 245 0108 FB7F     	 ldrb r3,[r7,#31]
 246 010a 43F00803 	 orr r3,r3,#8
 247 010e FB77     	 strb r3,[r7,#31]
 248 0110 09E0     	 b .L19
 249              	.L17:
  89:../CANopen/stack/303/CO_LEDs.c ****                 case 2: case 4: gr |= CO_LED_flash_2; break;
 250              	 .loc 1 89 0
 251 0112 BB7F     	 ldrb r3,[r7,#30]
 252 0114 43F00803 	 orr r3,r3,#8
 253 0118 BB77     	 strb r3,[r7,#30]
 254 011a 04E0     	 b .L19
 255              	.L18:
  90:../CANopen/stack/303/CO_LEDs.c ****                 case 8: LEDs->LEDtmrflash_2 = 0; break;
 256              	 .loc 1 90 0
 257 011c FB68     	 ldr r3,[r7,#12]
 258 011e 0022     	 movs r2,#0
 259 0120 9A71     	 strb r2,[r3,#6]
 260 0122 00E0     	 b .L19
 261              	.L52:
  91:../CANopen/stack/303/CO_LEDs.c ****                 default: break;
 262              	 .loc 1 91 0
 263 0124 00BF     	 nop
 264              	.L19:
  92:../CANopen/stack/303/CO_LEDs.c ****             }
  93:../CANopen/stack/303/CO_LEDs.c ****             switch (++LEDs->LEDtmrflash_3) {
 265              	 .loc 1 93 0
 266 0126 FB68     	 ldr r3,[r7,#12]
 267 0128 DB79     	 ldrb r3,[r3,#7]
 268 012a 0133     	 adds r3,r3,#1
 269 012c DAB2     	 uxtb r2,r3
 270 012e FB68     	 ldr r3,[r7,#12]
 271 0130 DA71     	 strb r2,[r3,#7]
 272 0132 FB68     	 ldr r3,[r7,#12]
 273 0134 DB79     	 ldrb r3,[r3,#7]
 274 0136 013B     	 subs r3,r3,#1
 275 0138 092B     	 cmp r3,#9
 276 013a 25D8     	 bhi .L53
 277 013c 01A2     	 adr r2,.L22
 278 013e 52F823F0 	 ldr pc,[r2,r3,lsl#2]
 279 0142 00BF     	 .p2align 2
 280              	.L22:
 281 0144 6D010000 	 .word .L21+1
 282 0148 77010000 	 .word .L23+1
 283 014c 6D010000 	 .word .L21+1
 284 0150 77010000 	 .word .L23+1
 285 0154 6D010000 	 .word .L21+1
 286 0158 77010000 	 .word .L23+1
 287 015c 89010000 	 .word .L53+1
 288 0160 89010000 	 .word .L53+1
 289 0164 89010000 	 .word .L53+1
 290 0168 81010000 	 .word .L24+1
 291              	 .p2align 1
 292              	.L21:
  94:../CANopen/stack/303/CO_LEDs.c ****                 case 1: case 3: case 5: rd |= CO_LED_flash_3; break;
 293              	 .loc 1 94 0
 294 016c FB7F     	 ldrb r3,[r7,#31]
 295 016e 43F01003 	 orr r3,r3,#16
 296 0172 FB77     	 strb r3,[r7,#31]
 297 0174 09E0     	 b .L25
 298              	.L23:
  95:../CANopen/stack/303/CO_LEDs.c ****                 case 2: case 4: case 6: gr |= CO_LED_flash_3; break;
 299              	 .loc 1 95 0
 300 0176 BB7F     	 ldrb r3,[r7,#30]
 301 0178 43F01003 	 orr r3,r3,#16
 302 017c BB77     	 strb r3,[r7,#30]
 303 017e 04E0     	 b .L25
 304              	.L24:
  96:../CANopen/stack/303/CO_LEDs.c ****                 case 10: LEDs->LEDtmrflash_3 = 0; break;
 305              	 .loc 1 96 0
 306 0180 FB68     	 ldr r3,[r7,#12]
 307 0182 0022     	 movs r2,#0
 308 0184 DA71     	 strb r2,[r3,#7]
 309 0186 00E0     	 b .L25
 310              	.L53:
  97:../CANopen/stack/303/CO_LEDs.c ****                 default: break;
 311              	 .loc 1 97 0
 312 0188 00BF     	 nop
 313              	.L25:
  98:../CANopen/stack/303/CO_LEDs.c ****             }
  99:../CANopen/stack/303/CO_LEDs.c ****             switch (++LEDs->LEDtmrflash_4) {
 314              	 .loc 1 99 0
 315 018a FB68     	 ldr r3,[r7,#12]
 316 018c 1B7A     	 ldrb r3,[r3,#8]
 317 018e 0133     	 adds r3,r3,#1
 318 0190 DAB2     	 uxtb r2,r3
 319 0192 FB68     	 ldr r3,[r7,#12]
 320 0194 1A72     	 strb r2,[r3,#8]
 321 0196 FB68     	 ldr r3,[r7,#12]
 322 0198 1B7A     	 ldrb r3,[r3,#8]
 323 019a 013B     	 subs r3,r3,#1
 324 019c 0B2B     	 cmp r3,#11
 325 019e 29D8     	 bhi .L54
 326 01a0 01A2     	 adr r2,.L28
 327 01a2 52F823F0 	 ldr pc,[r2,r3,lsl#2]
 328 01a6 00BF     	 .p2align 2
 329              	.L28:
 330 01a8 D9010000 	 .word .L27+1
 331 01ac E3010000 	 .word .L29+1
 332 01b0 D9010000 	 .word .L27+1
 333 01b4 E3010000 	 .word .L29+1
 334 01b8 D9010000 	 .word .L27+1
 335 01bc E3010000 	 .word .L29+1
 336 01c0 D9010000 	 .word .L27+1
 337 01c4 E3010000 	 .word .L29+1
 338 01c8 F5010000 	 .word .L54+1
 339 01cc F5010000 	 .word .L54+1
 340 01d0 F5010000 	 .word .L54+1
 341 01d4 ED010000 	 .word .L30+1
 342              	 .p2align 1
 343              	.L27:
 100:../CANopen/stack/303/CO_LEDs.c ****                 case 1: case 3: case 5: case 7: rd |= CO_LED_flash_4; break;
 344              	 .loc 1 100 0
 345 01d8 FB7F     	 ldrb r3,[r7,#31]
 346 01da 43F02003 	 orr r3,r3,#32
 347 01de FB77     	 strb r3,[r7,#31]
 348 01e0 09E0     	 b .L31
 349              	.L29:
 101:../CANopen/stack/303/CO_LEDs.c ****                 case 2: case 4: case 6: case 8: gr |= CO_LED_flash_4; break;
 350              	 .loc 1 101 0
 351 01e2 BB7F     	 ldrb r3,[r7,#30]
 352 01e4 43F02003 	 orr r3,r3,#32
 353 01e8 BB77     	 strb r3,[r7,#30]
 354 01ea 04E0     	 b .L31
 355              	.L30:
 102:../CANopen/stack/303/CO_LEDs.c ****                 case 12: LEDs->LEDtmrflash_4 = 0; break;
 356              	 .loc 1 102 0
 357 01ec FB68     	 ldr r3,[r7,#12]
 358 01ee 0022     	 movs r2,#0
 359 01f0 1A72     	 strb r2,[r3,#8]
 360 01f2 00E0     	 b .L31
 361              	.L54:
 103:../CANopen/stack/303/CO_LEDs.c ****                 default: break;
 362              	 .loc 1 103 0
 363 01f4 00BF     	 nop
 364              	.L31:
 365 01f6 09E0     	 b .L32
 366              	.L6:
 104:../CANopen/stack/303/CO_LEDs.c ****             }
 105:../CANopen/stack/303/CO_LEDs.c ****         }
 106:../CANopen/stack/303/CO_LEDs.c ****         else {
 107:../CANopen/stack/303/CO_LEDs.c ****             /* clear flicker and CANopen bits, keep others */
 108:../CANopen/stack/303/CO_LEDs.c ****             rd = LEDs->LEDred & (0xFF ^ (CO_LED_flicker | CO_LED_CANopen));
 367              	 .loc 1 108 0
 368 01f8 FB68     	 ldr r3,[r7,#12]
 369 01fa 5B7A     	 ldrb r3,[r3,#9]
 370 01fc 03F07E03 	 and r3,r3,#126
 371 0200 FB77     	 strb r3,[r7,#31]
 109:../CANopen/stack/303/CO_LEDs.c ****             gr = LEDs->LEDgreen & (0xFF ^ (CO_LED_flicker | CO_LED_CANopen));
 372              	 .loc 1 109 0
 373 0202 FB68     	 ldr r3,[r7,#12]
 374 0204 9B7A     	 ldrb r3,[r3,#10]
 375 0206 03F07E03 	 and r3,r3,#126
 376 020a BB77     	 strb r3,[r7,#30]
 377              	.L32:
 110:../CANopen/stack/303/CO_LEDs.c ****         }
 111:../CANopen/stack/303/CO_LEDs.c **** 
 112:../CANopen/stack/303/CO_LEDs.c ****         /* calculate 10Hz flickering */
 113:../CANopen/stack/303/CO_LEDs.c ****         if (rdFlickerNext) rd |= CO_LED_flicker;
 378              	 .loc 1 113 0
 379 020c 3B69     	 ldr r3,[r7,#16]
 380 020e 002B     	 cmp r3,#0
 381 0210 04D0     	 beq .L33
 382              	 .loc 1 113 0 is_stmt 0 discriminator 1
 383 0212 FB7F     	 ldrb r3,[r7,#31]
 384 0214 43F00103 	 orr r3,r3,#1
 385 0218 FB77     	 strb r3,[r7,#31]
 386 021a 03E0     	 b .L5
 387              	.L33:
 114:../CANopen/stack/303/CO_LEDs.c ****         else               gr |= CO_LED_flicker;
 388              	 .loc 1 114 0 is_stmt 1
 389 021c BB7F     	 ldrb r3,[r7,#30]
 390 021e 43F00103 	 orr r3,r3,#1
 391 0222 BB77     	 strb r3,[r7,#30]
 392              	.L5:
 393              	.LBE2:
  67:../CANopen/stack/303/CO_LEDs.c ****         bool_t rdFlickerNext = (LEDs->LEDred & CO_LED_flicker) == 0;
 394              	 .loc 1 67 0
 395 0224 FB68     	 ldr r3,[r7,#12]
 396 0226 1B68     	 ldr r3,[r3]
 397 0228 4CF24F32 	 movw r2,#49999
 398 022c 9342     	 cmp r3,r2
 399 022e 3FF6FCAE 	 bhi .L34
 115:../CANopen/stack/303/CO_LEDs.c **** 
 116:../CANopen/stack/303/CO_LEDs.c ****     } /* while (LEDs->LEDtmr50ms >= 50000) */
 117:../CANopen/stack/303/CO_LEDs.c **** 
 118:../CANopen/stack/303/CO_LEDs.c ****     if (tick) {
 400              	 .loc 1 118 0
 401 0232 BB69     	 ldr r3,[r7,#24]
 402 0234 002B     	 cmp r3,#0
 403 0236 77D0     	 beq .L4
 404              	.LBB3:
 119:../CANopen/stack/303/CO_LEDs.c ****         uint8_t rd_co, gr_co;
 120:../CANopen/stack/303/CO_LEDs.c **** 
 121:../CANopen/stack/303/CO_LEDs.c ****         /* CANopen red ERROR LED */
 122:../CANopen/stack/303/CO_LEDs.c ****         if      (ErrCANbusOff)                      rd_co = 1;
 405              	 .loc 1 122 0
 406 0238 BB6A     	 ldr r3,[r7,#40]
 407 023a 002B     	 cmp r3,#0
 408 023c 02D0     	 beq .L36
 409              	 .loc 1 122 0 is_stmt 0 discriminator 1
 410 023e 0123     	 movs r3,#1
 411 0240 FB75     	 strb r3,[r7,#23]
 412 0242 32E0     	 b .L37
 413              	.L36:
 123:../CANopen/stack/303/CO_LEDs.c ****         else if (NMTstate == CO_NMT_INITIALIZING)   rd_co = rd & CO_LED_flicker;
 414              	 .loc 1 123 0 is_stmt 1
 415 0244 97F90730 	 ldrsb r3,[r7,#7]
 416 0248 002B     	 cmp r3,#0
 417 024a 04D1     	 bne .L38
 418              	 .loc 1 123 0 is_stmt 0 discriminator 1
 419 024c FB7F     	 ldrb r3,[r7,#31]
 420 024e 03F00103 	 and r3,r3,#1
 421 0252 FB75     	 strb r3,[r7,#23]
 422 0254 29E0     	 b .L37
 423              	.L38:
 124:../CANopen/stack/303/CO_LEDs.c ****         else if (ErrRpdo)                           rd_co = rd & CO_LED_flash_4;
 424              	 .loc 1 124 0 is_stmt 1
 425 0256 3B6B     	 ldr r3,[r7,#48]
 426 0258 002B     	 cmp r3,#0
 427 025a 04D0     	 beq .L39
 428              	 .loc 1 124 0 is_stmt 0 discriminator 1
 429 025c FB7F     	 ldrb r3,[r7,#31]
 430 025e 03F02003 	 and r3,r3,#32
 431 0262 FB75     	 strb r3,[r7,#23]
 432 0264 21E0     	 b .L37
 433              	.L39:
 125:../CANopen/stack/303/CO_LEDs.c ****         else if (ErrSync)                           rd_co = rd & CO_LED_flash_3;
 434              	 .loc 1 125 0 is_stmt 1
 435 0266 7B6B     	 ldr r3,[r7,#52]
 436 0268 002B     	 cmp r3,#0
 437 026a 04D0     	 beq .L40
 438              	 .loc 1 125 0 is_stmt 0 discriminator 1
 439 026c FB7F     	 ldrb r3,[r7,#31]
 440 026e 03F01003 	 and r3,r3,#16
 441 0272 FB75     	 strb r3,[r7,#23]
 442 0274 19E0     	 b .L37
 443              	.L40:
 126:../CANopen/stack/303/CO_LEDs.c ****         else if (ErrHbCons)                         rd_co = rd & CO_LED_flash_2;
 444              	 .loc 1 126 0 is_stmt 1
 445 0276 BB6B     	 ldr r3,[r7,#56]
 446 0278 002B     	 cmp r3,#0
 447 027a 04D0     	 beq .L41
 448              	 .loc 1 126 0 is_stmt 0 discriminator 1
 449 027c FB7F     	 ldrb r3,[r7,#31]
 450 027e 03F00803 	 and r3,r3,#8
 451 0282 FB75     	 strb r3,[r7,#23]
 452 0284 11E0     	 b .L37
 453              	.L41:
 127:../CANopen/stack/303/CO_LEDs.c ****         else if (ErrCANbusWarn)                     rd_co = rd & CO_LED_flash_1;
 454              	 .loc 1 127 0 is_stmt 1
 455 0286 FB6A     	 ldr r3,[r7,#44]
 456 0288 002B     	 cmp r3,#0
 457 028a 04D0     	 beq .L42
 458              	 .loc 1 127 0 is_stmt 0 discriminator 1
 459 028c FB7F     	 ldrb r3,[r7,#31]
 460 028e 03F00403 	 and r3,r3,#4
 461 0292 FB75     	 strb r3,[r7,#23]
 462 0294 09E0     	 b .L37
 463              	.L42:
 128:../CANopen/stack/303/CO_LEDs.c ****         else if (ErrOther)                          rd_co = rd & CO_LED_blink;
 464              	 .loc 1 128 0 is_stmt 1
 465 0296 FB6B     	 ldr r3,[r7,#60]
 466 0298 002B     	 cmp r3,#0
 467 029a 04D0     	 beq .L43
 468              	 .loc 1 128 0 is_stmt 0 discriminator 1
 469 029c FB7F     	 ldrb r3,[r7,#31]
 470 029e 03F00203 	 and r3,r3,#2
 471 02a2 FB75     	 strb r3,[r7,#23]
 472 02a4 01E0     	 b .L37
 473              	.L43:
 129:../CANopen/stack/303/CO_LEDs.c ****         else                                        rd_co = 0;
 474              	 .loc 1 129 0 is_stmt 1
 475 02a6 0023     	 movs r3,#0
 476 02a8 FB75     	 strb r3,[r7,#23]
 477              	.L37:
 130:../CANopen/stack/303/CO_LEDs.c **** 
 131:../CANopen/stack/303/CO_LEDs.c ****         /* CANopen green RUN LED */
 132:../CANopen/stack/303/CO_LEDs.c ****         if      (LSSconfig)                         gr_co = gr & CO_LED_flicker;
 478              	 .loc 1 132 0
 479 02aa 3B68     	 ldr r3,[r7]
 480 02ac 002B     	 cmp r3,#0
 481 02ae 04D0     	 beq .L44
 482              	 .loc 1 132 0 is_stmt 0 discriminator 1
 483 02b0 BB7F     	 ldrb r3,[r7,#30]
 484 02b2 03F00103 	 and r3,r3,#1
 485 02b6 BB75     	 strb r3,[r7,#22]
 486 02b8 22E0     	 b .L45
 487              	.L44:
 133:../CANopen/stack/303/CO_LEDs.c ****         else if (firmwareDownload)                  gr_co = gr & CO_LED_flash_3;
 488              	 .loc 1 133 0 is_stmt 1
 489 02ba 3B6C     	 ldr r3,[r7,#64]
 490 02bc 002B     	 cmp r3,#0
 491 02be 04D0     	 beq .L46
 492              	 .loc 1 133 0 is_stmt 0 discriminator 1
 493 02c0 BB7F     	 ldrb r3,[r7,#30]
 494 02c2 03F01003 	 and r3,r3,#16
 495 02c6 BB75     	 strb r3,[r7,#22]
 496 02c8 1AE0     	 b .L45
 497              	.L46:
 134:../CANopen/stack/303/CO_LEDs.c ****         else if (NMTstate == CO_NMT_STOPPED)        gr_co = gr & CO_LED_flash_1;
 498              	 .loc 1 134 0 is_stmt 1
 499 02ca 97F90730 	 ldrsb r3,[r7,#7]
 500 02ce 042B     	 cmp r3,#4
 501 02d0 04D1     	 bne .L47
 502              	 .loc 1 134 0 is_stmt 0 discriminator 1
 503 02d2 BB7F     	 ldrb r3,[r7,#30]
 504 02d4 03F00403 	 and r3,r3,#4
 505 02d8 BB75     	 strb r3,[r7,#22]
 506 02da 11E0     	 b .L45
 507              	.L47:
 135:../CANopen/stack/303/CO_LEDs.c ****         else if (NMTstate == CO_NMT_PRE_OPERATIONAL)gr_co = gr & CO_LED_blink;
 508              	 .loc 1 135 0 is_stmt 1
 509 02dc 97F90730 	 ldrsb r3,[r7,#7]
 510 02e0 7F2B     	 cmp r3,#127
 511 02e2 04D1     	 bne .L48
 512              	 .loc 1 135 0 is_stmt 0 discriminator 1
 513 02e4 BB7F     	 ldrb r3,[r7,#30]
 514 02e6 03F00203 	 and r3,r3,#2
 515 02ea BB75     	 strb r3,[r7,#22]
 516 02ec 08E0     	 b .L45
 517              	.L48:
 136:../CANopen/stack/303/CO_LEDs.c ****         else if (NMTstate == CO_NMT_OPERATIONAL)    gr_co = 1;
 518              	 .loc 1 136 0 is_stmt 1
 519 02ee 97F90730 	 ldrsb r3,[r7,#7]
 520 02f2 052B     	 cmp r3,#5
 521 02f4 02D1     	 bne .L49
 522              	 .loc 1 136 0 is_stmt 0 discriminator 1
 523 02f6 0123     	 movs r3,#1
 524 02f8 BB75     	 strb r3,[r7,#22]
 525 02fa 01E0     	 b .L45
 526              	.L49:
 137:../CANopen/stack/303/CO_LEDs.c ****         else                                        gr_co = 0;
 527              	 .loc 1 137 0 is_stmt 1
 528 02fc 0023     	 movs r3,#0
 529 02fe BB75     	 strb r3,[r7,#22]
 530              	.L45:
 138:../CANopen/stack/303/CO_LEDs.c **** 
 139:../CANopen/stack/303/CO_LEDs.c ****         if (rd_co != 0) rd |= CO_LED_CANopen;
 531              	 .loc 1 139 0
 532 0300 FB7D     	 ldrb r3,[r7,#23]
 533 0302 002B     	 cmp r3,#0
 534 0304 03D0     	 beq .L50
 535              	 .loc 1 139 0 is_stmt 0 discriminator 1
 536 0306 FB7F     	 ldrb r3,[r7,#31]
 537 0308 63F07F03 	 orn r3,r3,#127
 538 030c FB77     	 strb r3,[r7,#31]
 539              	.L50:
 140:../CANopen/stack/303/CO_LEDs.c ****         if (gr_co != 0) gr |= CO_LED_CANopen;
 540              	 .loc 1 140 0 is_stmt 1
 541 030e BB7D     	 ldrb r3,[r7,#22]
 542 0310 002B     	 cmp r3,#0
 543 0312 03D0     	 beq .L51
 544              	 .loc 1 140 0 is_stmt 0 discriminator 1
 545 0314 BB7F     	 ldrb r3,[r7,#30]
 546 0316 63F07F03 	 orn r3,r3,#127
 547 031a BB77     	 strb r3,[r7,#30]
 548              	.L51:
 141:../CANopen/stack/303/CO_LEDs.c ****         LEDs->LEDred = rd;
 549              	 .loc 1 141 0 is_stmt 1
 550 031c FB68     	 ldr r3,[r7,#12]
 551 031e FA7F     	 ldrb r2,[r7,#31]
 552 0320 5A72     	 strb r2,[r3,#9]
 142:../CANopen/stack/303/CO_LEDs.c ****         LEDs->LEDgreen = gr;
 553              	 .loc 1 142 0
 554 0322 FB68     	 ldr r3,[r7,#12]
 555 0324 BA7F     	 ldrb r2,[r7,#30]
 556 0326 9A72     	 strb r2,[r3,#10]
 557              	.L4:
 558              	.LBE3:
 143:../CANopen/stack/303/CO_LEDs.c ****     } /* if (tick) */
 144:../CANopen/stack/303/CO_LEDs.c **** 
 145:../CANopen/stack/303/CO_LEDs.c **** #if (CO_CONFIG_LEDS) & CO_CONFIG_FLAG_TIMERNEXT
 146:../CANopen/stack/303/CO_LEDs.c ****     if (timerNext_us != NULL) {
 147:../CANopen/stack/303/CO_LEDs.c ****         uint32_t diff = 50000 - LEDs->LEDtmr50ms;
 148:../CANopen/stack/303/CO_LEDs.c ****         if (*timerNext_us > diff) {
 149:../CANopen/stack/303/CO_LEDs.c ****             *timerNext_us = diff;
 150:../CANopen/stack/303/CO_LEDs.c ****         }
 151:../CANopen/stack/303/CO_LEDs.c ****     }
 152:../CANopen/stack/303/CO_LEDs.c **** #endif
 153:../CANopen/stack/303/CO_LEDs.c **** }
 559              	 .loc 1 153 0
 560 0328 2437     	 adds r7,r7,#36
 561              	.LCFI8:
 562              	 .cfi_def_cfa_offset 4
 563 032a BD46     	 mov sp,r7
 564              	.LCFI9:
 565              	 .cfi_def_cfa_register 13
 566              	 
 567 032c 5DF8047B 	 ldr r7,[sp],#4
 568              	.LCFI10:
 569              	 .cfi_restore 7
 570              	 .cfi_def_cfa_offset 0
 571 0330 7047     	 bx lr
 572              	 .cfi_endproc
 573              	.LFE38:
 575 0332 00BF     	 .text
 576              	.Letext0:
 577              	 .file 2 "d:\\programs\\infineon\\tools\\dave ide\\4.5.0.202105191637\\eclipse\\arm-gcc-49\\arm-none-eabi\\include\\machine\\_default_types.h"
 578              	 .file 3 "d:\\programs\\infineon\\tools\\dave ide\\4.5.0.202105191637\\eclipse\\arm-gcc-49\\arm-none-eabi\\include\\stdint.h"
 579              	 .file 4 "D:/Workspace/Development/my/DAVE/Infineon_CANopen/CANopen/driver/CO_driver_target.h"
 580              	 .file 5 "D:/Workspace/Development/my/DAVE/Infineon_CANopen/CANopen/stack/301/CO_driver.h"
 581              	 .file 6 "D:/Workspace/Development/my/DAVE/Infineon_CANopen/CANopen/stack/301/CO_NMT_Heartbeat.h"
 582              	 .file 7 "D:/Workspace/Development/my/DAVE/Infineon_CANopen/CANopen/stack/303/CO_LEDs.h"
DEFINED SYMBOLS
                            *ABS*:00000000 CO_LEDs.c
    {standard input}:20     .text.CO_LEDs_init:00000000 $t
    {standard input}:25     .text.CO_LEDs_init:00000000 CO_LEDs_init
    {standard input}:78     .text.CO_LEDs_process:00000000 $t
    {standard input}:83     .text.CO_LEDs_process:00000000 CO_LEDs_process
    {standard input}:234    .text.CO_LEDs_process:000000e8 $d
    {standard input}:242    .text.CO_LEDs_process:00000108 $t
    {standard input}:281    .text.CO_LEDs_process:00000144 $d
    {standard input}:291    .text.CO_LEDs_process:0000016c $t
    {standard input}:330    .text.CO_LEDs_process:000001a8 $d
    {standard input}:342    .text.CO_LEDs_process:000001d8 $t
                     .debug_frame:00000010 $d

UNDEFINED SYMBOLS
memset
