   1              	 .syntax unified
   2              	 .cpu cortex-m4
   3              	 .eabi_attribute 27,3
   4              	 .fpu fpv4-sp-d16
   5              	 .eabi_attribute 20,1
   6              	 .eabi_attribute 21,1
   7              	 .eabi_attribute 23,3
   8              	 .eabi_attribute 24,1
   9              	 .eabi_attribute 25,1
  10              	 .eabi_attribute 26,1
  11              	 .eabi_attribute 30,6
  12              	 .eabi_attribute 34,1
  13              	 .eabi_attribute 18,4
  14              	 .thumb
  15              	 .file "xmc_wdt.c"
  16              	 .text
  17              	.Ltext0:
  18              	 .cfi_sections .debug_frame
  19              	 .section .text.XMC_WDT_Enable,"ax",%progbits
  20              	 .align 2
  21              	 .global XMC_WDT_Enable
  22              	 .thumb
  23              	 .thumb_func
  25              	XMC_WDT_Enable:
  26              	.LFB183:
  27              	 .file 1 "../Libraries/XMCLib/src/xmc_wdt.c"
   1:../Libraries/XMCLib/src/xmc_wdt.c **** /**
   2:../Libraries/XMCLib/src/xmc_wdt.c ****  * @file xmc_wdt.c
   3:../Libraries/XMCLib/src/xmc_wdt.c ****  * @date 2015-06-20
   4:../Libraries/XMCLib/src/xmc_wdt.c ****  *
   5:../Libraries/XMCLib/src/xmc_wdt.c ****  * @cond
   6:../Libraries/XMCLib/src/xmc_wdt.c ****  *****************************************************************************
   7:../Libraries/XMCLib/src/xmc_wdt.c ****  * XMClib v2.2.0 - XMC Peripheral Driver Library
   8:../Libraries/XMCLib/src/xmc_wdt.c ****  *
   9:../Libraries/XMCLib/src/xmc_wdt.c ****  * Copyright (c) 2015-2020, Infineon Technologies AG
  10:../Libraries/XMCLib/src/xmc_wdt.c ****  * All rights reserved.
  11:../Libraries/XMCLib/src/xmc_wdt.c ****  *
  12:../Libraries/XMCLib/src/xmc_wdt.c ****  * Boost Software License - Version 1.0 - August 17th, 2003
  13:../Libraries/XMCLib/src/xmc_wdt.c ****  *
  14:../Libraries/XMCLib/src/xmc_wdt.c ****  * Permission is hereby granted, free of charge, to any person or organization
  15:../Libraries/XMCLib/src/xmc_wdt.c ****  * obtaining a copy of the software and accompanying documentation covered by
  16:../Libraries/XMCLib/src/xmc_wdt.c ****  * this license (the "Software") to use, reproduce, display, distribute,
  17:../Libraries/XMCLib/src/xmc_wdt.c ****  * execute, and transmit the Software, and to prepare derivative works of the
  18:../Libraries/XMCLib/src/xmc_wdt.c ****  * Software, and to permit third-parties to whom the Software is furnished to
  19:../Libraries/XMCLib/src/xmc_wdt.c ****  * do so, all subject to the following:
  20:../Libraries/XMCLib/src/xmc_wdt.c ****  *
  21:../Libraries/XMCLib/src/xmc_wdt.c ****  * The copyright notices in the Software and this entire statement, including
  22:../Libraries/XMCLib/src/xmc_wdt.c ****  * the above license grant, this restriction and the following disclaimer,
  23:../Libraries/XMCLib/src/xmc_wdt.c ****  * must be included in all copies of the Software, in whole or in part, and
  24:../Libraries/XMCLib/src/xmc_wdt.c ****  * all derivative works of the Software, unless such copies or derivative
  25:../Libraries/XMCLib/src/xmc_wdt.c ****  * works are solely in the form of machine-executable object code generated by
  26:../Libraries/XMCLib/src/xmc_wdt.c ****  * a source language processor.
  27:../Libraries/XMCLib/src/xmc_wdt.c ****  *
  28:../Libraries/XMCLib/src/xmc_wdt.c ****  * THE SOFTWARE IS PROVIDED "AS IS", WITHOUT WARRANTY OF ANY KIND, EXPRESS OR
  29:../Libraries/XMCLib/src/xmc_wdt.c ****  * IMPLIED, INCLUDING BUT NOT LIMITED TO THE WARRANTIES OF MERCHANTABILITY,
  30:../Libraries/XMCLib/src/xmc_wdt.c ****  * FITNESS FOR A PARTICULAR PURPOSE, TITLE AND NON-INFRINGEMENT. IN NO EVENT
  31:../Libraries/XMCLib/src/xmc_wdt.c ****  * SHALL THE COPYRIGHT HOLDERS OR ANYONE DISTRIBUTING THE SOFTWARE BE LIABLE
  32:../Libraries/XMCLib/src/xmc_wdt.c ****  * FOR ANY DAMAGES OR OTHER LIABILITY, WHETHER IN CONTRACT, TORT OR OTHERWISE,
  33:../Libraries/XMCLib/src/xmc_wdt.c ****  * ARISING FROM, OUT OF OR IN CONNECTION WITH THE SOFTWARE OR THE USE OR OTHER
  34:../Libraries/XMCLib/src/xmc_wdt.c ****  * DEALINGS IN THE SOFTWARE.
  35:../Libraries/XMCLib/src/xmc_wdt.c ****  *
  36:../Libraries/XMCLib/src/xmc_wdt.c ****  * To improve the quality of the software, users are encouraged to share
  37:../Libraries/XMCLib/src/xmc_wdt.c ****  * modifications, enhancements or bug fixes with Infineon Technologies AG
  38:../Libraries/XMCLib/src/xmc_wdt.c ****  * at XMCSupport@infineon.com.
  39:../Libraries/XMCLib/src/xmc_wdt.c ****  *****************************************************************************
  40:../Libraries/XMCLib/src/xmc_wdt.c ****  *
  41:../Libraries/XMCLib/src/xmc_wdt.c ****  * Change History
  42:../Libraries/XMCLib/src/xmc_wdt.c ****  * --------------
  43:../Libraries/XMCLib/src/xmc_wdt.c ****  *
  44:../Libraries/XMCLib/src/xmc_wdt.c ****  * 2015-02-20:
  45:../Libraries/XMCLib/src/xmc_wdt.c ****  *     - Initial <br>
  46:../Libraries/XMCLib/src/xmc_wdt.c ****  *
  47:../Libraries/XMCLib/src/xmc_wdt.c ****  * 2015-06-20:
  48:../Libraries/XMCLib/src/xmc_wdt.c ****  *     - Removed definition of GetDriverVersion API <br>
  49:../Libraries/XMCLib/src/xmc_wdt.c ****  *
  50:../Libraries/XMCLib/src/xmc_wdt.c ****  * @endcond
  51:../Libraries/XMCLib/src/xmc_wdt.c ****  */
  52:../Libraries/XMCLib/src/xmc_wdt.c **** 
  53:../Libraries/XMCLib/src/xmc_wdt.c **** /**************************************************************************************************
  54:../Libraries/XMCLib/src/xmc_wdt.c ****  * HEADER FILES
  55:../Libraries/XMCLib/src/xmc_wdt.c ****  **************************************************************************************************
  56:../Libraries/XMCLib/src/xmc_wdt.c **** #include "xmc_wdt.h"
  57:../Libraries/XMCLib/src/xmc_wdt.c **** #include "xmc_scu.h"
  58:../Libraries/XMCLib/src/xmc_wdt.c **** 
  59:../Libraries/XMCLib/src/xmc_wdt.c **** /**************************************************************************************************
  60:../Libraries/XMCLib/src/xmc_wdt.c ****  * API IMPLEMENTATION
  61:../Libraries/XMCLib/src/xmc_wdt.c ****   *************************************************************************************************
  62:../Libraries/XMCLib/src/xmc_wdt.c **** 
  63:../Libraries/XMCLib/src/xmc_wdt.c **** /* Enables watchdog clock and releases watchdog reset. */
  64:../Libraries/XMCLib/src/xmc_wdt.c **** void XMC_WDT_Enable(void)
  65:../Libraries/XMCLib/src/xmc_wdt.c **** {
  28              	 .loc 1 65 0
  29              	 .cfi_startproc
  30              	 
  31              	 
  32 0000 80B5     	 push {r7,lr}
  33              	.LCFI0:
  34              	 .cfi_def_cfa_offset 8
  35              	 .cfi_offset 7,-8
  36              	 .cfi_offset 14,-4
  37 0002 00AF     	 add r7,sp,#0
  38              	.LCFI1:
  39              	 .cfi_def_cfa_register 7
  66:../Libraries/XMCLib/src/xmc_wdt.c **** #if UC_FAMILY == XMC4
  67:../Libraries/XMCLib/src/xmc_wdt.c ****   XMC_SCU_CLOCK_EnableClock(XMC_SCU_CLOCK_WDT);
  40              	 .loc 1 67 0
  41 0004 2020     	 movs r0,#32
  42 0006 FFF7FEFF 	 bl XMC_SCU_CLOCK_EnableClock
  68:../Libraries/XMCLib/src/xmc_wdt.c **** #endif
  69:../Libraries/XMCLib/src/xmc_wdt.c **** 
  70:../Libraries/XMCLib/src/xmc_wdt.c **** #if defined(CLOCK_GATING_SUPPORTED)
  71:../Libraries/XMCLib/src/xmc_wdt.c ****   XMC_SCU_CLOCK_UngatePeripheralClock(XMC_SCU_PERIPHERAL_CLOCK_WDT);
  43              	 .loc 1 71 0
  44 000a 0348     	 ldr r0,.L2
  45 000c FFF7FEFF 	 bl XMC_SCU_CLOCK_UngatePeripheralClock
  72:../Libraries/XMCLib/src/xmc_wdt.c **** #endif
  73:../Libraries/XMCLib/src/xmc_wdt.c **** #if defined(PERIPHERAL_RESET_SUPPORTED)
  74:../Libraries/XMCLib/src/xmc_wdt.c ****   XMC_SCU_RESET_DeassertPeripheralReset(XMC_SCU_PERIPHERAL_RESET_WDT);
  46              	 .loc 1 74 0
  47 0010 0148     	 ldr r0,.L2
  48 0012 FFF7FEFF 	 bl XMC_SCU_RESET_DeassertPeripheralReset
  75:../Libraries/XMCLib/src/xmc_wdt.c **** #endif
  76:../Libraries/XMCLib/src/xmc_wdt.c **** }
  49              	 .loc 1 76 0
  50 0016 80BD     	 pop {r7,pc}
  51              	.L3:
  52              	 .align 2
  53              	.L2:
  54 0018 02000020 	 .word 536870914
  55              	 .cfi_endproc
  56              	.LFE183:
  58              	 .section .text.XMC_WDT_Disable,"ax",%progbits
  59              	 .align 2
  60              	 .global XMC_WDT_Disable
  61              	 .thumb
  62              	 .thumb_func
  64              	XMC_WDT_Disable:
  65              	.LFB184:
  77:../Libraries/XMCLib/src/xmc_wdt.c **** 
  78:../Libraries/XMCLib/src/xmc_wdt.c **** /* Disables watchdog clock and resets watchdog. */
  79:../Libraries/XMCLib/src/xmc_wdt.c **** void XMC_WDT_Disable(void)
  80:../Libraries/XMCLib/src/xmc_wdt.c **** {
  66              	 .loc 1 80 0
  67              	 .cfi_startproc
  68              	 
  69              	 
  70 0000 80B5     	 push {r7,lr}
  71              	.LCFI2:
  72              	 .cfi_def_cfa_offset 8
  73              	 .cfi_offset 7,-8
  74              	 .cfi_offset 14,-4
  75 0002 00AF     	 add r7,sp,#0
  76              	.LCFI3:
  77              	 .cfi_def_cfa_register 7
  81:../Libraries/XMCLib/src/xmc_wdt.c **** #if defined(PERIPHERAL_RESET_SUPPORTED)
  82:../Libraries/XMCLib/src/xmc_wdt.c ****   XMC_SCU_RESET_AssertPeripheralReset(XMC_SCU_PERIPHERAL_RESET_WDT);
  78              	 .loc 1 82 0
  79 0004 0448     	 ldr r0,.L5
  80 0006 FFF7FEFF 	 bl XMC_SCU_RESET_AssertPeripheralReset
  83:../Libraries/XMCLib/src/xmc_wdt.c **** #endif
  84:../Libraries/XMCLib/src/xmc_wdt.c **** #if defined(CLOCK_GATING_SUPPORTED)
  85:../Libraries/XMCLib/src/xmc_wdt.c ****   XMC_SCU_CLOCK_GatePeripheralClock(XMC_SCU_PERIPHERAL_CLOCK_WDT);
  81              	 .loc 1 85 0
  82 000a 0348     	 ldr r0,.L5
  83 000c FFF7FEFF 	 bl XMC_SCU_CLOCK_GatePeripheralClock
  86:../Libraries/XMCLib/src/xmc_wdt.c **** #endif
  87:../Libraries/XMCLib/src/xmc_wdt.c **** 
  88:../Libraries/XMCLib/src/xmc_wdt.c **** #if UC_FAMILY == XMC4
  89:../Libraries/XMCLib/src/xmc_wdt.c ****   XMC_SCU_CLOCK_DisableClock(XMC_SCU_CLOCK_WDT);
  84              	 .loc 1 89 0
  85 0010 2020     	 movs r0,#32
  86 0012 FFF7FEFF 	 bl XMC_SCU_CLOCK_DisableClock
  90:../Libraries/XMCLib/src/xmc_wdt.c **** #endif
  91:../Libraries/XMCLib/src/xmc_wdt.c **** }
  87              	 .loc 1 91 0
  88 0016 80BD     	 pop {r7,pc}
  89              	.L6:
  90              	 .align 2
  91              	.L5:
  92 0018 02000020 	 .word 536870914
  93              	 .cfi_endproc
  94              	.LFE184:
  96              	 .section .text.XMC_WDT_Init,"ax",%progbits
  97              	 .align 2
  98              	 .global XMC_WDT_Init
  99              	 .thumb
 100              	 .thumb_func
 102              	XMC_WDT_Init:
 103              	.LFB185:
  92:../Libraries/XMCLib/src/xmc_wdt.c **** /* Initializes and configures watchdog with configuration data pointed by \a config. */
  93:../Libraries/XMCLib/src/xmc_wdt.c **** void XMC_WDT_Init(const XMC_WDT_CONFIG_t *const config)
  94:../Libraries/XMCLib/src/xmc_wdt.c **** {
 104              	 .loc 1 94 0
 105              	 .cfi_startproc
 106              	 
 107              	 
 108 0000 80B5     	 push {r7,lr}
 109              	.LCFI4:
 110              	 .cfi_def_cfa_offset 8
 111              	 .cfi_offset 7,-8
 112              	 .cfi_offset 14,-4
 113 0002 82B0     	 sub sp,sp,#8
 114              	.LCFI5:
 115              	 .cfi_def_cfa_offset 16
 116 0004 00AF     	 add r7,sp,#0
 117              	.LCFI6:
 118              	 .cfi_def_cfa_register 7
 119 0006 7860     	 str r0,[r7,#4]
  95:../Libraries/XMCLib/src/xmc_wdt.c ****   XMC_WDT_Enable();
 120              	 .loc 1 95 0
 121 0008 FFF7FEFF 	 bl XMC_WDT_Enable
  96:../Libraries/XMCLib/src/xmc_wdt.c ****   WDT->CTR = config->wdt_ctr;
 122              	 .loc 1 96 0
 123 000c 074A     	 ldr r2,.L8
 124 000e 7B68     	 ldr r3,[r7,#4]
 125 0010 9B68     	 ldr r3,[r3,#8]
 126 0012 5360     	 str r3,[r2,#4]
  97:../Libraries/XMCLib/src/xmc_wdt.c ****   WDT->WLB = config->window_lower_bound;
 127              	 .loc 1 97 0
 128 0014 054A     	 ldr r2,.L8
 129 0016 7B68     	 ldr r3,[r7,#4]
 130 0018 5B68     	 ldr r3,[r3,#4]
 131 001a 1361     	 str r3,[r2,#16]
  98:../Libraries/XMCLib/src/xmc_wdt.c ****   WDT->WUB = config->window_upper_bound;
 132              	 .loc 1 98 0
 133 001c 034A     	 ldr r2,.L8
 134 001e 7B68     	 ldr r3,[r7,#4]
 135 0020 1B68     	 ldr r3,[r3]
 136 0022 5361     	 str r3,[r2,#20]
  99:../Libraries/XMCLib/src/xmc_wdt.c **** }
 137              	 .loc 1 99 0
 138 0024 0837     	 adds r7,r7,#8
 139              	.LCFI7:
 140              	 .cfi_def_cfa_offset 8
 141 0026 BD46     	 mov sp,r7
 142              	.LCFI8:
 143              	 .cfi_def_cfa_register 13
 144              	 
 145 0028 80BD     	 pop {r7,pc}
 146              	.L9:
 147 002a 00BF     	 .align 2
 148              	.L8:
 149 002c 00800050 	 .word 1342210048
 150              	 .cfi_endproc
 151              	.LFE185:
 153              	 .text
 154              	.Letext0:
 155              	 .file 2 "d:\\programs\\infineon\\tools\\dave ide\\4.5.0.202105191637\\eclipse\\arm-gcc-49\\arm-none-eabi\\include\\machine\\_default_types.h"
 156              	 .file 3 "d:\\programs\\infineon\\tools\\dave ide\\4.5.0.202105191637\\eclipse\\arm-gcc-49\\arm-none-eabi\\include\\stdint.h"
 157              	 .file 4 "D:/Workspace/Development/my/DAVE/Infineon_CANopen/Libraries/CMSIS/Infineon/XMC4800_series/Include/XMC4800.h"
 158              	 .file 5 "D:/Workspace/Development/my/DAVE/Infineon_CANopen/Libraries/XMCLib/inc/xmc4_scu.h"
 159              	 .file 6 "D:/Workspace/Development/my/DAVE/Infineon_CANopen/Libraries/XMCLib/inc/xmc_wdt.h"
 160              	 .file 7 "D:/Workspace/Development/my/DAVE/Infineon_CANopen/Libraries/CMSIS/Include/cmsis_gcc.h"
 161              	 .file 8 "D:/Workspace/Development/my/DAVE/Infineon_CANopen/Libraries/CMSIS/Include/core_cm4.h"
 162              	 .file 9 "D:/Workspace/Development/my/DAVE/Infineon_CANopen/Libraries/CMSIS/Infineon/XMC4800_series/Include/system_XMC4800.h"
DEFINED SYMBOLS
                            *ABS*:00000000 xmc_wdt.c
    {standard input}:20     .text.XMC_WDT_Enable:00000000 $t
    {standard input}:25     .text.XMC_WDT_Enable:00000000 XMC_WDT_Enable
    {standard input}:54     .text.XMC_WDT_Enable:00000018 $d
    {standard input}:59     .text.XMC_WDT_Disable:00000000 $t
    {standard input}:64     .text.XMC_WDT_Disable:00000000 XMC_WDT_Disable
    {standard input}:92     .text.XMC_WDT_Disable:00000018 $d
    {standard input}:97     .text.XMC_WDT_Init:00000000 $t
    {standard input}:102    .text.XMC_WDT_Init:00000000 XMC_WDT_Init
    {standard input}:149    .text.XMC_WDT_Init:0000002c $d
                     .debug_frame:00000010 $d

UNDEFINED SYMBOLS
XMC_SCU_CLOCK_EnableClock
XMC_SCU_CLOCK_UngatePeripheralClock
XMC_SCU_RESET_DeassertPeripheralReset
XMC_SCU_RESET_AssertPeripheralReset
XMC_SCU_CLOCK_GatePeripheralClock
XMC_SCU_CLOCK_DisableClock
