Jul 04, 2022 8:23:43 PM java.util.logging.LogManager$RootLogger log
INFO: Start of solver :getFeasiblePins() : Mon Jul 04 20:23:43 EET 2022


Jul 04, 2022 8:23:43 PM java.util.logging.LogManager$RootLogger log
INFO: 
timeout(ask_feasible_mapping([reserved([can,_,global],'global_can$0435288881$0'),
reserved([scu,0,clkctrl,0,pll],'clock_xmc4$01551378862$0'),
reserved([scu,0,clkctrl,0,sys],'clock_xmc4$01551375569$0'),
reserved([scu,0,clkctrl,0,cpu],'clock_xmc4$01551391222$0'),
reserved([scu,0,clkctrl,0,perbridge],'clock_xmc4$494804424$0'),
reserved([scu,0,clkctrl,0,ebu],'clock_xmc4$01551389734$0'),
reserved([scu,0,clkctrl,0,ccu],'clock_xmc4$01551391625$0'),
reserved([scu,0,clkctrl,0,wdt],'clock_xmc4$01551372375$0'),
reserved([scu,0,clkctrl,0,usb],'clock_xmc4$01551373850$0'),
reserved([scu,0,clkctrl,0,sdmmc],'clock_xmc4$01551381723$0'),
reserved([scu,0,pwrctrl,0,hibernate],'clock_xmc4$0778278092$0'),
reserved([scu,0,rtcclksel],'clock_xmc4$1142722683$0'),
reserved([scu,0,trap,0,sysoscwd],'clock_xmc4$1091210735$0'),
reserved([scu,0,trap,0,sysvcolock],'clock_xmc4$1586947406$0'),
reserved([scu,0,trap,0,usbvcolock],'clock_xmc4$0261647995$0'),
reserved([scu,0,trap,0,ulpwdg],'clock_xmc4$01047137491$0'),
reserved([p,_,pad,_],'can_node$0829860$0'),
reserved([p,_,pad,_],'can_node$0829798$0'),
reserved([can,_,node,_],'can_node$1758010900$0'),
reserved([can,_,mo,_],'can_node$01337162187$0'),
reserved([can,_,mo,_],'can_node$01337162186$0'),
reserved([devicepackage,0,_],'can_node$788881170$0'),
uri([devicepackage,0,f2],'can_node$788881170$0'),
reserved([devicepackage,0,_],'can_node$788881232$0'),
uri([devicepackage,0,d3],'can_node$788881232$0'),
reserved([ccu4,GLOBAL_CCU40sv0,global],'global_ccu4$01760137752$0'),
reserved([scu,_,gcu,ccu4_global_enable,GLOBAL_CCU40sv0],'global_ccu4$89752826$0'),
reserved([ccu4,_,cc4,_],'timer$844337652$0'),
reserved([cpu,0,exception,nmi],'cpu_ctrl_xmc4$01637679009$0'),
reserved([cpu,0,exception,hardfault],'cpu_ctrl_xmc4$0571328980$0'),
reserved([cpu,0,exception,memmanage],'cpu_ctrl_xmc4$1768468879$0'),
reserved([cpu,0,exception,busfault],'cpu_ctrl_xmc4$1763234541$0'),
reserved([cpu,0,exception,usagefault],'cpu_ctrl_xmc4$1814460844$0'),
reserved([cpu,0,debug],'cpu_ctrl_xmc4$1964564605$0'),
reserved([debug_port,_,pad,_],'cpu_ctrl_xmc4$01540614004$0'),
reserved([debug_port,_,pad,_],'cpu_ctrl_xmc4$01540614322$0'),
reserved([cpu,0,nvic,interrupt,_],'interrupt$01436523993$0'),
reserved([cpu,0,nvic,interrupt,_],'interrupt$01947058170$1'),
reserved([usic,_,channel,_],'spi_master$502965524$0'),
reserved([p,SPI_MASTER0sv0,pad,_],'spi_master$01389259346$0'),
reserved([p,_,pad,_],'spi_master$01389259345$0'),
reserved([p,_,pad,_],'spi_master$562750778$0'),
reserved([p,_,pad,_],'spi_master$454601686$0'),
reserved([devicepackage,0,_],'spi_master$01515434204$0'),
uri([devicepackage,0,k8],'spi_master$01515434204$0'),
reserved([devicepackage,0,_],'spi_master$01515434203$0'),
reserved([devicepackage,0,_],'spi_master$946297476$0'),
uri([devicepackage,0,f12],'spi_master$946297476$0'),
reserved([devicepackage,0,_],'spi_master$1656703692$0'),
reserved([p,DIGITAL_IO0sv0,pad,_],'digital_io$01383135420$0'),
reserved([devicepackage,0,_],'digital_io$36800462$0'),
uri([devicepackage,0,f9],'digital_io$36800462$0'),
signal('clock_xmc4$494804424$0',fpb,'clock_xmc4$494804424$0$fpb'),
signal('clock_xmc4$01551391625$0',fccu,'clock_xmc4$01551391625$0$fccu'),
signal('can_node$1758010900$0',rxd,'can_node$1758010900$0$rxd'),
signal('can_node$1758010900$0',txd,'can_node$1758010900$0$txd'),
signal('can_node$0829860$0',pad,'can_node$0829860$0$pad'),
signal('can_node$0829798$0',pad,'can_node$0829798$0$pad'),
signal('can_node$1758010900$0',alinp,'can_node$1758010900$0$alinp'),
signal('can_node$01337162186$0',rxinp,'can_node$01337162186$0$rxinp'),
signal('can_node$788881170$0',pin,'can_node$788881170$0$pin'),
signal('can_node$788881232$0',pin,'can_node$788881232$0$pin'),
signal('global_ccu4$01760137752$0',global_signal,'global_ccu4$01760137752$0$global_signal'),
signal('global_ccu4$01760137752$0',clk,'global_ccu4$01760137752$0$clk'),
signal('global_ccu4$89752826$0',gsc_enable,'global_ccu4$89752826$0$gsc_enable'),
signal('timer$844337652$0',pmus_omds,'timer$844337652$0$pmus_omds'),
signal('timer$844337652$0',global_signal,'timer$844337652$0$global_signal'),
signal('cpu_ctrl_xmc4$01637679009$0',nmi_in,'cpu_ctrl_xmc4$01637679009$0$nmi_in'),
signal('cpu_ctrl_xmc4$1964564605$0',db_tck,'cpu_ctrl_xmc4$1964564605$0$db_tck'),
signal('cpu_ctrl_xmc4$1964564605$0',db_tms,'cpu_ctrl_xmc4$1964564605$0$db_tms'),
signal('interrupt$01436523993$0',signal_in,'interrupt$01436523993$0$signal_in'),
signal('interrupt$01947058170$1',signal_in,'interrupt$01947058170$1$signal_in'),
signal('spi_master$502965524$0',dx0ins,'spi_master$502965524$0$dx0ins'),
signal('spi_master$502965524$0',dout0,'spi_master$502965524$0$dout0'),
signal('spi_master$502965524$0',dout1,'spi_master$502965524$0$dout1'),
signal('spi_master$502965524$0',dout2,'spi_master$502965524$0$dout2'),
signal('spi_master$502965524$0',dout3,'spi_master$502965524$0$dout3'),
signal('spi_master$01389259346$0',pad,'spi_master$01389259346$0$pad'),
signal('spi_master$01389259345$0',pad,'spi_master$01389259345$0$pad'),
signal('spi_master$562750778$0',pad,'spi_master$562750778$0$pad'),
signal('spi_master$502965524$0',sclkout,'spi_master$502965524$0$sclkout'),
signal('spi_master$502965524$0',SPI_MASTER0sv2,'spi_master$502965524$0$SPI_MASTER0sv2'),
signal('spi_master$454601686$0',pad,'spi_master$454601686$0$pad'),
signal('spi_master$502965524$0',protocol_specific_int,'spi_master$502965524$0$protocol_specific_int'),
signal('spi_master$502965524$0',standard_transmit_buffer_int,'spi_master$502965524$0$standard_transmit_buffer_int'),
signal('spi_master$502965524$0',standard_receive_buffer_int,'spi_master$502965524$0$standard_receive_buffer_int'),
signal('spi_master$502965524$0',alternate_receive_buffer_int,'spi_master$502965524$0$alternate_receive_buffer_int'),
signal('spi_master$01389259346$0',hw_o,'spi_master$01389259346$0$hw_o'),
signal('spi_master$01389259345$0',hw_o,'spi_master$01389259345$0$hw_o'),
signal('spi_master$01515434204$0',pin,'spi_master$01515434204$0$pin'),
signal('spi_master$01515434203$0',pin,'spi_master$01515434203$0$pin'),
signal('spi_master$946297476$0',pin,'spi_master$946297476$0$pin'),
signal('spi_master$1656703692$0',pin,'spi_master$1656703692$0$pin'),
signal('digital_io$01383135420$0',swreg_out,'digital_io$01383135420$0$swreg_out'),
signal('digital_io$01383135420$0',pad,'digital_io$01383135420$0$pad'),
signal('digital_io$36800462$0',pin,'digital_io$36800462$0$pin'),
connected('can_node$788881170$0$pin','can_node$0829860$0$pad',1),
connected('can_node$788881232$0$pin','can_node$0829798$0$pad',1),
connected('can_node$0829860$0$pad','can_node$788881170$0$pin',1),
connected('can_node$0829860$0$pad','can_node$1758010900$0$rxd',1),
connected('can_node$1758010900$0$txd','can_node$0829798$0$pad',1),
connected('can_node$0829798$0$pad','can_node$788881232$0$pin',1),
connected('can_node$01337162186$0$rxinp','interrupt$01947058170$1$signal_in',1),
connected('clock_xmc4$01551391625$0$fccu','global_ccu4$01760137752$0$clk',1),
connected('timer$844337652$0$pmus_omds','interrupt$01436523993$0$signal_in',1),
connected('global_ccu4$01760137752$0$global_signal','timer$844337652$0$global_signal',1),
connected('spi_master$01515434204$0$pin','spi_master$01389259346$0$pad',1),
connected('spi_master$01515434203$0$pin','spi_master$01389259345$0$pad',1),
connected('spi_master$946297476$0$pin','spi_master$562750778$0$pad',1),
connected('spi_master$1656703692$0$pin','spi_master$454601686$0$pad',1),
connected('spi_master$502965524$0$dout0','spi_master$01389259346$0$pad',1),
connected('spi_master$01389259346$0$pad','spi_master$01515434204$0$pin',1),
connected('spi_master$01389259345$0$pad','spi_master$01515434203$0$pin',1),
connected('spi_master$01389259345$0$pad','spi_master$502965524$0$dx0ins',1),
connected('spi_master$562750778$0$pad','spi_master$946297476$0$pin',1),
connected('spi_master$502965524$0$sclkout','spi_master$562750778$0$pad',1),
connected('spi_master$454601686$0$pad','spi_master$1656703692$0$pin',1),
connected('spi_master$502965524$0$SPI_MASTER0sv2','spi_master$454601686$0$pad',1),
connected('digital_io$36800462$0$pin','digital_io$01383135420$0$pad',1),
connected('digital_io$01383135420$0$pad','digital_io$36800462$0$pin',1),
rg_constraint_property_value('spi_master$562750778$0', speed_class of rg_property, ['A1','A1+','A2']),
rg_constraint_property_value('spi_master$01389259345$0', speed_class of rg_property, ['A1','A1+','A2']),
uri_element_range(SPI_MASTER0sv0,[0, 1, 2, 3, 4, 5, 6, 7, 8, 9, 14, 15]),
rg_constraint_property_value('spi_master$01389259346$0', speed_class of rg_property, ['A1','A1+','A2']),
uri_element_range(SPI_MASTER0sv2,[selo0, selo1, selo2, selo3, selo4, selo5, selo6, selo7]),
register_value('spi_master$502965524$0',ccr_hpcen,0),
register_value('spi_master$502965524$0',tbctr_size,5),
register_value('spi_master$502965524$0',rbctr_size,5),
uri_element_range(DIGITAL_IO0sv0,[0, 1, 2, 3, 4, 5, 6, 7, 8, 9]),
register_value('digital_io$01383135420$0',iocr_oe,1),
rg_constraint_property_value('digital_io$01383135420$0', speed_class of rg_property, ['A1','A1+','A2'])],'spi_master$01515434203$0',Result),15,writeln(timeout),all_solution, Timer, Due, Remainder).



Jul 04, 2022 8:23:44 PM java.util.logging.LogManager$RootLogger log
INFO: 
End of solver : getFeasiblePins() :  Difference in ms 374


Jul 04, 2022 8:23:44 PM java.util.logging.LogManager$RootLogger log
INFO: [/devicepackage/0/e10, /devicepackage/0/f10, /devicepackage/0/e9, /devicepackage/0/k9, /devicepackage/0/a3]


Jul 04, 2022 8:23:53 PM java.util.logging.LogManager$RootLogger log
INFO: Start of solver :getFeasiblePins() : Mon Jul 04 20:23:53 EET 2022


Jul 04, 2022 8:23:53 PM java.util.logging.LogManager$RootLogger log
INFO: 
timeout(ask_feasible_mapping([reserved([can,_,global],'global_can$0435288881$0'),
reserved([scu,0,clkctrl,0,pll],'clock_xmc4$01551378862$0'),
reserved([scu,0,clkctrl,0,sys],'clock_xmc4$01551375569$0'),
reserved([scu,0,clkctrl,0,cpu],'clock_xmc4$01551391222$0'),
reserved([scu,0,clkctrl,0,perbridge],'clock_xmc4$494804424$0'),
reserved([scu,0,clkctrl,0,ebu],'clock_xmc4$01551389734$0'),
reserved([scu,0,clkctrl,0,ccu],'clock_xmc4$01551391625$0'),
reserved([scu,0,clkctrl,0,wdt],'clock_xmc4$01551372375$0'),
reserved([scu,0,clkctrl,0,usb],'clock_xmc4$01551373850$0'),
reserved([scu,0,clkctrl,0,sdmmc],'clock_xmc4$01551381723$0'),
reserved([scu,0,pwrctrl,0,hibernate],'clock_xmc4$0778278092$0'),
reserved([scu,0,rtcclksel],'clock_xmc4$1142722683$0'),
reserved([scu,0,trap,0,sysoscwd],'clock_xmc4$1091210735$0'),
reserved([scu,0,trap,0,sysvcolock],'clock_xmc4$1586947406$0'),
reserved([scu,0,trap,0,usbvcolock],'clock_xmc4$0261647995$0'),
reserved([scu,0,trap,0,ulpwdg],'clock_xmc4$01047137491$0'),
reserved([p,_,pad,_],'can_node$0829860$0'),
reserved([p,_,pad,_],'can_node$0829798$0'),
reserved([can,_,node,_],'can_node$1758010900$0'),
reserved([can,_,mo,_],'can_node$01337162187$0'),
reserved([can,_,mo,_],'can_node$01337162186$0'),
reserved([devicepackage,0,_],'can_node$788881170$0'),
uri([devicepackage,0,f2],'can_node$788881170$0'),
reserved([devicepackage,0,_],'can_node$788881232$0'),
uri([devicepackage,0,d3],'can_node$788881232$0'),
reserved([ccu4,GLOBAL_CCU40sv0,global],'global_ccu4$01760137752$0'),
reserved([scu,_,gcu,ccu4_global_enable,GLOBAL_CCU40sv0],'global_ccu4$89752826$0'),
reserved([ccu4,_,cc4,_],'timer$844337652$0'),
reserved([cpu,0,exception,nmi],'cpu_ctrl_xmc4$01637679009$0'),
reserved([cpu,0,exception,hardfault],'cpu_ctrl_xmc4$0571328980$0'),
reserved([cpu,0,exception,memmanage],'cpu_ctrl_xmc4$1768468879$0'),
reserved([cpu,0,exception,busfault],'cpu_ctrl_xmc4$1763234541$0'),
reserved([cpu,0,exception,usagefault],'cpu_ctrl_xmc4$1814460844$0'),
reserved([cpu,0,debug],'cpu_ctrl_xmc4$1964564605$0'),
reserved([debug_port,_,pad,_],'cpu_ctrl_xmc4$01540614004$0'),
reserved([debug_port,_,pad,_],'cpu_ctrl_xmc4$01540614322$0'),
reserved([cpu,0,nvic,interrupt,_],'interrupt$01436523993$0'),
reserved([cpu,0,nvic,interrupt,_],'interrupt$01947058170$1'),
reserved([usic,_,channel,_],'spi_master$502965524$0'),
reserved([p,SPI_MASTER0sv0,pad,_],'spi_master$01389259346$0'),
reserved([p,_,pad,_],'spi_master$01389259345$0'),
reserved([p,_,pad,_],'spi_master$562750778$0'),
reserved([p,_,pad,_],'spi_master$454601686$0'),
reserved([devicepackage,0,_],'spi_master$01515434204$0'),
reserved([devicepackage,0,_],'spi_master$01515434203$0'),
uri([devicepackage,0,k9],'spi_master$01515434203$0'),
reserved([devicepackage,0,_],'spi_master$946297476$0'),
uri([devicepackage,0,f12],'spi_master$946297476$0'),
reserved([devicepackage,0,_],'spi_master$1656703692$0'),
reserved([p,DIGITAL_IO0sv0,pad,_],'digital_io$01383135420$0'),
reserved([devicepackage,0,_],'digital_io$36800462$0'),
uri([devicepackage,0,f9],'digital_io$36800462$0'),
signal('clock_xmc4$494804424$0',fpb,'clock_xmc4$494804424$0$fpb'),
signal('clock_xmc4$01551391625$0',fccu,'clock_xmc4$01551391625$0$fccu'),
signal('can_node$1758010900$0',rxd,'can_node$1758010900$0$rxd'),
signal('can_node$1758010900$0',txd,'can_node$1758010900$0$txd'),
signal('can_node$0829860$0',pad,'can_node$0829860$0$pad'),
signal('can_node$0829798$0',pad,'can_node$0829798$0$pad'),
signal('can_node$1758010900$0',alinp,'can_node$1758010900$0$alinp'),
signal('can_node$01337162186$0',rxinp,'can_node$01337162186$0$rxinp'),
signal('can_node$788881170$0',pin,'can_node$788881170$0$pin'),
signal('can_node$788881232$0',pin,'can_node$788881232$0$pin'),
signal('global_ccu4$01760137752$0',global_signal,'global_ccu4$01760137752$0$global_signal'),
signal('global_ccu4$01760137752$0',clk,'global_ccu4$01760137752$0$clk'),
signal('global_ccu4$89752826$0',gsc_enable,'global_ccu4$89752826$0$gsc_enable'),
signal('timer$844337652$0',pmus_omds,'timer$844337652$0$pmus_omds'),
signal('timer$844337652$0',global_signal,'timer$844337652$0$global_signal'),
signal('cpu_ctrl_xmc4$01637679009$0',nmi_in,'cpu_ctrl_xmc4$01637679009$0$nmi_in'),
signal('cpu_ctrl_xmc4$1964564605$0',db_tck,'cpu_ctrl_xmc4$1964564605$0$db_tck'),
signal('cpu_ctrl_xmc4$1964564605$0',db_tms,'cpu_ctrl_xmc4$1964564605$0$db_tms'),
signal('interrupt$01436523993$0',signal_in,'interrupt$01436523993$0$signal_in'),
signal('interrupt$01947058170$1',signal_in,'interrupt$01947058170$1$signal_in'),
signal('spi_master$502965524$0',dx0ins,'spi_master$502965524$0$dx0ins'),
signal('spi_master$502965524$0',dout0,'spi_master$502965524$0$dout0'),
signal('spi_master$502965524$0',dout1,'spi_master$502965524$0$dout1'),
signal('spi_master$502965524$0',dout2,'spi_master$502965524$0$dout2'),
signal('spi_master$502965524$0',dout3,'spi_master$502965524$0$dout3'),
signal('spi_master$01389259346$0',pad,'spi_master$01389259346$0$pad'),
signal('spi_master$01389259345$0',pad,'spi_master$01389259345$0$pad'),
signal('spi_master$562750778$0',pad,'spi_master$562750778$0$pad'),
signal('spi_master$502965524$0',sclkout,'spi_master$502965524$0$sclkout'),
signal('spi_master$502965524$0',SPI_MASTER0sv2,'spi_master$502965524$0$SPI_MASTER0sv2'),
signal('spi_master$454601686$0',pad,'spi_master$454601686$0$pad'),
signal('spi_master$502965524$0',protocol_specific_int,'spi_master$502965524$0$protocol_specific_int'),
signal('spi_master$502965524$0',standard_transmit_buffer_int,'spi_master$502965524$0$standard_transmit_buffer_int'),
signal('spi_master$502965524$0',standard_receive_buffer_int,'spi_master$502965524$0$standard_receive_buffer_int'),
signal('spi_master$502965524$0',alternate_receive_buffer_int,'spi_master$502965524$0$alternate_receive_buffer_int'),
signal('spi_master$01389259346$0',hw_o,'spi_master$01389259346$0$hw_o'),
signal('spi_master$01389259345$0',hw_o,'spi_master$01389259345$0$hw_o'),
signal('spi_master$01515434204$0',pin,'spi_master$01515434204$0$pin'),
signal('spi_master$01515434203$0',pin,'spi_master$01515434203$0$pin'),
signal('spi_master$946297476$0',pin,'spi_master$946297476$0$pin'),
signal('spi_master$1656703692$0',pin,'spi_master$1656703692$0$pin'),
signal('digital_io$01383135420$0',swreg_out,'digital_io$01383135420$0$swreg_out'),
signal('digital_io$01383135420$0',pad,'digital_io$01383135420$0$pad'),
signal('digital_io$36800462$0',pin,'digital_io$36800462$0$pin'),
connected('can_node$788881170$0$pin','can_node$0829860$0$pad',1),
connected('can_node$788881232$0$pin','can_node$0829798$0$pad',1),
connected('can_node$0829860$0$pad','can_node$788881170$0$pin',1),
connected('can_node$0829860$0$pad','can_node$1758010900$0$rxd',1),
connected('can_node$1758010900$0$txd','can_node$0829798$0$pad',1),
connected('can_node$0829798$0$pad','can_node$788881232$0$pin',1),
connected('can_node$01337162186$0$rxinp','interrupt$01947058170$1$signal_in',1),
connected('clock_xmc4$01551391625$0$fccu','global_ccu4$01760137752$0$clk',1),
connected('timer$844337652$0$pmus_omds','interrupt$01436523993$0$signal_in',1),
connected('global_ccu4$01760137752$0$global_signal','timer$844337652$0$global_signal',1),
connected('spi_master$01515434204$0$pin','spi_master$01389259346$0$pad',1),
connected('spi_master$01515434203$0$pin','spi_master$01389259345$0$pad',1),
connected('spi_master$946297476$0$pin','spi_master$562750778$0$pad',1),
connected('spi_master$1656703692$0$pin','spi_master$454601686$0$pad',1),
connected('spi_master$502965524$0$dout0','spi_master$01389259346$0$pad',1),
connected('spi_master$01389259346$0$pad','spi_master$01515434204$0$pin',1),
connected('spi_master$01389259345$0$pad','spi_master$01515434203$0$pin',1),
connected('spi_master$01389259345$0$pad','spi_master$502965524$0$dx0ins',1),
connected('spi_master$562750778$0$pad','spi_master$946297476$0$pin',1),
connected('spi_master$502965524$0$sclkout','spi_master$562750778$0$pad',1),
connected('spi_master$454601686$0$pad','spi_master$1656703692$0$pin',1),
connected('spi_master$502965524$0$SPI_MASTER0sv2','spi_master$454601686$0$pad',1),
connected('digital_io$36800462$0$pin','digital_io$01383135420$0$pad',1),
connected('digital_io$01383135420$0$pad','digital_io$36800462$0$pin',1),
rg_constraint_property_value('spi_master$562750778$0', speed_class of rg_property, ['A1','A1+','A2']),
rg_constraint_property_value('spi_master$01389259345$0', speed_class of rg_property, ['A1','A1+','A2']),
uri_element_range(SPI_MASTER0sv0,[0, 1, 2, 3, 4, 5, 6, 7, 8, 9, 14, 15]),
rg_constraint_property_value('spi_master$01389259346$0', speed_class of rg_property, ['A1','A1+','A2']),
uri_element_range(SPI_MASTER0sv2,[selo0, selo1, selo2, selo3, selo4, selo5, selo6, selo7]),
register_value('spi_master$502965524$0',ccr_hpcen,0),
register_value('spi_master$502965524$0',tbctr_size,5),
register_value('spi_master$502965524$0',rbctr_size,5),
uri_element_range(DIGITAL_IO0sv0,[0, 1, 2, 3, 4, 5, 6, 7, 8, 9]),
register_value('digital_io$01383135420$0',iocr_oe,1),
rg_constraint_property_value('digital_io$01383135420$0', speed_class of rg_property, ['A1','A1+','A2'])],'spi_master$01515434204$0',Result),15,writeln(timeout),all_solution, Timer, Due, Remainder).



Jul 04, 2022 8:23:53 PM java.util.logging.LogManager$RootLogger log
INFO: 
End of solver : getFeasiblePins() :  Difference in ms 320


Jul 04, 2022 8:23:53 PM java.util.logging.LogManager$RootLogger log
INFO: [/devicepackage/0/f10, /devicepackage/0/d10, /devicepackage/0/k8, /devicepackage/0/b4]


Jul 04, 2022 8:23:53 PM java.util.logging.LogManager$RootLogger log
INFO: Start of solver :getFeasiblePins() : Mon Jul 04 20:23:53 EET 2022


Jul 04, 2022 8:23:53 PM java.util.logging.LogManager$RootLogger log
INFO: 
timeout(ask_feasible_mapping([reserved([can,_,global],'global_can$0435288881$0'),
reserved([scu,0,clkctrl,0,pll],'clock_xmc4$01551378862$0'),
reserved([scu,0,clkctrl,0,sys],'clock_xmc4$01551375569$0'),
reserved([scu,0,clkctrl,0,cpu],'clock_xmc4$01551391222$0'),
reserved([scu,0,clkctrl,0,perbridge],'clock_xmc4$494804424$0'),
reserved([scu,0,clkctrl,0,ebu],'clock_xmc4$01551389734$0'),
reserved([scu,0,clkctrl,0,ccu],'clock_xmc4$01551391625$0'),
reserved([scu,0,clkctrl,0,wdt],'clock_xmc4$01551372375$0'),
reserved([scu,0,clkctrl,0,usb],'clock_xmc4$01551373850$0'),
reserved([scu,0,clkctrl,0,sdmmc],'clock_xmc4$01551381723$0'),
reserved([scu,0,pwrctrl,0,hibernate],'clock_xmc4$0778278092$0'),
reserved([scu,0,rtcclksel],'clock_xmc4$1142722683$0'),
reserved([scu,0,trap,0,sysoscwd],'clock_xmc4$1091210735$0'),
reserved([scu,0,trap,0,sysvcolock],'clock_xmc4$1586947406$0'),
reserved([scu,0,trap,0,usbvcolock],'clock_xmc4$0261647995$0'),
reserved([scu,0,trap,0,ulpwdg],'clock_xmc4$01047137491$0'),
reserved([p,_,pad,_],'can_node$0829860$0'),
reserved([p,_,pad,_],'can_node$0829798$0'),
reserved([can,_,node,_],'can_node$1758010900$0'),
reserved([can,_,mo,_],'can_node$01337162187$0'),
reserved([can,_,mo,_],'can_node$01337162186$0'),
reserved([devicepackage,0,_],'can_node$788881170$0'),
uri([devicepackage,0,f2],'can_node$788881170$0'),
reserved([devicepackage,0,_],'can_node$788881232$0'),
uri([devicepackage,0,d3],'can_node$788881232$0'),
reserved([ccu4,GLOBAL_CCU40sv0,global],'global_ccu4$01760137752$0'),
reserved([scu,_,gcu,ccu4_global_enable,GLOBAL_CCU40sv0],'global_ccu4$89752826$0'),
reserved([ccu4,_,cc4,_],'timer$844337652$0'),
reserved([cpu,0,exception,nmi],'cpu_ctrl_xmc4$01637679009$0'),
reserved([cpu,0,exception,hardfault],'cpu_ctrl_xmc4$0571328980$0'),
reserved([cpu,0,exception,memmanage],'cpu_ctrl_xmc4$1768468879$0'),
reserved([cpu,0,exception,busfault],'cpu_ctrl_xmc4$1763234541$0'),
reserved([cpu,0,exception,usagefault],'cpu_ctrl_xmc4$1814460844$0'),
reserved([cpu,0,debug],'cpu_ctrl_xmc4$1964564605$0'),
reserved([debug_port,_,pad,_],'cpu_ctrl_xmc4$01540614004$0'),
reserved([debug_port,_,pad,_],'cpu_ctrl_xmc4$01540614322$0'),
reserved([cpu,0,nvic,interrupt,_],'interrupt$01436523993$0'),
reserved([cpu,0,nvic,interrupt,_],'interrupt$01947058170$1'),
reserved([usic,_,channel,_],'spi_master$502965524$0'),
reserved([p,SPI_MASTER0sv0,pad,_],'spi_master$01389259346$0'),
reserved([p,_,pad,_],'spi_master$01389259345$0'),
reserved([p,_,pad,_],'spi_master$562750778$0'),
reserved([p,_,pad,_],'spi_master$454601686$0'),
reserved([devicepackage,0,_],'spi_master$01515434204$0'),
reserved([devicepackage,0,_],'spi_master$01515434203$0'),
uri([devicepackage,0,k9],'spi_master$01515434203$0'),
reserved([devicepackage,0,_],'spi_master$946297476$0'),
uri([devicepackage,0,f12],'spi_master$946297476$0'),
reserved([devicepackage,0,_],'spi_master$1656703692$0'),
reserved([p,DIGITAL_IO0sv0,pad,_],'digital_io$01383135420$0'),
reserved([devicepackage,0,_],'digital_io$36800462$0'),
uri([devicepackage,0,f9],'digital_io$36800462$0'),
signal('clock_xmc4$494804424$0',fpb,'clock_xmc4$494804424$0$fpb'),
signal('clock_xmc4$01551391625$0',fccu,'clock_xmc4$01551391625$0$fccu'),
signal('can_node$1758010900$0',rxd,'can_node$1758010900$0$rxd'),
signal('can_node$1758010900$0',txd,'can_node$1758010900$0$txd'),
signal('can_node$0829860$0',pad,'can_node$0829860$0$pad'),
signal('can_node$0829798$0',pad,'can_node$0829798$0$pad'),
signal('can_node$1758010900$0',alinp,'can_node$1758010900$0$alinp'),
signal('can_node$01337162186$0',rxinp,'can_node$01337162186$0$rxinp'),
signal('can_node$788881170$0',pin,'can_node$788881170$0$pin'),
signal('can_node$788881232$0',pin,'can_node$788881232$0$pin'),
signal('global_ccu4$01760137752$0',global_signal,'global_ccu4$01760137752$0$global_signal'),
signal('global_ccu4$01760137752$0',clk,'global_ccu4$01760137752$0$clk'),
signal('global_ccu4$89752826$0',gsc_enable,'global_ccu4$89752826$0$gsc_enable'),
signal('timer$844337652$0',pmus_omds,'timer$844337652$0$pmus_omds'),
signal('timer$844337652$0',global_signal,'timer$844337652$0$global_signal'),
signal('cpu_ctrl_xmc4$01637679009$0',nmi_in,'cpu_ctrl_xmc4$01637679009$0$nmi_in'),
signal('cpu_ctrl_xmc4$1964564605$0',db_tck,'cpu_ctrl_xmc4$1964564605$0$db_tck'),
signal('cpu_ctrl_xmc4$1964564605$0',db_tms,'cpu_ctrl_xmc4$1964564605$0$db_tms'),
signal('interrupt$01436523993$0',signal_in,'interrupt$01436523993$0$signal_in'),
signal('interrupt$01947058170$1',signal_in,'interrupt$01947058170$1$signal_in'),
signal('spi_master$502965524$0',dx0ins,'spi_master$502965524$0$dx0ins'),
signal('spi_master$502965524$0',dout0,'spi_master$502965524$0$dout0'),
signal('spi_master$502965524$0',dout1,'spi_master$502965524$0$dout1'),
signal('spi_master$502965524$0',dout2,'spi_master$502965524$0$dout2'),
signal('spi_master$502965524$0',dout3,'spi_master$502965524$0$dout3'),
signal('spi_master$01389259346$0',pad,'spi_master$01389259346$0$pad'),
signal('spi_master$01389259345$0',pad,'spi_master$01389259345$0$pad'),
signal('spi_master$562750778$0',pad,'spi_master$562750778$0$pad'),
signal('spi_master$502965524$0',sclkout,'spi_master$502965524$0$sclkout'),
signal('spi_master$502965524$0',SPI_MASTER0sv2,'spi_master$502965524$0$SPI_MASTER0sv2'),
signal('spi_master$454601686$0',pad,'spi_master$454601686$0$pad'),
signal('spi_master$502965524$0',protocol_specific_int,'spi_master$502965524$0$protocol_specific_int'),
signal('spi_master$502965524$0',standard_transmit_buffer_int,'spi_master$502965524$0$standard_transmit_buffer_int'),
signal('spi_master$502965524$0',standard_receive_buffer_int,'spi_master$502965524$0$standard_receive_buffer_int'),
signal('spi_master$502965524$0',alternate_receive_buffer_int,'spi_master$502965524$0$alternate_receive_buffer_int'),
signal('spi_master$01389259346$0',hw_o,'spi_master$01389259346$0$hw_o'),
signal('spi_master$01389259345$0',hw_o,'spi_master$01389259345$0$hw_o'),
signal('spi_master$01515434204$0',pin,'spi_master$01515434204$0$pin'),
signal('spi_master$01515434203$0',pin,'spi_master$01515434203$0$pin'),
signal('spi_master$946297476$0',pin,'spi_master$946297476$0$pin'),
signal('spi_master$1656703692$0',pin,'spi_master$1656703692$0$pin'),
signal('digital_io$01383135420$0',swreg_out,'digital_io$01383135420$0$swreg_out'),
signal('digital_io$01383135420$0',pad,'digital_io$01383135420$0$pad'),
signal('digital_io$36800462$0',pin,'digital_io$36800462$0$pin'),
connected('can_node$788881170$0$pin','can_node$0829860$0$pad',1),
connected('can_node$788881232$0$pin','can_node$0829798$0$pad',1),
connected('can_node$0829860$0$pad','can_node$788881170$0$pin',1),
connected('can_node$0829860$0$pad','can_node$1758010900$0$rxd',1),
connected('can_node$1758010900$0$txd','can_node$0829798$0$pad',1),
connected('can_node$0829798$0$pad','can_node$788881232$0$pin',1),
connected('can_node$01337162186$0$rxinp','interrupt$01947058170$1$signal_in',1),
connected('clock_xmc4$01551391625$0$fccu','global_ccu4$01760137752$0$clk',1),
connected('timer$844337652$0$pmus_omds','interrupt$01436523993$0$signal_in',1),
connected('global_ccu4$01760137752$0$global_signal','timer$844337652$0$global_signal',1),
connected('spi_master$01515434204$0$pin','spi_master$01389259346$0$pad',1),
connected('spi_master$01515434203$0$pin','spi_master$01389259345$0$pad',1),
connected('spi_master$946297476$0$pin','spi_master$562750778$0$pad',1),
connected('spi_master$1656703692$0$pin','spi_master$454601686$0$pad',1),
connected('spi_master$502965524$0$dout0','spi_master$01389259346$0$pad',1),
connected('spi_master$01389259346$0$pad','spi_master$01515434204$0$pin',1),
connected('spi_master$01389259345$0$pad','spi_master$01515434203$0$pin',1),
connected('spi_master$01389259345$0$pad','spi_master$502965524$0$dx0ins',1),
connected('spi_master$562750778$0$pad','spi_master$946297476$0$pin',1),
connected('spi_master$502965524$0$sclkout','spi_master$562750778$0$pad',1),
connected('spi_master$454601686$0$pad','spi_master$1656703692$0$pin',1),
connected('spi_master$502965524$0$SPI_MASTER0sv2','spi_master$454601686$0$pad',1),
connected('digital_io$36800462$0$pin','digital_io$01383135420$0$pad',1),
connected('digital_io$01383135420$0$pad','digital_io$36800462$0$pin',1),
rg_constraint_property_value('spi_master$562750778$0', speed_class of rg_property, ['A1','A1+','A2']),
rg_constraint_property_value('spi_master$01389259345$0', speed_class of rg_property, ['A1','A1+','A2']),
uri_element_range(SPI_MASTER0sv0,[0, 1, 2, 3, 4, 5, 6, 7, 8, 9, 14, 15]),
rg_constraint_property_value('spi_master$01389259346$0', speed_class of rg_property, ['A1','A1+','A2']),
uri_element_range(SPI_MASTER0sv2,[selo0, selo1, selo2, selo3, selo4, selo5, selo6, selo7]),
register_value('spi_master$502965524$0',ccr_hpcen,0),
register_value('spi_master$502965524$0',tbctr_size,5),
register_value('spi_master$502965524$0',rbctr_size,5),
uri_element_range(DIGITAL_IO0sv0,[0, 1, 2, 3, 4, 5, 6, 7, 8, 9]),
register_value('digital_io$01383135420$0',iocr_oe,1),
rg_constraint_property_value('digital_io$01383135420$0', speed_class of rg_property, ['A1','A1+','A2'])],'spi_master$01515434204$0',Result),15,writeln(timeout),all_solution, Timer, Due, Remainder).



Jul 04, 2022 8:23:53 PM java.util.logging.LogManager$RootLogger log
INFO: 
End of solver : getFeasiblePins() :  Difference in ms 305


Jul 04, 2022 8:23:53 PM java.util.logging.LogManager$RootLogger log
INFO: [/devicepackage/0/f10, /devicepackage/0/d10, /devicepackage/0/k8, /devicepackage/0/b4]


Jul 06, 2022 11:10:38 AM java.util.logging.LogManager$RootLogger log
INFO: Start of solver :getOutputSignals() : Wed Jul 06 11:10:38 EET 2022


Jul 06, 2022 11:10:38 AM java.util.logging.LogManager$RootLogger log
INFO: 
timeout(reserved_resource_group_output_signals([reserved([can,_,global],'global_can$0435288881$0'),
reserved([scu,0,clkctrl,0,pll],'clock_xmc4$01551378862$0'),
reserved([scu,0,clkctrl,0,sys],'clock_xmc4$01551375569$0'),
reserved([scu,0,clkctrl,0,cpu],'clock_xmc4$01551391222$0'),
reserved([scu,0,clkctrl,0,perbridge],'clock_xmc4$494804424$0'),
reserved([scu,0,clkctrl,0,ebu],'clock_xmc4$01551389734$0'),
reserved([scu,0,clkctrl,0,ccu],'clock_xmc4$01551391625$0'),
reserved([scu,0,clkctrl,0,wdt],'clock_xmc4$01551372375$0'),
reserved([scu,0,clkctrl,0,usb],'clock_xmc4$01551373850$0'),
reserved([scu,0,clkctrl,0,sdmmc],'clock_xmc4$01551381723$0'),
reserved([scu,0,pwrctrl,0,hibernate],'clock_xmc4$0778278092$0'),
reserved([scu,0,rtcclksel],'clock_xmc4$1142722683$0'),
reserved([scu,0,trap,0,sysoscwd],'clock_xmc4$1091210735$0'),
reserved([scu,0,trap,0,sysvcolock],'clock_xmc4$1586947406$0'),
reserved([scu,0,trap,0,usbvcolock],'clock_xmc4$0261647995$0'),
reserved([scu,0,trap,0,ulpwdg],'clock_xmc4$01047137491$0'),
reserved([p,_,pad,_],'can_node$0829860$0'),
reserved([p,_,pad,_],'can_node$0829798$0'),
reserved([can,_,node,_],'can_node$1758010900$0'),
reserved([can,_,mo,_],'can_node$01337162187$0'),
reserved([can,_,mo,_],'can_node$01337162186$0'),
reserved([devicepackage,0,_],'can_node$788881170$0'),
uri([devicepackage,0,f2],'can_node$788881170$0'),
reserved([devicepackage,0,_],'can_node$788881232$0'),
uri([devicepackage,0,d3],'can_node$788881232$0'),
reserved([ccu4,GLOBAL_CCU40sv0,global],'global_ccu4$01760137752$0'),
reserved([scu,_,gcu,ccu4_global_enable,GLOBAL_CCU40sv0],'global_ccu4$89752826$0'),
reserved([ccu4,_,cc4,_],'timer$844337652$0'),
reserved([cpu,0,exception,nmi],'cpu_ctrl_xmc4$01637679009$0'),
reserved([cpu,0,exception,hardfault],'cpu_ctrl_xmc4$0571328980$0'),
reserved([cpu,0,exception,memmanage],'cpu_ctrl_xmc4$1768468879$0'),
reserved([cpu,0,exception,busfault],'cpu_ctrl_xmc4$1763234541$0'),
reserved([cpu,0,exception,usagefault],'cpu_ctrl_xmc4$1814460844$0'),
reserved([cpu,0,debug],'cpu_ctrl_xmc4$1964564605$0'),
reserved([debug_port,_,pad,_],'cpu_ctrl_xmc4$01540614004$0'),
reserved([debug_port,_,pad,_],'cpu_ctrl_xmc4$01540614322$0'),
reserved([cpu,0,nvic,interrupt,_],'interrupt$01436523993$0'),
reserved([cpu,0,nvic,interrupt,_],'interrupt$01947058170$1'),
reserved([usic,_,channel,_],'spi_master$502965524$0'),
reserved([p,SPI_MASTER0sv0,pad,_],'spi_master$01389259346$0'),
reserved([p,_,pad,_],'spi_master$01389259345$0'),
reserved([p,_,pad,_],'spi_master$562750778$0'),
reserved([p,_,pad,_],'spi_master$454601686$0'),
reserved([devicepackage,0,_],'spi_master$01515434204$0'),
uri([devicepackage,0,k8],'spi_master$01515434204$0'),
reserved([devicepackage,0,_],'spi_master$01515434203$0'),
uri([devicepackage,0,k9],'spi_master$01515434203$0'),
reserved([devicepackage,0,_],'spi_master$946297476$0'),
uri([devicepackage,0,f12],'spi_master$946297476$0'),
reserved([devicepackage,0,_],'spi_master$1656703692$0'),
reserved([p,DIGITAL_IO0sv0,pad,_],'digital_io$01383135420$0'),
reserved([devicepackage,0,_],'digital_io$36800462$0'),
uri([devicepackage,0,f9],'digital_io$36800462$0'),
signal('clock_xmc4$494804424$0',fpb,'clock_xmc4$494804424$0$fpb'),
signal('clock_xmc4$01551391625$0',fccu,'clock_xmc4$01551391625$0$fccu'),
signal('can_node$1758010900$0',rxd,'can_node$1758010900$0$rxd'),
signal('can_node$1758010900$0',txd,'can_node$1758010900$0$txd'),
signal('can_node$0829860$0',pad,'can_node$0829860$0$pad'),
signal('can_node$0829798$0',pad,'can_node$0829798$0$pad'),
signal('can_node$1758010900$0',alinp,'can_node$1758010900$0$alinp'),
signal('can_node$01337162186$0',rxinp,'can_node$01337162186$0$rxinp'),
signal('can_node$788881170$0',pin,'can_node$788881170$0$pin'),
signal('can_node$788881232$0',pin,'can_node$788881232$0$pin'),
signal('global_ccu4$01760137752$0',global_signal,'global_ccu4$01760137752$0$global_signal'),
signal('global_ccu4$01760137752$0',clk,'global_ccu4$01760137752$0$clk'),
signal('global_ccu4$89752826$0',gsc_enable,'global_ccu4$89752826$0$gsc_enable'),
signal('timer$844337652$0',pmus_omds,'timer$844337652$0$pmus_omds'),
signal('timer$844337652$0',global_signal,'timer$844337652$0$global_signal'),
signal('cpu_ctrl_xmc4$01637679009$0',nmi_in,'cpu_ctrl_xmc4$01637679009$0$nmi_in'),
signal('cpu_ctrl_xmc4$1964564605$0',db_tck,'cpu_ctrl_xmc4$1964564605$0$db_tck'),
signal('cpu_ctrl_xmc4$1964564605$0',db_tms,'cpu_ctrl_xmc4$1964564605$0$db_tms'),
signal('interrupt$01436523993$0',signal_in,'interrupt$01436523993$0$signal_in'),
signal('interrupt$01947058170$1',signal_in,'interrupt$01947058170$1$signal_in'),
signal('spi_master$502965524$0',dx0ins,'spi_master$502965524$0$dx0ins'),
signal('spi_master$502965524$0',dout0,'spi_master$502965524$0$dout0'),
signal('spi_master$502965524$0',dout1,'spi_master$502965524$0$dout1'),
signal('spi_master$502965524$0',dout2,'spi_master$502965524$0$dout2'),
signal('spi_master$502965524$0',dout3,'spi_master$502965524$0$dout3'),
signal('spi_master$01389259346$0',pad,'spi_master$01389259346$0$pad'),
signal('spi_master$01389259345$0',pad,'spi_master$01389259345$0$pad'),
signal('spi_master$562750778$0',pad,'spi_master$562750778$0$pad'),
signal('spi_master$502965524$0',sclkout,'spi_master$502965524$0$sclkout'),
signal('spi_master$502965524$0',SPI_MASTER0sv2,'spi_master$502965524$0$SPI_MASTER0sv2'),
signal('spi_master$454601686$0',pad,'spi_master$454601686$0$pad'),
signal('spi_master$502965524$0',protocol_specific_int,'spi_master$502965524$0$protocol_specific_int'),
signal('spi_master$502965524$0',standard_transmit_buffer_int,'spi_master$502965524$0$standard_transmit_buffer_int'),
signal('spi_master$502965524$0',standard_receive_buffer_int,'spi_master$502965524$0$standard_receive_buffer_int'),
signal('spi_master$502965524$0',alternate_receive_buffer_int,'spi_master$502965524$0$alternate_receive_buffer_int'),
signal('spi_master$01389259346$0',hw_o,'spi_master$01389259346$0$hw_o'),
signal('spi_master$01389259345$0',hw_o,'spi_master$01389259345$0$hw_o'),
signal('spi_master$01515434204$0',pin,'spi_master$01515434204$0$pin'),
signal('spi_master$01515434203$0',pin,'spi_master$01515434203$0$pin'),
signal('spi_master$946297476$0',pin,'spi_master$946297476$0$pin'),
signal('spi_master$1656703692$0',pin,'spi_master$1656703692$0$pin'),
signal('digital_io$01383135420$0',swreg_out,'digital_io$01383135420$0$swreg_out'),
signal('digital_io$01383135420$0',pad,'digital_io$01383135420$0$pad'),
signal('digital_io$36800462$0',pin,'digital_io$36800462$0$pin'),
connected('can_node$788881170$0$pin','can_node$0829860$0$pad',1),
connected('can_node$788881232$0$pin','can_node$0829798$0$pad',1),
connected('can_node$0829860$0$pad','can_node$788881170$0$pin',1),
connected('can_node$0829860$0$pad','can_node$1758010900$0$rxd',1),
connected('can_node$1758010900$0$txd','can_node$0829798$0$pad',1),
connected('can_node$0829798$0$pad','can_node$788881232$0$pin',1),
connected('can_node$01337162186$0$rxinp','interrupt$01947058170$1$signal_in',1),
connected('clock_xmc4$01551391625$0$fccu','global_ccu4$01760137752$0$clk',1),
connected('timer$844337652$0$pmus_omds','interrupt$01436523993$0$signal_in',1),
connected('global_ccu4$01760137752$0$global_signal','timer$844337652$0$global_signal',1),
connected('spi_master$01515434204$0$pin','spi_master$01389259346$0$pad',1),
connected('spi_master$01515434203$0$pin','spi_master$01389259345$0$pad',1),
connected('spi_master$946297476$0$pin','spi_master$562750778$0$pad',1),
connected('spi_master$1656703692$0$pin','spi_master$454601686$0$pad',1),
connected('spi_master$502965524$0$dout0','spi_master$01389259346$0$pad',1),
connected('spi_master$01389259346$0$pad','spi_master$01515434204$0$pin',1),
connected('spi_master$01389259345$0$pad','spi_master$01515434203$0$pin',1),
connected('spi_master$01389259345$0$pad','spi_master$502965524$0$dx0ins',1),
connected('spi_master$562750778$0$pad','spi_master$946297476$0$pin',1),
connected('spi_master$502965524$0$sclkout','spi_master$562750778$0$pad',1),
connected('spi_master$454601686$0$pad','spi_master$1656703692$0$pin',1),
connected('spi_master$502965524$0$SPI_MASTER0sv2','spi_master$454601686$0$pad',1),
connected('digital_io$36800462$0$pin','digital_io$01383135420$0$pad',1),
connected('digital_io$01383135420$0$pad','digital_io$36800462$0$pin',1),
rg_constraint_property_value('spi_master$562750778$0', speed_class of rg_property, ['A1','A1+','A2']),
rg_constraint_property_value('spi_master$01389259345$0', speed_class of rg_property, ['A1','A1+','A2']),
uri_element_range(SPI_MASTER0sv0,[0, 1, 2, 3, 4, 5, 6, 7, 8, 9, 14, 15]),
rg_constraint_property_value('spi_master$01389259346$0', speed_class of rg_property, ['A1','A1+','A2']),
uri_element_range(SPI_MASTER0sv2,[selo0, selo1, selo2, selo3, selo4, selo5, selo6, selo7]),
register_value('spi_master$502965524$0',ccr_hpcen,0),
register_value('spi_master$502965524$0',tbctr_size,5),
register_value('spi_master$502965524$0',rbctr_size,5),
uri_element_range(DIGITAL_IO0sv0,[0, 1, 2, 3, 4, 5, 6, 7, 8, 9]),
register_value('digital_io$01383135420$0',iocr_oe,1),
rg_constraint_property_value('digital_io$01383135420$0', speed_class of rg_property, ['A1','A1+','A2'])], 'timer','0', Output_signals),15,writeln(timeout),all_solution, Timer, Due, Remainder).



Jul 06, 2022 11:10:39 AM java.util.logging.LogManager$RootLogger log
INFO: 
End of solver : getOutputSignals() :  Difference in ms 351


Jul 06, 2022 11:10:43 AM java.util.logging.LogManager$RootLogger log
INFO: Start of solver :getOutputSignals() : Wed Jul 06 11:10:43 EET 2022


Jul 06, 2022 11:10:43 AM java.util.logging.LogManager$RootLogger log
INFO: 
timeout(reserved_resource_group_output_signals([reserved([can,_,global],'global_can$0435288881$0'),
reserved([scu,0,clkctrl,0,pll],'clock_xmc4$01551378862$0'),
reserved([scu,0,clkctrl,0,sys],'clock_xmc4$01551375569$0'),
reserved([scu,0,clkctrl,0,cpu],'clock_xmc4$01551391222$0'),
reserved([scu,0,clkctrl,0,perbridge],'clock_xmc4$494804424$0'),
reserved([scu,0,clkctrl,0,ebu],'clock_xmc4$01551389734$0'),
reserved([scu,0,clkctrl,0,ccu],'clock_xmc4$01551391625$0'),
reserved([scu,0,clkctrl,0,wdt],'clock_xmc4$01551372375$0'),
reserved([scu,0,clkctrl,0,usb],'clock_xmc4$01551373850$0'),
reserved([scu,0,clkctrl,0,sdmmc],'clock_xmc4$01551381723$0'),
reserved([scu,0,pwrctrl,0,hibernate],'clock_xmc4$0778278092$0'),
reserved([scu,0,rtcclksel],'clock_xmc4$1142722683$0'),
reserved([scu,0,trap,0,sysoscwd],'clock_xmc4$1091210735$0'),
reserved([scu,0,trap,0,sysvcolock],'clock_xmc4$1586947406$0'),
reserved([scu,0,trap,0,usbvcolock],'clock_xmc4$0261647995$0'),
reserved([scu,0,trap,0,ulpwdg],'clock_xmc4$01047137491$0'),
reserved([p,_,pad,_],'can_node$0829860$0'),
reserved([p,_,pad,_],'can_node$0829798$0'),
reserved([can,_,node,_],'can_node$1758010900$0'),
reserved([can,_,mo,_],'can_node$01337162187$0'),
reserved([can,_,mo,_],'can_node$01337162186$0'),
reserved([devicepackage,0,_],'can_node$788881170$0'),
uri([devicepackage,0,f2],'can_node$788881170$0'),
reserved([devicepackage,0,_],'can_node$788881232$0'),
uri([devicepackage,0,d3],'can_node$788881232$0'),
reserved([ccu4,GLOBAL_CCU40sv0,global],'global_ccu4$01760137752$0'),
reserved([scu,_,gcu,ccu4_global_enable,GLOBAL_CCU40sv0],'global_ccu4$89752826$0'),
reserved([ccu4,_,cc4,_],'timer$844337652$0'),
reserved([cpu,0,exception,nmi],'cpu_ctrl_xmc4$01637679009$0'),
reserved([cpu,0,exception,hardfault],'cpu_ctrl_xmc4$0571328980$0'),
reserved([cpu,0,exception,memmanage],'cpu_ctrl_xmc4$1768468879$0'),
reserved([cpu,0,exception,busfault],'cpu_ctrl_xmc4$1763234541$0'),
reserved([cpu,0,exception,usagefault],'cpu_ctrl_xmc4$1814460844$0'),
reserved([cpu,0,debug],'cpu_ctrl_xmc4$1964564605$0'),
reserved([debug_port,_,pad,_],'cpu_ctrl_xmc4$01540614004$0'),
reserved([debug_port,_,pad,_],'cpu_ctrl_xmc4$01540614322$0'),
reserved([cpu,0,nvic,interrupt,_],'interrupt$01436523993$0'),
reserved([cpu,0,nvic,interrupt,_],'interrupt$01947058170$1'),
reserved([usic,_,channel,_],'spi_master$502965524$0'),
reserved([p,SPI_MASTER0sv0,pad,_],'spi_master$01389259346$0'),
reserved([p,_,pad,_],'spi_master$01389259345$0'),
reserved([p,_,pad,_],'spi_master$562750778$0'),
reserved([p,_,pad,_],'spi_master$454601686$0'),
reserved([devicepackage,0,_],'spi_master$01515434204$0'),
uri([devicepackage,0,k8],'spi_master$01515434204$0'),
reserved([devicepackage,0,_],'spi_master$01515434203$0'),
uri([devicepackage,0,k9],'spi_master$01515434203$0'),
reserved([devicepackage,0,_],'spi_master$946297476$0'),
uri([devicepackage,0,f12],'spi_master$946297476$0'),
reserved([devicepackage,0,_],'spi_master$1656703692$0'),
reserved([p,DIGITAL_IO0sv0,pad,_],'digital_io$01383135420$0'),
reserved([devicepackage,0,_],'digital_io$36800462$0'),
uri([devicepackage,0,f9],'digital_io$36800462$0'),
signal('clock_xmc4$494804424$0',fpb,'clock_xmc4$494804424$0$fpb'),
signal('clock_xmc4$01551391625$0',fccu,'clock_xmc4$01551391625$0$fccu'),
signal('can_node$1758010900$0',rxd,'can_node$1758010900$0$rxd'),
signal('can_node$1758010900$0',txd,'can_node$1758010900$0$txd'),
signal('can_node$0829860$0',pad,'can_node$0829860$0$pad'),
signal('can_node$0829798$0',pad,'can_node$0829798$0$pad'),
signal('can_node$1758010900$0',alinp,'can_node$1758010900$0$alinp'),
signal('can_node$01337162186$0',rxinp,'can_node$01337162186$0$rxinp'),
signal('can_node$788881170$0',pin,'can_node$788881170$0$pin'),
signal('can_node$788881232$0',pin,'can_node$788881232$0$pin'),
signal('global_ccu4$01760137752$0',global_signal,'global_ccu4$01760137752$0$global_signal'),
signal('global_ccu4$01760137752$0',clk,'global_ccu4$01760137752$0$clk'),
signal('global_ccu4$89752826$0',gsc_enable,'global_ccu4$89752826$0$gsc_enable'),
signal('timer$844337652$0',pmus_omds,'timer$844337652$0$pmus_omds'),
signal('timer$844337652$0',global_signal,'timer$844337652$0$global_signal'),
signal('cpu_ctrl_xmc4$01637679009$0',nmi_in,'cpu_ctrl_xmc4$01637679009$0$nmi_in'),
signal('cpu_ctrl_xmc4$1964564605$0',db_tck,'cpu_ctrl_xmc4$1964564605$0$db_tck'),
signal('cpu_ctrl_xmc4$1964564605$0',db_tms,'cpu_ctrl_xmc4$1964564605$0$db_tms'),
signal('interrupt$01436523993$0',signal_in,'interrupt$01436523993$0$signal_in'),
signal('interrupt$01947058170$1',signal_in,'interrupt$01947058170$1$signal_in'),
signal('spi_master$502965524$0',dx0ins,'spi_master$502965524$0$dx0ins'),
signal('spi_master$502965524$0',dout0,'spi_master$502965524$0$dout0'),
signal('spi_master$502965524$0',dout1,'spi_master$502965524$0$dout1'),
signal('spi_master$502965524$0',dout2,'spi_master$502965524$0$dout2'),
signal('spi_master$502965524$0',dout3,'spi_master$502965524$0$dout3'),
signal('spi_master$01389259346$0',pad,'spi_master$01389259346$0$pad'),
signal('spi_master$01389259345$0',pad,'spi_master$01389259345$0$pad'),
signal('spi_master$562750778$0',pad,'spi_master$562750778$0$pad'),
signal('spi_master$502965524$0',sclkout,'spi_master$502965524$0$sclkout'),
signal('spi_master$502965524$0',SPI_MASTER0sv2,'spi_master$502965524$0$SPI_MASTER0sv2'),
signal('spi_master$454601686$0',pad,'spi_master$454601686$0$pad'),
signal('spi_master$502965524$0',protocol_specific_int,'spi_master$502965524$0$protocol_specific_int'),
signal('spi_master$502965524$0',standard_transmit_buffer_int,'spi_master$502965524$0$standard_transmit_buffer_int'),
signal('spi_master$502965524$0',standard_receive_buffer_int,'spi_master$502965524$0$standard_receive_buffer_int'),
signal('spi_master$502965524$0',alternate_receive_buffer_int,'spi_master$502965524$0$alternate_receive_buffer_int'),
signal('spi_master$01389259346$0',hw_o,'spi_master$01389259346$0$hw_o'),
signal('spi_master$01389259345$0',hw_o,'spi_master$01389259345$0$hw_o'),
signal('spi_master$01515434204$0',pin,'spi_master$01515434204$0$pin'),
signal('spi_master$01515434203$0',pin,'spi_master$01515434203$0$pin'),
signal('spi_master$946297476$0',pin,'spi_master$946297476$0$pin'),
signal('spi_master$1656703692$0',pin,'spi_master$1656703692$0$pin'),
signal('digital_io$01383135420$0',swreg_out,'digital_io$01383135420$0$swreg_out'),
signal('digital_io$01383135420$0',pad,'digital_io$01383135420$0$pad'),
signal('digital_io$36800462$0',pin,'digital_io$36800462$0$pin'),
connected('can_node$788881170$0$pin','can_node$0829860$0$pad',1),
connected('can_node$788881232$0$pin','can_node$0829798$0$pad',1),
connected('can_node$0829860$0$pad','can_node$788881170$0$pin',1),
connected('can_node$0829860$0$pad','can_node$1758010900$0$rxd',1),
connected('can_node$1758010900$0$txd','can_node$0829798$0$pad',1),
connected('can_node$0829798$0$pad','can_node$788881232$0$pin',1),
connected('can_node$01337162186$0$rxinp','interrupt$01947058170$1$signal_in',1),
connected('clock_xmc4$01551391625$0$fccu','global_ccu4$01760137752$0$clk',1),
connected('timer$844337652$0$pmus_omds','interrupt$01436523993$0$signal_in',1),
connected('global_ccu4$01760137752$0$global_signal','timer$844337652$0$global_signal',1),
connected('spi_master$01515434204$0$pin','spi_master$01389259346$0$pad',1),
connected('spi_master$01515434203$0$pin','spi_master$01389259345$0$pad',1),
connected('spi_master$946297476$0$pin','spi_master$562750778$0$pad',1),
connected('spi_master$1656703692$0$pin','spi_master$454601686$0$pad',1),
connected('spi_master$502965524$0$dout0','spi_master$01389259346$0$pad',1),
connected('spi_master$01389259346$0$pad','spi_master$01515434204$0$pin',1),
connected('spi_master$01389259345$0$pad','spi_master$01515434203$0$pin',1),
connected('spi_master$01389259345$0$pad','spi_master$502965524$0$dx0ins',1),
connected('spi_master$562750778$0$pad','spi_master$946297476$0$pin',1),
connected('spi_master$502965524$0$sclkout','spi_master$562750778$0$pad',1),
connected('spi_master$454601686$0$pad','spi_master$1656703692$0$pin',1),
connected('spi_master$502965524$0$SPI_MASTER0sv2','spi_master$454601686$0$pad',1),
connected('digital_io$36800462$0$pin','digital_io$01383135420$0$pad',1),
connected('digital_io$01383135420$0$pad','digital_io$36800462$0$pin',1),
rg_constraint_property_value('spi_master$562750778$0', speed_class of rg_property, ['A1','A1+','A2']),
rg_constraint_property_value('spi_master$01389259345$0', speed_class of rg_property, ['A1','A1+','A2']),
uri_element_range(SPI_MASTER0sv0,[0, 1, 2, 3, 4, 5, 6, 7, 8, 9, 14, 15]),
rg_constraint_property_value('spi_master$01389259346$0', speed_class of rg_property, ['A1','A1+','A2']),
uri_element_range(SPI_MASTER0sv2,[selo0, selo1, selo2, selo3, selo4, selo5, selo6, selo7]),
register_value('spi_master$502965524$0',ccr_hpcen,0),
register_value('spi_master$502965524$0',tbctr_size,5),
register_value('spi_master$502965524$0',rbctr_size,5),
uri_element_range(DIGITAL_IO0sv0,[0, 1, 2, 3, 4, 5, 6, 7, 8, 9]),
register_value('digital_io$01383135420$0',iocr_oe,1),
rg_constraint_property_value('digital_io$01383135420$0', speed_class of rg_property, ['A1','A1+','A2'])], 'can_node','0', Output_signals),15,writeln(timeout),all_solution, Timer, Due, Remainder).



Jul 06, 2022 11:10:43 AM java.util.logging.LogManager$RootLogger log
INFO: 
End of solver : getOutputSignals() :  Difference in ms 355


Oct 06, 2022 9:58:34 AM java.util.logging.LogManager$RootLogger log
INFO: Start of solver :getOutputSignals() : Thu Oct 06 09:58:34 EET 2022


Oct 06, 2022 9:58:34 AM java.util.logging.LogManager$RootLogger log
INFO: 
timeout(reserved_resource_group_output_signals([reserved([can,_,global],'global_can$0435288881$0'),
reserved([scu,0,clkctrl,0,pll],'clock_xmc4$01551378862$0'),
reserved([scu,0,clkctrl,0,sys],'clock_xmc4$01551375569$0'),
reserved([scu,0,clkctrl,0,cpu],'clock_xmc4$01551391222$0'),
reserved([scu,0,clkctrl,0,perbridge],'clock_xmc4$494804424$0'),
reserved([scu,0,clkctrl,0,ebu],'clock_xmc4$01551389734$0'),
reserved([scu,0,clkctrl,0,ccu],'clock_xmc4$01551391625$0'),
reserved([scu,0,clkctrl,0,wdt],'clock_xmc4$01551372375$0'),
reserved([scu,0,clkctrl,0,usb],'clock_xmc4$01551373850$0'),
reserved([scu,0,clkctrl,0,sdmmc],'clock_xmc4$01551381723$0'),
reserved([scu,0,pwrctrl,0,hibernate],'clock_xmc4$0778278092$0'),
reserved([scu,0,rtcclksel],'clock_xmc4$1142722683$0'),
reserved([scu,0,trap,0,sysoscwd],'clock_xmc4$1091210735$0'),
reserved([scu,0,trap,0,sysvcolock],'clock_xmc4$1586947406$0'),
reserved([scu,0,trap,0,usbvcolock],'clock_xmc4$0261647995$0'),
reserved([scu,0,trap,0,ulpwdg],'clock_xmc4$01047137491$0'),
reserved([p,_,pad,_],'can_node$0829860$0'),
reserved([p,_,pad,_],'can_node$0829798$0'),
reserved([can,_,node,_],'can_node$1758010900$0'),
reserved([can,_,mo,_],'can_node$01337162187$0'),
reserved([can,_,mo,_],'can_node$01337162186$0'),
reserved([devicepackage,0,_],'can_node$788881170$0'),
uri([devicepackage,0,f2],'can_node$788881170$0'),
reserved([devicepackage,0,_],'can_node$788881232$0'),
uri([devicepackage,0,d3],'can_node$788881232$0'),
reserved([ccu4,GLOBAL_CCU40sv0,global],'global_ccu4$01760137752$0'),
reserved([scu,_,gcu,ccu4_global_enable,GLOBAL_CCU40sv0],'global_ccu4$89752826$0'),
reserved([ccu4,_,cc4,_],'timer$844337652$0'),
reserved([cpu,0,exception,nmi],'cpu_ctrl_xmc4$01637679009$0'),
reserved([cpu,0,exception,hardfault],'cpu_ctrl_xmc4$0571328980$0'),
reserved([cpu,0,exception,memmanage],'cpu_ctrl_xmc4$1768468879$0'),
reserved([cpu,0,exception,busfault],'cpu_ctrl_xmc4$1763234541$0'),
reserved([cpu,0,exception,usagefault],'cpu_ctrl_xmc4$1814460844$0'),
reserved([cpu,0,debug],'cpu_ctrl_xmc4$1964564605$0'),
reserved([debug_port,_,pad,_],'cpu_ctrl_xmc4$01540614004$0'),
reserved([debug_port,_,pad,_],'cpu_ctrl_xmc4$01540614322$0'),
reserved([cpu,0,nvic,interrupt,_],'interrupt$01436523993$0'),
reserved([cpu,0,nvic,interrupt,_],'interrupt$01947058170$1'),
reserved([usic,_,channel,_],'spi_master$502965524$0'),
reserved([p,SPI_MASTER0sv0,pad,_],'spi_master$01389259346$0'),
reserved([p,_,pad,_],'spi_master$01389259345$0'),
reserved([p,_,pad,_],'spi_master$562750778$0'),
reserved([p,_,pad,_],'spi_master$454601686$0'),
reserved([devicepackage,0,_],'spi_master$01515434204$0'),
uri([devicepackage,0,k8],'spi_master$01515434204$0'),
reserved([devicepackage,0,_],'spi_master$01515434203$0'),
uri([devicepackage,0,k9],'spi_master$01515434203$0'),
reserved([devicepackage,0,_],'spi_master$946297476$0'),
uri([devicepackage,0,f12],'spi_master$946297476$0'),
reserved([devicepackage,0,_],'spi_master$1656703692$0'),
reserved([p,DIGITAL_IO0sv0,pad,_],'digital_io$01383135420$0'),
reserved([devicepackage,0,_],'digital_io$36800462$0'),
uri([devicepackage,0,f9],'digital_io$36800462$0'),
signal('clock_xmc4$494804424$0',fpb,'clock_xmc4$494804424$0$fpb'),
signal('clock_xmc4$01551391625$0',fccu,'clock_xmc4$01551391625$0$fccu'),
signal('can_node$1758010900$0',rxd,'can_node$1758010900$0$rxd'),
signal('can_node$1758010900$0',txd,'can_node$1758010900$0$txd'),
signal('can_node$0829860$0',pad,'can_node$0829860$0$pad'),
signal('can_node$0829798$0',pad,'can_node$0829798$0$pad'),
signal('can_node$1758010900$0',alinp,'can_node$1758010900$0$alinp'),
signal('can_node$01337162186$0',rxinp,'can_node$01337162186$0$rxinp'),
signal('can_node$788881170$0',pin,'can_node$788881170$0$pin'),
signal('can_node$788881232$0',pin,'can_node$788881232$0$pin'),
signal('global_ccu4$01760137752$0',global_signal,'global_ccu4$01760137752$0$global_signal'),
signal('global_ccu4$01760137752$0',clk,'global_ccu4$01760137752$0$clk'),
signal('global_ccu4$89752826$0',gsc_enable,'global_ccu4$89752826$0$gsc_enable'),
signal('timer$844337652$0',pmus_omds,'timer$844337652$0$pmus_omds'),
signal('timer$844337652$0',global_signal,'timer$844337652$0$global_signal'),
signal('cpu_ctrl_xmc4$01637679009$0',nmi_in,'cpu_ctrl_xmc4$01637679009$0$nmi_in'),
signal('cpu_ctrl_xmc4$1964564605$0',db_tck,'cpu_ctrl_xmc4$1964564605$0$db_tck'),
signal('cpu_ctrl_xmc4$1964564605$0',db_tms,'cpu_ctrl_xmc4$1964564605$0$db_tms'),
signal('interrupt$01436523993$0',signal_in,'interrupt$01436523993$0$signal_in'),
signal('interrupt$01947058170$1',signal_in,'interrupt$01947058170$1$signal_in'),
signal('spi_master$502965524$0',dx0ins,'spi_master$502965524$0$dx0ins'),
signal('spi_master$502965524$0',dout0,'spi_master$502965524$0$dout0'),
signal('spi_master$502965524$0',dout1,'spi_master$502965524$0$dout1'),
signal('spi_master$502965524$0',dout2,'spi_master$502965524$0$dout2'),
signal('spi_master$502965524$0',dout3,'spi_master$502965524$0$dout3'),
signal('spi_master$01389259346$0',pad,'spi_master$01389259346$0$pad'),
signal('spi_master$01389259345$0',pad,'spi_master$01389259345$0$pad'),
signal('spi_master$562750778$0',pad,'spi_master$562750778$0$pad'),
signal('spi_master$502965524$0',sclkout,'spi_master$502965524$0$sclkout'),
signal('spi_master$502965524$0',SPI_MASTER0sv2,'spi_master$502965524$0$SPI_MASTER0sv2'),
signal('spi_master$454601686$0',pad,'spi_master$454601686$0$pad'),
signal('spi_master$502965524$0',protocol_specific_int,'spi_master$502965524$0$protocol_specific_int'),
signal('spi_master$502965524$0',standard_transmit_buffer_int,'spi_master$502965524$0$standard_transmit_buffer_int'),
signal('spi_master$502965524$0',standard_receive_buffer_int,'spi_master$502965524$0$standard_receive_buffer_int'),
signal('spi_master$502965524$0',alternate_receive_buffer_int,'spi_master$502965524$0$alternate_receive_buffer_int'),
signal('spi_master$01389259346$0',hw_o,'spi_master$01389259346$0$hw_o'),
signal('spi_master$01389259345$0',hw_o,'spi_master$01389259345$0$hw_o'),
signal('spi_master$01515434204$0',pin,'spi_master$01515434204$0$pin'),
signal('spi_master$01515434203$0',pin,'spi_master$01515434203$0$pin'),
signal('spi_master$946297476$0',pin,'spi_master$946297476$0$pin'),
signal('spi_master$1656703692$0',pin,'spi_master$1656703692$0$pin'),
signal('digital_io$01383135420$0',swreg_out,'digital_io$01383135420$0$swreg_out'),
signal('digital_io$01383135420$0',pad,'digital_io$01383135420$0$pad'),
signal('digital_io$36800462$0',pin,'digital_io$36800462$0$pin'),
connected('can_node$788881170$0$pin','can_node$0829860$0$pad',1),
connected('can_node$788881232$0$pin','can_node$0829798$0$pad',1),
connected('can_node$0829860$0$pad','can_node$788881170$0$pin',1),
connected('can_node$0829860$0$pad','can_node$1758010900$0$rxd',1),
connected('can_node$1758010900$0$txd','can_node$0829798$0$pad',1),
connected('can_node$0829798$0$pad','can_node$788881232$0$pin',1),
connected('can_node$01337162186$0$rxinp','interrupt$01947058170$1$signal_in',1),
connected('clock_xmc4$01551391625$0$fccu','global_ccu4$01760137752$0$clk',1),
connected('timer$844337652$0$pmus_omds','interrupt$01436523993$0$signal_in',1),
connected('global_ccu4$01760137752$0$global_signal','timer$844337652$0$global_signal',1),
connected('spi_master$01515434204$0$pin','spi_master$01389259346$0$pad',1),
connected('spi_master$01515434203$0$pin','spi_master$01389259345$0$pad',1),
connected('spi_master$946297476$0$pin','spi_master$562750778$0$pad',1),
connected('spi_master$1656703692$0$pin','spi_master$454601686$0$pad',1),
connected('spi_master$502965524$0$dout0','spi_master$01389259346$0$pad',1),
connected('spi_master$01389259346$0$pad','spi_master$01515434204$0$pin',1),
connected('spi_master$01389259345$0$pad','spi_master$01515434203$0$pin',1),
connected('spi_master$01389259345$0$pad','spi_master$502965524$0$dx0ins',1),
connected('spi_master$562750778$0$pad','spi_master$946297476$0$pin',1),
connected('spi_master$502965524$0$sclkout','spi_master$562750778$0$pad',1),
connected('spi_master$454601686$0$pad','spi_master$1656703692$0$pin',1),
connected('spi_master$502965524$0$SPI_MASTER0sv2','spi_master$454601686$0$pad',1),
connected('digital_io$36800462$0$pin','digital_io$01383135420$0$pad',1),
connected('digital_io$01383135420$0$pad','digital_io$36800462$0$pin',1),
rg_constraint_property_value('spi_master$562750778$0', speed_class of rg_property, ['A1','A1+','A2']),
rg_constraint_property_value('spi_master$01389259345$0', speed_class of rg_property, ['A1','A1+','A2']),
uri_element_range(SPI_MASTER0sv0,[0, 1, 2, 3, 4, 5, 6, 7, 8, 9, 14, 15]),
rg_constraint_property_value('spi_master$01389259346$0', speed_class of rg_property, ['A1','A1+','A2']),
uri_element_range(SPI_MASTER0sv2,[selo0, selo1, selo2, selo3, selo4, selo5, selo6, selo7]),
register_value('spi_master$502965524$0',ccr_hpcen,0),
register_value('spi_master$502965524$0',tbctr_size,5),
register_value('spi_master$502965524$0',rbctr_size,5),
uri_element_range(DIGITAL_IO0sv0,[0, 1, 2, 3, 4, 5, 6, 7, 8, 9]),
register_value('digital_io$01383135420$0',iocr_oe,1),
rg_constraint_property_value('digital_io$01383135420$0', speed_class of rg_property, ['A1','A1+','A2'])], 'interrupt','1', Output_signals),15,writeln(timeout),all_solution, Timer, Due, Remainder).



Oct 06, 2022 9:58:34 AM java.util.logging.LogManager$RootLogger log
INFO: 
End of solver : getOutputSignals() :  Difference in ms 394


Oct 06, 2022 9:58:42 AM java.util.logging.LogManager$RootLogger log
INFO: Start of solver :getOutputSignals() : Thu Oct 06 09:58:42 EET 2022


Oct 06, 2022 9:58:42 AM java.util.logging.LogManager$RootLogger log
INFO: 
timeout(reserved_resource_group_output_signals([reserved([can,_,global],'global_can$0435288881$0'),
reserved([scu,0,clkctrl,0,pll],'clock_xmc4$01551378862$0'),
reserved([scu,0,clkctrl,0,sys],'clock_xmc4$01551375569$0'),
reserved([scu,0,clkctrl,0,cpu],'clock_xmc4$01551391222$0'),
reserved([scu,0,clkctrl,0,perbridge],'clock_xmc4$494804424$0'),
reserved([scu,0,clkctrl,0,ebu],'clock_xmc4$01551389734$0'),
reserved([scu,0,clkctrl,0,ccu],'clock_xmc4$01551391625$0'),
reserved([scu,0,clkctrl,0,wdt],'clock_xmc4$01551372375$0'),
reserved([scu,0,clkctrl,0,usb],'clock_xmc4$01551373850$0'),
reserved([scu,0,clkctrl,0,sdmmc],'clock_xmc4$01551381723$0'),
reserved([scu,0,pwrctrl,0,hibernate],'clock_xmc4$0778278092$0'),
reserved([scu,0,rtcclksel],'clock_xmc4$1142722683$0'),
reserved([scu,0,trap,0,sysoscwd],'clock_xmc4$1091210735$0'),
reserved([scu,0,trap,0,sysvcolock],'clock_xmc4$1586947406$0'),
reserved([scu,0,trap,0,usbvcolock],'clock_xmc4$0261647995$0'),
reserved([scu,0,trap,0,ulpwdg],'clock_xmc4$01047137491$0'),
reserved([p,_,pad,_],'can_node$0829860$0'),
reserved([p,_,pad,_],'can_node$0829798$0'),
reserved([can,_,node,_],'can_node$1758010900$0'),
reserved([can,_,mo,_],'can_node$01337162187$0'),
reserved([can,_,mo,_],'can_node$01337162186$0'),
reserved([devicepackage,0,_],'can_node$788881170$0'),
uri([devicepackage,0,f2],'can_node$788881170$0'),
reserved([devicepackage,0,_],'can_node$788881232$0'),
uri([devicepackage,0,d3],'can_node$788881232$0'),
reserved([ccu4,GLOBAL_CCU40sv0,global],'global_ccu4$01760137752$0'),
reserved([scu,_,gcu,ccu4_global_enable,GLOBAL_CCU40sv0],'global_ccu4$89752826$0'),
reserved([ccu4,_,cc4,_],'timer$844337652$0'),
reserved([cpu,0,exception,nmi],'cpu_ctrl_xmc4$01637679009$0'),
reserved([cpu,0,exception,hardfault],'cpu_ctrl_xmc4$0571328980$0'),
reserved([cpu,0,exception,memmanage],'cpu_ctrl_xmc4$1768468879$0'),
reserved([cpu,0,exception,busfault],'cpu_ctrl_xmc4$1763234541$0'),
reserved([cpu,0,exception,usagefault],'cpu_ctrl_xmc4$1814460844$0'),
reserved([cpu,0,debug],'cpu_ctrl_xmc4$1964564605$0'),
reserved([debug_port,_,pad,_],'cpu_ctrl_xmc4$01540614004$0'),
reserved([debug_port,_,pad,_],'cpu_ctrl_xmc4$01540614322$0'),
reserved([cpu,0,nvic,interrupt,_],'interrupt$01436523993$0'),
reserved([cpu,0,nvic,interrupt,_],'interrupt$01947058170$1'),
reserved([usic,_,channel,_],'spi_master$502965524$0'),
reserved([p,SPI_MASTER0sv0,pad,_],'spi_master$01389259346$0'),
reserved([p,_,pad,_],'spi_master$01389259345$0'),
reserved([p,_,pad,_],'spi_master$562750778$0'),
reserved([p,_,pad,_],'spi_master$454601686$0'),
reserved([devicepackage,0,_],'spi_master$01515434204$0'),
uri([devicepackage,0,k8],'spi_master$01515434204$0'),
reserved([devicepackage,0,_],'spi_master$01515434203$0'),
uri([devicepackage,0,k9],'spi_master$01515434203$0'),
reserved([devicepackage,0,_],'spi_master$946297476$0'),
uri([devicepackage,0,f12],'spi_master$946297476$0'),
reserved([devicepackage,0,_],'spi_master$1656703692$0'),
reserved([p,DIGITAL_IO0sv0,pad,_],'digital_io$01383135420$0'),
reserved([devicepackage,0,_],'digital_io$36800462$0'),
uri([devicepackage,0,f9],'digital_io$36800462$0'),
signal('clock_xmc4$494804424$0',fpb,'clock_xmc4$494804424$0$fpb'),
signal('clock_xmc4$01551391625$0',fccu,'clock_xmc4$01551391625$0$fccu'),
signal('can_node$1758010900$0',rxd,'can_node$1758010900$0$rxd'),
signal('can_node$1758010900$0',txd,'can_node$1758010900$0$txd'),
signal('can_node$0829860$0',pad,'can_node$0829860$0$pad'),
signal('can_node$0829798$0',pad,'can_node$0829798$0$pad'),
signal('can_node$1758010900$0',alinp,'can_node$1758010900$0$alinp'),
signal('can_node$01337162186$0',rxinp,'can_node$01337162186$0$rxinp'),
signal('can_node$788881170$0',pin,'can_node$788881170$0$pin'),
signal('can_node$788881232$0',pin,'can_node$788881232$0$pin'),
signal('global_ccu4$01760137752$0',global_signal,'global_ccu4$01760137752$0$global_signal'),
signal('global_ccu4$01760137752$0',clk,'global_ccu4$01760137752$0$clk'),
signal('global_ccu4$89752826$0',gsc_enable,'global_ccu4$89752826$0$gsc_enable'),
signal('timer$844337652$0',pmus_omds,'timer$844337652$0$pmus_omds'),
signal('timer$844337652$0',global_signal,'timer$844337652$0$global_signal'),
signal('cpu_ctrl_xmc4$01637679009$0',nmi_in,'cpu_ctrl_xmc4$01637679009$0$nmi_in'),
signal('cpu_ctrl_xmc4$1964564605$0',db_tck,'cpu_ctrl_xmc4$1964564605$0$db_tck'),
signal('cpu_ctrl_xmc4$1964564605$0',db_tms,'cpu_ctrl_xmc4$1964564605$0$db_tms'),
signal('interrupt$01436523993$0',signal_in,'interrupt$01436523993$0$signal_in'),
signal('interrupt$01947058170$1',signal_in,'interrupt$01947058170$1$signal_in'),
signal('spi_master$502965524$0',dx0ins,'spi_master$502965524$0$dx0ins'),
signal('spi_master$502965524$0',dout0,'spi_master$502965524$0$dout0'),
signal('spi_master$502965524$0',dout1,'spi_master$502965524$0$dout1'),
signal('spi_master$502965524$0',dout2,'spi_master$502965524$0$dout2'),
signal('spi_master$502965524$0',dout3,'spi_master$502965524$0$dout3'),
signal('spi_master$01389259346$0',pad,'spi_master$01389259346$0$pad'),
signal('spi_master$01389259345$0',pad,'spi_master$01389259345$0$pad'),
signal('spi_master$562750778$0',pad,'spi_master$562750778$0$pad'),
signal('spi_master$502965524$0',sclkout,'spi_master$502965524$0$sclkout'),
signal('spi_master$502965524$0',SPI_MASTER0sv2,'spi_master$502965524$0$SPI_MASTER0sv2'),
signal('spi_master$454601686$0',pad,'spi_master$454601686$0$pad'),
signal('spi_master$502965524$0',protocol_specific_int,'spi_master$502965524$0$protocol_specific_int'),
signal('spi_master$502965524$0',standard_transmit_buffer_int,'spi_master$502965524$0$standard_transmit_buffer_int'),
signal('spi_master$502965524$0',standard_receive_buffer_int,'spi_master$502965524$0$standard_receive_buffer_int'),
signal('spi_master$502965524$0',alternate_receive_buffer_int,'spi_master$502965524$0$alternate_receive_buffer_int'),
signal('spi_master$01389259346$0',hw_o,'spi_master$01389259346$0$hw_o'),
signal('spi_master$01389259345$0',hw_o,'spi_master$01389259345$0$hw_o'),
signal('spi_master$01515434204$0',pin,'spi_master$01515434204$0$pin'),
signal('spi_master$01515434203$0',pin,'spi_master$01515434203$0$pin'),
signal('spi_master$946297476$0',pin,'spi_master$946297476$0$pin'),
signal('spi_master$1656703692$0',pin,'spi_master$1656703692$0$pin'),
signal('digital_io$01383135420$0',swreg_out,'digital_io$01383135420$0$swreg_out'),
signal('digital_io$01383135420$0',pad,'digital_io$01383135420$0$pad'),
signal('digital_io$36800462$0',pin,'digital_io$36800462$0$pin'),
connected('can_node$788881170$0$pin','can_node$0829860$0$pad',1),
connected('can_node$788881232$0$pin','can_node$0829798$0$pad',1),
connected('can_node$0829860$0$pad','can_node$788881170$0$pin',1),
connected('can_node$0829860$0$pad','can_node$1758010900$0$rxd',1),
connected('can_node$1758010900$0$txd','can_node$0829798$0$pad',1),
connected('can_node$0829798$0$pad','can_node$788881232$0$pin',1),
connected('can_node$01337162186$0$rxinp','interrupt$01947058170$1$signal_in',1),
connected('clock_xmc4$01551391625$0$fccu','global_ccu4$01760137752$0$clk',1),
connected('timer$844337652$0$pmus_omds','interrupt$01436523993$0$signal_in',1),
connected('global_ccu4$01760137752$0$global_signal','timer$844337652$0$global_signal',1),
connected('spi_master$01515434204$0$pin','spi_master$01389259346$0$pad',1),
connected('spi_master$01515434203$0$pin','spi_master$01389259345$0$pad',1),
connected('spi_master$946297476$0$pin','spi_master$562750778$0$pad',1),
connected('spi_master$1656703692$0$pin','spi_master$454601686$0$pad',1),
connected('spi_master$502965524$0$dout0','spi_master$01389259346$0$pad',1),
connected('spi_master$01389259346$0$pad','spi_master$01515434204$0$pin',1),
connected('spi_master$01389259345$0$pad','spi_master$01515434203$0$pin',1),
connected('spi_master$01389259345$0$pad','spi_master$502965524$0$dx0ins',1),
connected('spi_master$562750778$0$pad','spi_master$946297476$0$pin',1),
connected('spi_master$502965524$0$sclkout','spi_master$562750778$0$pad',1),
connected('spi_master$454601686$0$pad','spi_master$1656703692$0$pin',1),
connected('spi_master$502965524$0$SPI_MASTER0sv2','spi_master$454601686$0$pad',1),
connected('digital_io$36800462$0$pin','digital_io$01383135420$0$pad',1),
connected('digital_io$01383135420$0$pad','digital_io$36800462$0$pin',1),
rg_constraint_property_value('spi_master$562750778$0', speed_class of rg_property, ['A1','A1+','A2']),
rg_constraint_property_value('spi_master$01389259345$0', speed_class of rg_property, ['A1','A1+','A2']),
uri_element_range(SPI_MASTER0sv0,[0, 1, 2, 3, 4, 5, 6, 7, 8, 9, 14, 15]),
rg_constraint_property_value('spi_master$01389259346$0', speed_class of rg_property, ['A1','A1+','A2']),
uri_element_range(SPI_MASTER0sv2,[selo0, selo1, selo2, selo3, selo4, selo5, selo6, selo7]),
register_value('spi_master$502965524$0',ccr_hpcen,0),
register_value('spi_master$502965524$0',tbctr_size,5),
register_value('spi_master$502965524$0',rbctr_size,5),
uri_element_range(DIGITAL_IO0sv0,[0, 1, 2, 3, 4, 5, 6, 7, 8, 9]),
register_value('digital_io$01383135420$0',iocr_oe,1),
rg_constraint_property_value('digital_io$01383135420$0', speed_class of rg_property, ['A1','A1+','A2'])], 'can_node','0', Output_signals),15,writeln(timeout),all_solution, Timer, Due, Remainder).



Oct 06, 2022 9:58:43 AM java.util.logging.LogManager$RootLogger log
INFO: 
End of solver : getOutputSignals() :  Difference in ms 365


